<?xml version="1.0" encoding="UTF-8"?>
<TestRun id="c8d8e5fa-ed08-4a75-aad5-554b4ddcbd8f" name="kemack@KEMACK 2017-01-24 12:02:49" runUser="NORTHAMERICA\kemack" xmlns="http://microsoft.com/schemas/VisualStudio/TeamTest/2010">
  <TestSettings name="Local" id="10d887a4-c2d1-4de1-a6de-dadd07806082">
    <Description>These are default test settings for a local test run.</Description>
    <Execution>
      <TestTypeSpecific />
      <AgentRule name="Execution Agents">
      </AgentRule>
    </Execution>
    <Deployment runDeploymentRoot="kemack_KEMACK 2017-01-24 12_02_49" />
    <Properties>
      <Property name="TestSettingsUIType" value="LoadTest" />
    </Properties>
  </TestSettings>
  <Times creation="2017-01-24T12:02:49.0102750-05:00" queuing="2017-01-24T12:02:49.4522484-05:00" start="2017-01-24T12:02:49.5422413-05:00" finish="2017-01-24T12:03:12.0959449-05:00" />
  <ResultSummary outcome="Failed">
    <Counters total="1" executed="1" error="0" failed="1" timeout="0" aborted="0" inconclusive="0" passedButRunAborted="0" notRunnable="0" notExecuted="0" disconnected="0" warning="0" passed="0" completed="0" inProgress="0" pending="0" />
  </ResultSummary>
  <TestDefinitions>
    <WebTest name="WebTest1" storage="c:\users\kemack\documents\visual studio 2015\projects\applicationinsightsdemo\carestest\webtest1.webtest" id="609af830-fef4-4037-ba11-041f62eb4370" persistedWebTest="77u/PD94bWwgdmVyc2lvbj0iMS4wIiBlbmNvZGluZz0iVVRGLTgiIHN0YW5kYWxvbmU9InllcyI/Pg0KPFdlYlRlc3QgTmFtZT0iV2ViVGVzdDEiIElkPSI2MDlhZjgzMC1mZWY0LTQwMzctYmExMS0wNDFmNjJlYjQzNzAiIE93bmVyPSIiIFByaW9yaXR5PSIyMTQ3NDgzNjQ3IiBFbmFibGVkPSJUcnVlIiBDc3NQcm9qZWN0U3RydWN0dXJlPSIiIENzc0l0ZXJhdGlvbj0iIiBUaW1lb3V0PSIwIiBXb3JrSXRlbUlkcz0iIiB4bWxucz0iaHR0cDovL21pY3Jvc29mdC5jb20vc2NoZW1hcy9WaXN1YWxTdHVkaW8vVGVhbVRlc3QvMjAxMCIgRGVzY3JpcHRpb249IiIgQ3JlZGVudGlhbFVzZXJOYW1lPSIiIENyZWRlbnRpYWxQYXNzd29yZD0iIiBQcmVBdXRoZW50aWNhdGU9IlRydWUiIFByb3h5PSJkZWZhdWx0IiBTdG9wT25FcnJvcj0iRmFsc2UiIFJlY29yZGVkUmVzdWx0RmlsZT0iV2ViVGVzdDEuYmMxYTkyMTEtMjViOS00YjRhLWExZjEtOWNkZjBmYTdlNTkyLnJlYy53ZWJ0ZXN0cmVzdWx0IiBSZXN1bHRzTG9jYWxlPSIiPg0KICA8SXRlbXM+DQogICAgPFJlcXVlc3QgTWV0aG9kPSJHRVQiIEd1aWQ9ImMzODU1MDY5LTYzYmYtNDRkNy1hMDlhLWE4ZGE4ODczNzVlOSIgVmVyc2lvbj0iMS4xIiBVcmw9Imh0dHA6Ly9rbWFja2FpZC5henVyZXdlYnNpdGVzLm5ldC8iIFRoaW5rVGltZT0iMiIgVGltZW91dD0iMzAwIiBQYXJzZURlcGVuZGVudFJlcXVlc3RzPSJUcnVlIiBGb2xsb3dSZWRpcmVjdHM9IlRydWUiIFJlY29yZFJlc3VsdD0iVHJ1ZSIgQ2FjaGU9IkZhbHNlIiBSZXNwb25zZVRpbWVHb2FsPSIwIiBFbmNvZGluZz0idXRmLTgiIEV4cGVjdGVkSHR0cFN0YXR1c0NvZGU9IjAiIEV4cGVjdGVkUmVzcG9uc2VVcmw9IiIgUmVwb3J0aW5nTmFtZT0iIiBJZ25vcmVIdHRwU3RhdHVzQ29kZT0iRmFsc2UiIC8+DQogICAgPFJlcXVlc3QgTWV0aG9kPSJHRVQiIEd1aWQ9ImMxYTM1NzQ2LWZhODItNDM0Ny1hYzcxLTliYTFkZDk5MmVmOSIgVmVyc2lvbj0iMS4xIiBVcmw9Imh0dHA6Ly9rbWFja2FpZC5henVyZXdlYnNpdGVzLm5ldC8iIFRoaW5rVGltZT0iNSIgVGltZW91dD0iMzAwIiBQYXJzZURlcGVuZGVudFJlcXVlc3RzPSJUcnVlIiBGb2xsb3dSZWRpcmVjdHM9IlRydWUiIFJlY29yZFJlc3VsdD0iVHJ1ZSIgQ2FjaGU9IkZhbHNlIiBSZXNwb25zZVRpbWVHb2FsPSIwIiBFbmNvZGluZz0idXRmLTgiIEV4cGVjdGVkSHR0cFN0YXR1c0NvZGU9IjAiIEV4cGVjdGVkUmVzcG9uc2VVcmw9IiIgUmVwb3J0aW5nTmFtZT0iIiBJZ25vcmVIdHRwU3RhdHVzQ29kZT0iRmFsc2UiPg0KICAgICAgPEhlYWRlcnM+DQogICAgICAgIDxIZWFkZXIgTmFtZT0iUmVmZXJlciIgVmFsdWU9Imh0dHA6Ly9rbWFja2FpZC5henVyZXdlYnNpdGVzLm5ldC8iIC8+DQogICAgICA8L0hlYWRlcnM+DQogICAgPC9SZXF1ZXN0Pg0KICAgIDxSZXF1ZXN0IE1ldGhvZD0iR0VUIiBHdWlkPSIxNzg4ZWNlYi0xYTg3LTRkNTItODYyNy03MWE3MWU0OWViNjgiIFZlcnNpb249IjEuMSIgVXJsPSJodHRwOi8va21hY2thaWQuYXp1cmV3ZWJzaXRlcy5uZXQvSG9tZS9BYm91dCIgVGhpbmtUaW1lPSIwIiBUaW1lb3V0PSIzMDAiIFBhcnNlRGVwZW5kZW50UmVxdWVzdHM9IlRydWUiIEZvbGxvd1JlZGlyZWN0cz0iVHJ1ZSIgUmVjb3JkUmVzdWx0PSJUcnVlIiBDYWNoZT0iRmFsc2UiIFJlc3BvbnNlVGltZUdvYWw9IjAiIEVuY29kaW5nPSJ1dGYtOCIgRXhwZWN0ZWRIdHRwU3RhdHVzQ29kZT0iMCIgRXhwZWN0ZWRSZXNwb25zZVVybD0iIiBSZXBvcnRpbmdOYW1lPSIiIElnbm9yZUh0dHBTdGF0dXNDb2RlPSJGYWxzZSI+DQogICAgICA8SGVhZGVycz4NCiAgICAgICAgPEhlYWRlciBOYW1lPSJSZWZlcmVyIiBWYWx1ZT0iaHR0cDovL2ttYWNrYWlkLmF6dXJld2Vic2l0ZXMubmV0LyIgLz4NCiAgICAgIDwvSGVhZGVycz4NCiAgICA8L1JlcXVlc3Q+DQogICAgPFJlcXVlc3QgTWV0aG9kPSJPUFRJT05TIiBHdWlkPSI5YTc5YjJlYi05NDQ1LTRkZmQtOTg2Mi0zNjM2ZDU3NmM1ZjUiIFZlcnNpb249IjEuMSIgVXJsPSJodHRwczovL2RjLnNlcnZpY2VzLnZpc3VhbHN0dWRpby5jb20vdjIvdHJhY2siIFRoaW5rVGltZT0iMCIgVGltZW91dD0iMzAwIiBQYXJzZURlcGVuZGVudFJlcXVlc3RzPSJUcnVlIiBGb2xsb3dSZWRpcmVjdHM9IlRydWUiIFJlY29yZFJlc3VsdD0iVHJ1ZSIgQ2FjaGU9IkZhbHNlIiBSZXNwb25zZVRpbWVHb2FsPSIwIiBFbmNvZGluZz0idXRmLTgiIEV4cGVjdGVkSHR0cFN0YXR1c0NvZGU9IjAiIEV4cGVjdGVkUmVzcG9uc2VVcmw9IiIgUmVwb3J0aW5nTmFtZT0iIiBJZ25vcmVIdHRwU3RhdHVzQ29kZT0iRmFsc2UiPg0KICAgICAgPFN0cmluZ0h0dHBCb2R5IENvbnRlbnRUeXBlPSIiIEluc2VydEJ5dGVPcmRlck1hcms9IkZhbHNlIj4NCiAgICAgIDwvU3RyaW5nSHR0cEJvZHk+DQogICAgPC9SZXF1ZXN0Pg0KICAgIDxSZXF1ZXN0IE1ldGhvZD0iUE9TVCIgR3VpZD0iYTAyMGI2MmYtMDZkMC00M2I1LTllMTgtOWI1NWJmMmE5Mjk4IiBWZXJzaW9uPSIxLjEiIFVybD0iaHR0cHM6Ly9kYy5zZXJ2aWNlcy52aXN1YWxzdHVkaW8uY29tL3YyL3RyYWNrIiBUaGlua1RpbWU9IjAiIFRpbWVvdXQ9IjMwMCIgUGFyc2VEZXBlbmRlbnRSZXF1ZXN0cz0iVHJ1ZSIgRm9sbG93UmVkaXJlY3RzPSJUcnVlIiBSZWNvcmRSZXN1bHQ9IlRydWUiIENhY2hlPSJGYWxzZSIgUmVzcG9uc2VUaW1lR29hbD0iMCIgRW5jb2Rpbmc9InV0Zi04IiBFeHBlY3RlZEh0dHBTdGF0dXNDb2RlPSIwIiBFeHBlY3RlZFJlc3BvbnNlVXJsPSIiIFJlcG9ydGluZ05hbWU9IiIgSWdub3JlSHR0cFN0YXR1c0NvZGU9IkZhbHNlIj4NCiAgICAgIDxIZWFkZXJzPg0KICAgICAgICA8SGVhZGVyIE5hbWU9IlJlZmVyZXIiIFZhbHVlPSJodHRwOi8va21hY2thaWQuYXp1cmV3ZWJzaXRlcy5uZXQvSG9tZS9BYm91dCIgLz4NCiAgICAgIDwvSGVhZGVycz4NCiAgICAgIDxTdHJpbmdIdHRwQm9keSBDb250ZW50VHlwZT0iYXBwbGljYXRpb24vanNvbiIgSW5zZXJ0Qnl0ZU9yZGVyTWFyaz0iRmFsc2UiPld3QjdBQ0lBZEFCcEFHMEFaUUFpQURvQUlnQXlBREFBTVFBM0FDMEFNQUF4QUMwQU1nQTBBRlFBTVFBMkFEb0FOQUE1QURvQU13QTNBQzRBT1FBMkFETUFXZ0FpQUN3QUlnQnBBRXNBWlFCNUFDSUFPZ0FpQUY4QVh3QkpBRzRBY3dCMEFISUFkUUJ0QUdVQWJnQjBBRXNBWlFCNUFGOEFYd0FpQUN3QUlnQnVBR0VBYlFCbEFDSUFPZ0FpQUUwQWFRQmpBSElBYndCekFHOEFaZ0IwQUM0QVFRQndBSEFBYkFCcEFHTUFZUUIwQUdrQWJ3QnVBRWtBYmdCekFHa0Fad0JvQUhRQWN3QXVBRjhBWHdCSkFHNEFjd0IwQUhJQWRRQnRBR1VBYmdCMEFFc0FaUUI1QUY4QVh3QXVBRkFBWVFCbkFHVUFkZ0JwQUdVQWR3QWlBQ3dBSWdCMEFHRUFad0J6QUNJQU9nQjdBQ0lBWVFCcEFDNEFjd0JsQUhNQWN3QnBBRzhBYmdBdUFHa0FaQUFpQURvQUlnQXpBRGdBV0FCRUFFa0FJZ0FzQUNJQVlRQnBBQzRBWkFCbEFIWUFhUUJqQUdVQUxnQnBBR1FBSWdBNkFDSUFZZ0J5QUc4QWR3QnpBR1VBY2dBaUFDd0FJZ0JoQUdrQUxnQmtBR1VBZGdCcEFHTUFaUUF1QUhRQWVRQndBR1VBSWdBNkFDSUFRZ0J5QUc4QWR3QnpBR1VBY2dBaUFDd0FJZ0JoQUdrQUxnQnBBRzRBZEFCbEFISUFiZ0JoQUd3QUxnQnpBR1FBYXdCV0FHVUFjZ0J6QUdrQWJ3QnVBQ0lBT2dBaUFHb0FZUUIyQUdFQWN3QmpBSElBYVFCd0FIUUFPZ0F4QUM0QU1BQXVBRGNBSWdBc0FDSUFZUUJwQUM0QWRRQnpBR1VBY2dBdUFHa0FaQUFpQURvQUlnQktBR1lBWmdBdkFEY0FJZ0FzQUNJQVlRQnBBQzRBYndCd0FHVUFjZ0JoQUhRQWFRQnZBRzRBTGdCcEFHUUFJZ0E2QUNJQU53QlNBSGNBZWdBaUFDd0FJZ0JoQUdrQUxnQnZBSEFBWlFCeUFHRUFkQUJwQUc4QWJnQXVBRzRBWVFCdEFHVUFJZ0E2QUNJQUx3QWlBSDBBTEFBaUFHUUFZUUIwQUdFQUlnQTZBSHNBSWdCaUFHRUFjd0JsQUZRQWVRQndBR1VBSWdBNkFDSUFVQUJoQUdjQVpRQjJBR2tBWlFCM0FFUUFZUUIwQUdFQUlnQXNBQ0lBWWdCaEFITUFaUUJFQUdFQWRBQmhBQ0lBT2dCN0FDSUFkZ0JsQUhJQUlnQTZBRElBTEFBaUFHNEFZUUJ0QUdVQUlnQTZBQ0lBU0FCdkFHMEFaUUFnQUZBQVlRQm5BR1VBSUFBdEFDQUFUUUI1QUNBQVFRQlRBRkFBTGdCT0FFVUFWQUFnQUVFQWNBQndBR3dBYVFCakFHRUFkQUJwQUc4QWJnQWlBQ3dBSWdCMUFISUFiQUFpQURvQUlnQm9BSFFBZEFCd0FEb0FMd0F2QUdzQWJRQmhBR01BYXdCaEFHa0FaQUF1QUdFQWVnQjFBSElBWlFCM0FHVUFZZ0J6QUdrQWRBQmxBSE1BTGdCdUFHVUFkQUF2QUNJQUxBQWlBR1FBZFFCeUFHRUFkQUJwQUc4QWJnQWlBRG9BSWdBd0FEQUFPZ0F3QURBQU9nQXdBRFFBTGdBMEFEVUFOZ0FpQUgwQWZRQjlBQ3dBZXdBaUFIUUFhUUJ0QUdVQUlnQTZBQ0lBTWdBd0FERUFOd0F0QURBQU1RQXRBRElBTkFCVUFERUFOZ0E2QURRQU9RQTZBRE1BTndBdUFEa0FPQUF3QUZvQUlnQXNBQ0lBYVFCTEFHVUFlUUFpQURvQUlnQmZBRjhBU1FCdUFITUFkQUJ5QUhVQWJRQmxBRzRBZEFCTEFHVUFlUUJmQUY4QUlnQXNBQ0lBYmdCaEFHMEFaUUFpQURvQUlnQk5BR2tBWXdCeUFHOEFjd0J2QUdZQWRBQXVBRUVBY0FCd0FHd0FhUUJqQUdFQWRBQnBBRzhBYmdCSkFHNEFjd0JwQUdjQWFBQjBBSE1BTGdCZkFGOEFTUUJ1QUhNQWRBQnlBSFVBYlFCbEFHNEFkQUJMQUdVQWVRQmZBRjhBTGdCUUFHRUFad0JsQUhZQWFRQmxBSGNBVUFCbEFISUFaZ0J2QUhJQWJRQmhBRzRBWXdCbEFDSUFMQUFpQUhRQVlRQm5BSE1BSWdBNkFIc0FJZ0JoQUdrQUxnQnpBR1VBY3dCekFHa0Fid0J1QUM0QWFRQmtBQ0lBT2dBaUFETUFPQUJZQUVRQVNRQWlBQ3dBSWdCaEFHa0FMZ0JrQUdVQWRnQnBBR01BWlFBdUFHa0FaQUFpQURvQUlnQmlBSElBYndCM0FITUFaUUJ5QUNJQUxBQWlBR0VBYVFBdUFHUUFaUUIyQUdrQVl3QmxBQzRBZEFCNUFIQUFaUUFpQURvQUlnQkNBSElBYndCM0FITUFaUUJ5QUNJQUxBQWlBR0VBYVFBdUFHa0FiZ0IwQUdVQWNnQnVBR0VBYkFBdUFITUFaQUJyQUZZQVpRQnlBSE1BYVFCdkFHNEFJZ0E2QUNJQWFnQmhBSFlBWVFCekFHTUFjZ0JwQUhBQWRBQTZBREVBTGdBd0FDNEFOd0FpQUN3QUlnQmhBR2tBTGdCMUFITUFaUUJ5QUM0QWFRQmtBQ0lBT2dBaUFFb0FaZ0JtQUM4QU53QWlBQ3dBSWdCaEFHa0FMZ0J2QUhBQVpRQnlBR0VBZEFCcEFHOEFiZ0F1QUdrQVpBQWlBRG9BSWdBM0FGSUFkd0I2QUNJQUxBQWlBR0VBYVFBdUFHOEFjQUJsQUhJQVlRQjBBR2tBYndCdUFDNEFiZ0JoQUcwQVpRQWlBRG9BSWdBdkFDSUFmUUFzQUNJQVpBQmhBSFFBWVFBaUFEb0Fld0FpQUdJQVlRQnpBR1VBVkFCNUFIQUFaUUFpQURvQUlnQlFBR0VBWndCbEFIWUFhUUJsQUhjQVVBQmxBSElBWmdCdkFISUFiUUJoQUc0QVl3QmxBRVFBWVFCMEFHRUFJZ0FzQUNJQVlnQmhBSE1BWlFCRUFHRUFkQUJoQUNJQU9nQjdBQ0lBZGdCbEFISUFJZ0E2QURJQUxBQWlBRzRBWVFCdEFHVUFJZ0E2QUNJQVNBQnZBRzBBWlFBZ0FGQUFZUUJuQUdVQUlBQXRBQ0FBVFFCNUFDQUFRUUJUQUZBQUxnQk9BRVVBVkFBZ0FFRUFjQUJ3QUd3QWFRQmpBR0VBZEFCcEFHOEFiZ0FpQUN3QUlnQjFBSElBYkFBaUFEb0FJZ0JvQUhRQWRBQndBRG9BTHdBdkFHc0FiUUJoQUdNQWF3QmhBR2tBWkFBdUFHRUFlZ0IxQUhJQVpRQjNBR1VBWWdCekFHa0FkQUJsQUhNQUxnQnVBR1VBZEFBdkFDSUFMQUFpQUdRQWRRQnlBR0VBZEFCcEFHOEFiZ0FpQURvQUlnQXdBREFBT2dBd0FEQUFPZ0F3QURRQUxnQTBBRFVBTmdBaUFDd0FJZ0J3QUdVQWNnQm1BRlFBYndCMEFHRUFiQUFpQURvQUlnQXdBREFBT2dBd0FEQUFPZ0F3QURRQUxnQTBBRFVBTmdBaUFDd0FJZ0J1QUdVQWRBQjNBRzhBY2dCckFFTUFid0J1QUc0QVpRQmpBSFFBSWdBNkFDSUFNQUF3QURvQU1BQXdBRG9BTUFBd0FDNEFNQUF3QURJQUlnQXNBQ0lBY3dCbEFHNEFkQUJTQUdVQWNRQjFBR1VBY3dCMEFDSUFPZ0FpQURBQU1BQTZBREFBTUFBNkFEQUFNQUF1QURBQU1BQXlBQ0lBTEFBaUFISUFaUUJqQUdVQWFRQjJBR1VBWkFCU0FHVUFjd0J3QUc4QWJnQnpBR1VBSWdBNkFDSUFNQUF3QURvQU1BQXdBRG9BTUFBd0FDNEFNQUF3QURZQUlnQXNBQ0lBWkFCdkFHMEFVQUJ5QUc4QVl3QmxBSE1BY3dCcEFHNEFad0FpQURvQUlnQXdBREFBT2dBd0FEQUFPZ0F3QURNQUxnQTJBRElBTndBaUFIMEFmUUI5QUN3QWV3QWlBSFFBYVFCdEFHVUFJZ0E2QUNJQU1nQXdBREVBTndBdEFEQUFNUUF0QURJQU5BQlVBREVBTmdBNkFEUUFPUUE2QURRQU1BQXVBRFlBTVFBekFGb0FJZ0FzQUNJQWFRQkxBR1VBZVFBaUFEb0FJZ0JmQUY4QVNRQnVBSE1BZEFCeUFIVUFiUUJsQUc0QWRBQkxBR1VBZVFCZkFGOEFJZ0FzQUNJQWJnQmhBRzBBWlFBaUFEb0FJZ0JOQUdrQVl3QnlBRzhBY3dCdkFHWUFkQUF1QUVFQWNBQndBR3dBYVFCakFHRUFkQUJwQUc4QWJnQkpBRzRBY3dCcEFHY0FhQUIwQUhNQUxnQmZBRjhBU1FCdUFITUFkQUJ5QUhVQWJRQmxBRzRBZEFCTEFHVUFlUUJmQUY4QUxnQlFBR0VBWndCbEFIWUFhUUJsQUhjQUlnQXNBQ0lBZEFCaEFHY0Fjd0FpQURvQWV3QWlBR0VBYVFBdUFITUFaUUJ6QUhNQWFRQnZBRzRBTGdCcEFHUUFJZ0E2QUNJQU13QTRBRmdBUkFCSkFDSUFMQUFpQUdFQWFRQXVBR1FBWlFCMkFHa0FZd0JsQUM0QWFRQmtBQ0lBT2dBaUFHSUFjZ0J2QUhjQWN3QmxBSElBSWdBc0FDSUFZUUJwQUM0QVpBQmxBSFlBYVFCakFHVUFMZ0IwQUhrQWNBQmxBQ0lBT2dBaUFFSUFjZ0J2QUhjQWN3QmxBSElBSWdBc0FDSUFZUUJwQUM0QWFRQnVBSFFBWlFCeUFHNEFZUUJzQUM0QWN3QmtBR3NBVmdCbEFISUFjd0JwQUc4QWJnQWlBRG9BSWdCcUFHRUFkZ0JoQUhNQVl3QnlBR2tBY0FCMEFEb0FNUUF1QURBQUxnQTNBQ0lBTEFBaUFHRUFhUUF1QUhVQWN3QmxBSElBTGdCcEFHUUFJZ0E2QUNJQVNnQm1BR1lBTHdBM0FDSUFMQUFpQUdFQWFRQXVBRzhBY0FCbEFISUFZUUIwQUdrQWJ3QnVBQzRBYVFCa0FDSUFPZ0FpQURBQU53QlpBRllBY0FBaUFDd0FJZ0JoQUdrQUxnQnZBSEFBWlFCeUFHRUFkQUJwQUc4QWJnQXVBRzRBWVFCdEFHVUFJZ0E2QUNJQUx3QklBRzhBYlFCbEFDOEFRUUJpQUc4QWRRQjBBQ0lBZlFBc0FDSUFaQUJoQUhRQVlRQWlBRG9BZXdBaUFHSUFZUUJ6QUdVQVZBQjVBSEFBWlFBaUFEb0FJZ0JRQUdFQVp3QmxBSFlBYVFCbEFIY0FSQUJoQUhRQVlRQWlBQ3dBSWdCaUFHRUFjd0JsQUVRQVlRQjBBR0VBSWdBNkFIc0FJZ0IyQUdVQWNnQWlBRG9BTWdBc0FDSUFiZ0JoQUcwQVpRQWlBRG9BSWdCQkFHSUFid0IxQUhRQUlBQXRBQ0FBVFFCNUFDQUFRUUJUQUZBQUxnQk9BRVVBVkFBZ0FFRUFjQUJ3QUd3QWFRQmpBR0VBZEFCcEFHOEFiZ0FpQUN3QUlnQjFBSElBYkFBaUFEb0FJZ0JvQUhRQWRBQndBRG9BTHdBdkFHc0FiUUJoQUdNQWF3QmhBR2tBWkFBdUFHRUFlZ0IxQUhJQVpRQjNBR1VBWWdCekFHa0FkQUJsQUhNQUxnQnVBR1VBZEFBdkFFZ0Fid0J0QUdVQUx3QkJBR0lBYndCMUFIUUFJZ0FzQUNJQVpBQjFBSElBWVFCMEFHa0Fid0J1QUNJQU9nQWlBREFBTUFBNkFEQUFNQUE2QURBQU1RQXVBREVBTlFBeEFDSUFmUUI5QUgwQUxBQjdBQ0lBZEFCcEFHMEFaUUFpQURvQUlnQXlBREFBTVFBM0FDMEFNQUF4QUMwQU1nQTBBRlFBTVFBMkFEb0FOQUE1QURvQU5BQXdBQzRBTmdBeEFEY0FXZ0FpQUN3QUlnQnBBRXNBWlFCNUFDSUFPZ0FpQUY4QVh3QkpBRzRBY3dCMEFISUFkUUJ0QUdVQWJnQjBBRXNBWlFCNUFGOEFYd0FpQUN3QUlnQnVBR0VBYlFCbEFDSUFPZ0FpQUUwQWFRQmpBSElBYndCekFHOEFaZ0IwQUM0QVFRQndBSEFBYkFCcEFHTUFZUUIwQUdrQWJ3QnVBRWtBYmdCekFHa0Fad0JvQUhRQWN3QXVBRjhBWHdCSkFHNEFjd0IwQUhJQWRRQnRBR1VBYmdCMEFFc0FaUUI1QUY4QVh3QXVBRkFBWVFCbkFHVUFkZ0JwQUdVQWR3QlFBR1VBY2dCbUFHOEFjZ0J0QUdFQWJnQmpBR1VBSWdBc0FDSUFkQUJoQUdjQWN3QWlBRG9BZXdBaUFHRUFhUUF1QUhNQVpRQnpBSE1BYVFCdkFHNEFMZ0JwQUdRQUlnQTZBQ0lBTXdBNEFGZ0FSQUJKQUNJQUxBQWlBR0VBYVFBdUFHUUFaUUIyQUdrQVl3QmxBQzRBYVFCa0FDSUFPZ0FpQUdJQWNnQnZBSGNBY3dCbEFISUFJZ0FzQUNJQVlRQnBBQzRBWkFCbEFIWUFhUUJqQUdVQUxnQjBBSGtBY0FCbEFDSUFPZ0FpQUVJQWNnQnZBSGNBY3dCbEFISUFJZ0FzQUNJQVlRQnBBQzRBYVFCdUFIUUFaUUJ5QUc0QVlRQnNBQzRBY3dCa0FHc0FWZ0JsQUhJQWN3QnBBRzhBYmdBaUFEb0FJZ0JxQUdFQWRnQmhBSE1BWXdCeUFHa0FjQUIwQURvQU1RQXVBREFBTGdBM0FDSUFMQUFpQUdFQWFRQXVBSFVBY3dCbEFISUFMZ0JwQUdRQUlnQTZBQ0lBU2dCbUFHWUFMd0EzQUNJQUxBQWlBR0VBYVFBdUFHOEFjQUJsQUhJQVlRQjBBR2tBYndCdUFDNEFhUUJrQUNJQU9nQWlBREFBTndCWkFGWUFjQUFpQUN3QUlnQmhBR2tBTGdCdkFIQUFaUUJ5QUdFQWRBQnBBRzhBYmdBdUFHNEFZUUJ0QUdVQUlnQTZBQ0lBTHdCSUFHOEFiUUJsQUM4QVFRQmlBRzhBZFFCMEFDSUFmUUFzQUNJQVpBQmhBSFFBWVFBaUFEb0Fld0FpQUdJQVlRQnpBR1VBVkFCNUFIQUFaUUFpQURvQUlnQlFBR0VBWndCbEFIWUFhUUJsQUhjQVVBQmxBSElBWmdCdkFISUFiUUJoQUc0QVl3QmxBRVFBWVFCMEFHRUFJZ0FzQUNJQVlnQmhBSE1BWlFCRUFHRUFkQUJoQUNJQU9nQjdBQ0lBZGdCbEFISUFJZ0E2QURJQUxBQWlBRzRBWVFCdEFHVUFJZ0E2QUNJQVFRQmlBRzhBZFFCMEFDQUFMUUFnQUUwQWVRQWdBRUVBVXdCUUFDNEFUZ0JGQUZRQUlBQkJBSEFBY0FCc0FHa0FZd0JoQUhRQWFRQnZBRzRBSWdBc0FDSUFkUUJ5QUd3QUlnQTZBQ0lBYUFCMEFIUUFjQUE2QUM4QUx3QnJBRzBBWVFCakFHc0FZUUJwQUdRQUxnQmhBSG9BZFFCeUFHVUFkd0JsQUdJQWN3QnBBSFFBWlFCekFDNEFiZ0JsQUhRQUx3QklBRzhBYlFCbEFDOEFRUUJpQUc4QWRRQjBBQ0lBTEFBaUFHUUFkUUJ5QUdFQWRBQnBBRzhBYmdBaUFEb0FJZ0F3QURBQU9nQXdBREFBT2dBd0FERUFMZ0F4QURVQU1RQWlBQ3dBSWdCd0FHVUFjZ0JtQUZRQWJ3QjBBR0VBYkFBaUFEb0FJZ0F3QURBQU9nQXdBREFBT2dBd0FERUFMZ0F4QURVQU1RQWlBQ3dBSWdCdUFHVUFkQUIzQUc4QWNnQnJBRU1BYndCdUFHNEFaUUJqQUhRQUlnQTZBQ0lBTUFBd0FEb0FNQUF3QURvQU1BQXdBQzRBTUFBd0FESUFJZ0FzQUNJQWN3QmxBRzRBZEFCU0FHVUFjUUIxQUdVQWN3QjBBQ0lBT2dBaUFEQUFNQUE2QURBQU1BQTZBREFBTUFBdUFEQUFNQUEyQUNJQUxBQWlBSElBWlFCakFHVUFhUUIyQUdVQVpBQlNBR1VBY3dCd0FHOEFiZ0J6QUdVQUlnQTZBQ0lBTUFBd0FEb0FNQUF3QURvQU1BQXdBQzRBTUFBd0FESUFJZ0FzQUNJQVpBQnZBRzBBVUFCeUFHOEFZd0JsQUhNQWN3QnBBRzRBWndBaUFEb0FJZ0F3QURBQU9nQXdBREFBT2dBd0FEQUFMZ0F5QURnQU9RQWlBSDBBZlFCOUFGMEE8L1N0cmluZ0h0dHBCb2R5Pg0KICAgIDwvUmVxdWVzdD4NCiAgICA8UmVxdWVzdCBNZXRob2Q9IkdFVCIgR3VpZD0iMmE3NWRmOTMtMzAyNS00MmZiLTk0NGYtMGU4MzVmMGI1YTYyIiBWZXJzaW9uPSIxLjEiIFVybD0iaHR0cDovL2ttYWNrYWlkLmF6dXJld2Vic2l0ZXMubmV0LyIgVGhpbmtUaW1lPSI1IiBUaW1lb3V0PSIzMDAiIFBhcnNlRGVwZW5kZW50UmVxdWVzdHM9IlRydWUiIEZvbGxvd1JlZGlyZWN0cz0iVHJ1ZSIgUmVjb3JkUmVzdWx0PSJUcnVlIiBDYWNoZT0iRmFsc2UiIFJlc3BvbnNlVGltZUdvYWw9IjAiIEVuY29kaW5nPSJ1dGYtOCIgRXhwZWN0ZWRIdHRwU3RhdHVzQ29kZT0iMCIgRXhwZWN0ZWRSZXNwb25zZVVybD0iIiBSZXBvcnRpbmdOYW1lPSIiIElnbm9yZUh0dHBTdGF0dXNDb2RlPSJGYWxzZSIgLz4NCiAgICA8UmVxdWVzdCBNZXRob2Q9IkdFVCIgR3VpZD0iNmM4NTI5YWUtMTQ3Yy00MmYwLTlkYjMtNWM1MjI0NDZkOThjIiBWZXJzaW9uPSIxLjEiIFVybD0iaHR0cDovL2ttYWNrYWlkLmF6dXJld2Vic2l0ZXMubmV0L0hvbWUvQWJvdXQiIFRoaW5rVGltZT0iMCIgVGltZW91dD0iMzAwIiBQYXJzZURlcGVuZGVudFJlcXVlc3RzPSJUcnVlIiBGb2xsb3dSZWRpcmVjdHM9IlRydWUiIFJlY29yZFJlc3VsdD0iVHJ1ZSIgQ2FjaGU9IkZhbHNlIiBSZXNwb25zZVRpbWVHb2FsPSIwIiBFbmNvZGluZz0idXRmLTgiIEV4cGVjdGVkSHR0cFN0YXR1c0NvZGU9IjAiIEV4cGVjdGVkUmVzcG9uc2VVcmw9IiIgUmVwb3J0aW5nTmFtZT0iIiBJZ25vcmVIdHRwU3RhdHVzQ29kZT0iRmFsc2UiPg0KICAgICAgPEhlYWRlcnM+DQogICAgICAgIDxIZWFkZXIgTmFtZT0iUmVmZXJlciIgVmFsdWU9Imh0dHA6Ly9rbWFja2FpZC5henVyZXdlYnNpdGVzLm5ldC8iIC8+DQogICAgICA8L0hlYWRlcnM+DQogICAgPC9SZXF1ZXN0Pg0KICA8L0l0ZW1zPg0KICA8VmFsaWRhdGlvblJ1bGVzPg0KICAgIDxWYWxpZGF0aW9uUnVsZSBDbGFzc25hbWU9Ik1pY3Jvc29mdC5WaXN1YWxTdHVkaW8uVGVzdFRvb2xzLldlYlRlc3RpbmcuUnVsZXMuVmFsaWRhdGVSZXNwb25zZVVybCwgTWljcm9zb2Z0LlZpc3VhbFN0dWRpby5RdWFsaXR5VG9vbHMuV2ViVGVzdEZyYW1ld29yaywgVmVyc2lvbj0xMC4wLjAuMCwgQ3VsdHVyZT1uZXV0cmFsLCBQdWJsaWNLZXlUb2tlbj1iMDNmNWY3ZjExZDUwYTNhIiBEaXNwbGF5TmFtZT0iUmVzcG9uc2UgVVJMIiBEZXNjcmlwdGlvbj0iVmFsaWRhdGVzIHRoYXQgdGhlIHJlc3BvbnNlIFVSTCBhZnRlciByZWRpcmVjdHMgYXJlIGZvbGxvd2VkIGlzIHRoZSBzYW1lIGFzIHRoZSByZWNvcmRlZCByZXNwb25zZSBVUkwuICBRdWVyeVN0cmluZyBwYXJhbWV0ZXJzIGFyZSBpZ25vcmVkLiIgTGV2ZWw9IkxvdyIgRXhlY3R1aW9uT3JkZXI9IkJlZm9yZURlcGVuZGVudHMiIC8+DQogICAgPFZhbGlkYXRpb25SdWxlIENsYXNzbmFtZT0iTWljcm9zb2Z0LlZpc3VhbFN0dWRpby5UZXN0VG9vbHMuV2ViVGVzdGluZy5SdWxlcy5WYWxpZGF0aW9uUnVsZVJlc3BvbnNlVGltZUdvYWwsIE1pY3Jvc29mdC5WaXN1YWxTdHVkaW8uUXVhbGl0eVRvb2xzLldlYlRlc3RGcmFtZXdvcmssIFZlcnNpb249MTAuMC4wLjAsIEN1bHR1cmU9bmV1dHJhbCwgUHVibGljS2V5VG9rZW49YjAzZjVmN2YxMWQ1MGEzYSIgRGlzcGxheU5hbWU9IlJlc3BvbnNlIFRpbWUgR29hbCIgRGVzY3JpcHRpb249IlZhbGlkYXRlcyB0aGF0IHRoZSByZXNwb25zZSB0aW1lIGZvciB0aGUgcmVxdWVzdCBpcyBsZXNzIHRoYW4gb3IgZXF1YWwgdG8gdGhlIHJlc3BvbnNlIHRpbWUgZ29hbCBhcyBzcGVjaWZpZWQgb24gdGhlIHJlcXVlc3QuICBSZXNwb25zZSB0aW1lIGdvYWxzIG9mIHplcm8gd2lsbCBiZSBpZ25vcmVkLiIgTGV2ZWw9IkxvdyIgRXhlY3R1aW9uT3JkZXI9IkFmdGVyRGVwZW5kZW50cyI+DQogICAgICA8UnVsZVBhcmFtZXRlcnM+DQogICAgICAgIDxSdWxlUGFyYW1ldGVyIE5hbWU9IlRvbGVyYW5jZSIgVmFsdWU9IjAiIC8+DQogICAgICA8L1J1bGVQYXJhbWV0ZXJzPg0KICAgIDwvVmFsaWRhdGlvblJ1bGU+DQogIDwvVmFsaWRhdGlvblJ1bGVzPg0KPC9XZWJUZXN0Pg==">
      <Execution id="d78f77f0-1752-4af1-8368-08263ce3e766" />
    </WebTest>
  </TestDefinitions>
  <TestLists>
    <TestList name="Results Not in a List" id="8c84fa94-04c1-424b-9868-57a2d4851a1d" />
    <TestList name="All Loaded Results" id="19431567-8539-422a-85d7-44ee4e166bda" />
  </TestLists>
  <TestEntries>
    <TestEntry isTransparent="false" testId="609af830-fef4-4037-ba11-041f62eb4370" executionId="d78f77f0-1752-4af1-8368-08263ce3e766" testListId="8c84fa94-04c1-424b-9868-57a2d4851a1d" />
  </TestEntries>
  <Results>
    <WebTestResult executionId="d78f77f0-1752-4af1-8368-08263ce3e766" testId="609af830-fef4-4037-ba11-041f62eb4370" testName="WebTest1" computerName="KEMACK" duration="00:00:11.8140553" startTime="2017-01-24T12:02:49.6172375-05:00" endTime="2017-01-24T12:03:12.0584475-05:00" testType="4e7599fa-5ecb-43e9-a887-cd63cf72d207" outcome="Failed" testListId="8c84fa94-04c1-424b-9868-57a2d4851a1d" relativeResultsDirectory="d78f77f0-1752-4af1-8368-08263ce3e766">
      <Output>
        <ErrorInfo>
          <Message>1 primary requests, 0 dependant requests and 0 conditional rules failed</Message>
        </ErrorInfo>
      </Output>
      <ResultFiles>
        <ResultFile path="WebTest1.webtestResult" />
      </ResultFiles>
      <TestSettings name="Local" id="10d887a4-c2d1-4de1-a6de-dadd07806082">
        <Description>These are default test settings for a local test run.</Description>
        <Execution>
          <TestTypeSpecific>
            <WebTestRunConfiguration testTypeId="4e7599fa-5ecb-43e9-a887-cd63cf72d207">
              <Browser name="Internet Explorer 9.0" MaxConnections="6">
                <Headers>
                  <Header name="User-Agent" value="Mozilla/5.0 (compatible; MSIE 9.0; Windows NT 6.1; Trident/5.0)" />
                  <Header name="Accept" value="*/*" />
                  <Header name="Accept-Language" value="{{$IEAcceptLanguage}}" />
                  <Header name="Accept-Encoding" value="GZIP" />
                </Headers>
              </Browser>
            </WebTestRunConfiguration>
          </TestTypeSpecific>
          <AgentRule name="Execution Agents">
          </AgentRule>
        </Execution>
        <Deployment runDeploymentRoot="kemack_KEMACK 2017-01-24 12_02_49" />
        <Properties>
          <Property name="TestSettingsUIType" value="LoadTest" />
        </Properties>
      </TestSettings>
      <WebTestResultFilePath>kemack_KEMACK 2017-01-24 12_02_49\In\d78f77f0-1752-4af1-8368-08263ce3e766\WebTest1.webtestResult</WebTestResultFilePath>
    </WebTestResult>
  </Results>
</TestRun>