<?xml version="1.0" encoding="UTF-8"?>
<TestRun id="265570ff-239b-4eca-b7be-17a161acff85" name="kemack@KEMACK 2017-01-23 23:59:30" runUser="NORTHAMERICA\kemack" xmlns="http://microsoft.com/schemas/VisualStudio/TeamTest/2010">
  <TestSettings name="Local" id="10d887a4-c2d1-4de1-a6de-dadd07806082">
    <Description>These are default test settings for a local test run.</Description>
    <Execution>
      <TestTypeSpecific />
      <AgentRule name="Execution Agents">
      </AgentRule>
    </Execution>
    <Deployment runDeploymentRoot="kemack_KEMACK 2017-01-23 23_59_30" />
    <Properties>
      <Property name="TestSettingsUIType" value="LoadTest" />
    </Properties>
  </TestSettings>
  <Times creation="2017-01-23T23:59:30.6540489-05:00" queuing="2017-01-23T23:59:31.2000980-05:00" start="2017-01-23T23:59:31.5286298-05:00" finish="2017-01-23T23:59:45.3503190-05:00" />
  <ResultSummary outcome="Failed">
    <Counters total="1" executed="1" error="0" failed="1" timeout="0" aborted="0" inconclusive="0" passedButRunAborted="0" notRunnable="0" notExecuted="0" disconnected="0" warning="0" passed="0" completed="0" inProgress="0" pending="0" />
  </ResultSummary>
  <TestDefinitions>
    <WebTest name="WebTest2" storage="c:\users\kemack\documents\visual studio 2015\projects\applicationinsightsdemo\applicationinsightsdemo.loadtest\webtest2.webtest" id="a9f6e537-b916-45d2-a845-75ee58ea5daf" persistedWebTest="77u/PD94bWwgdmVyc2lvbj0iMS4wIiBlbmNvZGluZz0iVVRGLTgiIHN0YW5kYWxvbmU9InllcyI/Pg0KPFdlYlRlc3QgTmFtZT0iV2ViVGVzdDIiIElkPSJhOWY2ZTUzNy1iOTE2LTQ1ZDItYTg0NS03NWVlNThlYTVkYWYiIE93bmVyPSIiIFByaW9yaXR5PSIyMTQ3NDgzNjQ3IiBFbmFibGVkPSJUcnVlIiBDc3NQcm9qZWN0U3RydWN0dXJlPSIiIENzc0l0ZXJhdGlvbj0iIiBUaW1lb3V0PSIwIiBXb3JrSXRlbUlkcz0iIiB4bWxucz0iaHR0cDovL21pY3Jvc29mdC5jb20vc2NoZW1hcy9WaXN1YWxTdHVkaW8vVGVhbVRlc3QvMjAxMCIgRGVzY3JpcHRpb249IiIgQ3JlZGVudGlhbFVzZXJOYW1lPSIiIENyZWRlbnRpYWxQYXNzd29yZD0iIiBQcmVBdXRoZW50aWNhdGU9IlRydWUiIFByb3h5PSJkZWZhdWx0IiBTdG9wT25FcnJvcj0iRmFsc2UiIFJlY29yZGVkUmVzdWx0RmlsZT0iV2ViVGVzdDIuMWM2YzJhN2QtOWQ3NC00MmVkLTk3ZDYtMTdlZjU1MTEzZTNiLnJlYy53ZWJ0ZXN0cmVzdWx0IiBSZXN1bHRzTG9jYWxlPSIiPg0KICA8SXRlbXM+DQogICAgPFJlcXVlc3QgTWV0aG9kPSJHRVQiIEd1aWQ9IjRhNmM0MTUwLTc4OGYtNDIxYS04OWUxLTQ3ZWMwODg2NjcyYSIgVmVyc2lvbj0iMS4xIiBVcmw9Imh0dHA6Ly9hcGkuYmluZy5jb20vcXNtbC5hc3B4IiBUaGlua1RpbWU9IjAiIFRpbWVvdXQ9IjMwMCIgUGFyc2VEZXBlbmRlbnRSZXF1ZXN0cz0iVHJ1ZSIgRm9sbG93UmVkaXJlY3RzPSJUcnVlIiBSZWNvcmRSZXN1bHQ9IlRydWUiIENhY2hlPSJGYWxzZSIgUmVzcG9uc2VUaW1lR29hbD0iMCIgRW5jb2Rpbmc9InV0Zi04IiBFeHBlY3RlZEh0dHBTdGF0dXNDb2RlPSIwIiBFeHBlY3RlZFJlc3BvbnNlVXJsPSIiIFJlcG9ydGluZ05hbWU9IiIgSWdub3JlSHR0cFN0YXR1c0NvZGU9IkZhbHNlIj4NCiAgICAgIDxRdWVyeVN0cmluZ1BhcmFtZXRlcnM+DQogICAgICAgIDxRdWVyeVN0cmluZ1BhcmFtZXRlciBOYW1lPSJxdWVyeSIgVmFsdWU9ImttIiBSZWNvcmRlZFZhbHVlPSJrbSIgQ29ycmVsYXRpb25CaW5kaW5nPSIiIFVybEVuY29kZT0iRmFsc2UiIFVzZVRvR3JvdXBSZXN1bHRzPSJGYWxzZSIgLz4NCiAgICAgICAgPFF1ZXJ5U3RyaW5nUGFyYW1ldGVyIE5hbWU9Im1hcmtldCIgVmFsdWU9ImVuLVVTYW1wO21heHdpZHRoJTNkMzI3NjUiIFJlY29yZGVkVmFsdWU9ImVuLVVTYW1wO21heHdpZHRoJTNkMzI3NjUiIENvcnJlbGF0aW9uQmluZGluZz0iIiBVcmxFbmNvZGU9IkZhbHNlIiBVc2VUb0dyb3VwUmVzdWx0cz0iRmFsc2UiIC8+DQogICAgICAgIDxRdWVyeVN0cmluZ1BhcmFtZXRlciBOYW1lPSJyb3doZWlnaHQiIFZhbHVlPSIzMSIgUmVjb3JkZWRWYWx1ZT0iMzEiIENvcnJlbGF0aW9uQmluZGluZz0iIiBVcmxFbmNvZGU9IkZhbHNlIiBVc2VUb0dyb3VwUmVzdWx0cz0iRmFsc2UiIC8+DQogICAgICAgIDxRdWVyeVN0cmluZ1BhcmFtZXRlciBOYW1lPSJzZWN0aW9uSGVpZ2h0IiBWYWx1ZT0iMjQ4IiBSZWNvcmRlZFZhbHVlPSIyNDgiIENvcnJlbGF0aW9uQmluZGluZz0iIiBVcmxFbmNvZGU9IkZhbHNlIiBVc2VUb0dyb3VwUmVzdWx0cz0iRmFsc2UiIC8+DQogICAgICA8L1F1ZXJ5U3RyaW5nUGFyYW1ldGVycz4NCiAgICA8L1JlcXVlc3Q+DQogICAgPFJlcXVlc3QgTWV0aG9kPSJHRVQiIEd1aWQ9Ijk4ZTg3N2UxLTFkM2EtNDk0Ny1hYjg4LWY1YzM1MjQ2MDFkNyIgVmVyc2lvbj0iMS4xIiBVcmw9Imh0dHA6Ly9hcGkuYmluZy5jb20vcXNtbC5hc3B4IiBUaGlua1RpbWU9IjAiIFRpbWVvdXQ9IjMwMCIgUGFyc2VEZXBlbmRlbnRSZXF1ZXN0cz0iVHJ1ZSIgRm9sbG93UmVkaXJlY3RzPSJUcnVlIiBSZWNvcmRSZXN1bHQ9IlRydWUiIENhY2hlPSJGYWxzZSIgUmVzcG9uc2VUaW1lR29hbD0iMCIgRW5jb2Rpbmc9InV0Zi04IiBFeHBlY3RlZEh0dHBTdGF0dXNDb2RlPSIwIiBFeHBlY3RlZFJlc3BvbnNlVXJsPSIiIFJlcG9ydGluZ05hbWU9IiIgSWdub3JlSHR0cFN0YXR1c0NvZGU9IkZhbHNlIj4NCiAgICAgIDxRdWVyeVN0cmluZ1BhcmFtZXRlcnM+DQogICAgICAgIDxRdWVyeVN0cmluZ1BhcmFtZXRlciBOYW1lPSJxdWVyeSIgVmFsdWU9ImttYSIgUmVjb3JkZWRWYWx1ZT0ia21hIiBDb3JyZWxhdGlvbkJpbmRpbmc9IiIgVXJsRW5jb2RlPSJGYWxzZSIgVXNlVG9Hcm91cFJlc3VsdHM9IkZhbHNlIiAvPg0KICAgICAgICA8UXVlcnlTdHJpbmdQYXJhbWV0ZXIgTmFtZT0ibWFya2V0IiBWYWx1ZT0iZW4tVVNhbXA7bWF4d2lkdGglM2QzMjc2NSIgUmVjb3JkZWRWYWx1ZT0iZW4tVVNhbXA7bWF4d2lkdGglM2QzMjc2NSIgQ29ycmVsYXRpb25CaW5kaW5nPSIiIFVybEVuY29kZT0iRmFsc2UiIFVzZVRvR3JvdXBSZXN1bHRzPSJGYWxzZSIgLz4NCiAgICAgICAgPFF1ZXJ5U3RyaW5nUGFyYW1ldGVyIE5hbWU9InJvd2hlaWdodCIgVmFsdWU9IjMxIiBSZWNvcmRlZFZhbHVlPSIzMSIgQ29ycmVsYXRpb25CaW5kaW5nPSIiIFVybEVuY29kZT0iRmFsc2UiIFVzZVRvR3JvdXBSZXN1bHRzPSJGYWxzZSIgLz4NCiAgICAgICAgPFF1ZXJ5U3RyaW5nUGFyYW1ldGVyIE5hbWU9InNlY3Rpb25IZWlnaHQiIFZhbHVlPSIyNDgiIFJlY29yZGVkVmFsdWU9IjI0OCIgQ29ycmVsYXRpb25CaW5kaW5nPSIiIFVybEVuY29kZT0iRmFsc2UiIFVzZVRvR3JvdXBSZXN1bHRzPSJGYWxzZSIgLz4NCiAgICAgIDwvUXVlcnlTdHJpbmdQYXJhbWV0ZXJzPg0KICAgIDwvUmVxdWVzdD4NCiAgICA8UmVxdWVzdCBNZXRob2Q9IkdFVCIgR3VpZD0iOGE3ODg2YzAtOGRlYi00ZDE2LWI0ZmEtNjQxZWZhNmY1NzMxIiBWZXJzaW9uPSIxLjEiIFVybD0iaHR0cDovL2FwaS5iaW5nLmNvbS9xc21sLmFzcHgiIFRoaW5rVGltZT0iMCIgVGltZW91dD0iMzAwIiBQYXJzZURlcGVuZGVudFJlcXVlc3RzPSJUcnVlIiBGb2xsb3dSZWRpcmVjdHM9IlRydWUiIFJlY29yZFJlc3VsdD0iVHJ1ZSIgQ2FjaGU9IkZhbHNlIiBSZXNwb25zZVRpbWVHb2FsPSIwIiBFbmNvZGluZz0idXRmLTgiIEV4cGVjdGVkSHR0cFN0YXR1c0NvZGU9IjAiIEV4cGVjdGVkUmVzcG9uc2VVcmw9IiIgUmVwb3J0aW5nTmFtZT0iIiBJZ25vcmVIdHRwU3RhdHVzQ29kZT0iRmFsc2UiPg0KICAgICAgPFF1ZXJ5U3RyaW5nUGFyYW1ldGVycz4NCiAgICAgICAgPFF1ZXJ5U3RyaW5nUGFyYW1ldGVyIE5hbWU9InF1ZXJ5IiBWYWx1ZT0ia21hYyIgUmVjb3JkZWRWYWx1ZT0ia21hYyIgQ29ycmVsYXRpb25CaW5kaW5nPSIiIFVybEVuY29kZT0iRmFsc2UiIFVzZVRvR3JvdXBSZXN1bHRzPSJGYWxzZSIgLz4NCiAgICAgICAgPFF1ZXJ5U3RyaW5nUGFyYW1ldGVyIE5hbWU9Im1hcmtldCIgVmFsdWU9ImVuLVVTYW1wO21heHdpZHRoJTNkMzI3NjUiIFJlY29yZGVkVmFsdWU9ImVuLVVTYW1wO21heHdpZHRoJTNkMzI3NjUiIENvcnJlbGF0aW9uQmluZGluZz0iIiBVcmxFbmNvZGU9IkZhbHNlIiBVc2VUb0dyb3VwUmVzdWx0cz0iRmFsc2UiIC8+DQogICAgICAgIDxRdWVyeVN0cmluZ1BhcmFtZXRlciBOYW1lPSJyb3doZWlnaHQiIFZhbHVlPSIzMSIgUmVjb3JkZWRWYWx1ZT0iMzEiIENvcnJlbGF0aW9uQmluZGluZz0iIiBVcmxFbmNvZGU9IkZhbHNlIiBVc2VUb0dyb3VwUmVzdWx0cz0iRmFsc2UiIC8+DQogICAgICAgIDxRdWVyeVN0cmluZ1BhcmFtZXRlciBOYW1lPSJzZWN0aW9uSGVpZ2h0IiBWYWx1ZT0iMjQ4IiBSZWNvcmRlZFZhbHVlPSIyNDgiIENvcnJlbGF0aW9uQmluZGluZz0iIiBVcmxFbmNvZGU9IkZhbHNlIiBVc2VUb0dyb3VwUmVzdWx0cz0iRmFsc2UiIC8+DQogICAgICA8L1F1ZXJ5U3RyaW5nUGFyYW1ldGVycz4NCiAgICA8L1JlcXVlc3Q+DQogICAgPFJlcXVlc3QgTWV0aG9kPSJHRVQiIEd1aWQ9ImMxYzRkNGRiLTAxNTMtNGNhNS1iM2Q0LTU2MmM4NjY3YWNkNiIgVmVyc2lvbj0iMS4xIiBVcmw9Imh0dHA6Ly9hcGkuYmluZy5jb20vcXNtbC5hc3B4IiBUaGlua1RpbWU9IjAiIFRpbWVvdXQ9IjMwMCIgUGFyc2VEZXBlbmRlbnRSZXF1ZXN0cz0iVHJ1ZSIgRm9sbG93UmVkaXJlY3RzPSJUcnVlIiBSZWNvcmRSZXN1bHQ9IlRydWUiIENhY2hlPSJGYWxzZSIgUmVzcG9uc2VUaW1lR29hbD0iMCIgRW5jb2Rpbmc9InV0Zi04IiBFeHBlY3RlZEh0dHBTdGF0dXNDb2RlPSIwIiBFeHBlY3RlZFJlc3BvbnNlVXJsPSIiIFJlcG9ydGluZ05hbWU9IiIgSWdub3JlSHR0cFN0YXR1c0NvZGU9IkZhbHNlIj4NCiAgICAgIDxRdWVyeVN0cmluZ1BhcmFtZXRlcnM+DQogICAgICAgIDxRdWVyeVN0cmluZ1BhcmFtZXRlciBOYW1lPSJxdWVyeSIgVmFsdWU9ImttYWNrIiBSZWNvcmRlZFZhbHVlPSJrbWFjayIgQ29ycmVsYXRpb25CaW5kaW5nPSIiIFVybEVuY29kZT0iRmFsc2UiIFVzZVRvR3JvdXBSZXN1bHRzPSJGYWxzZSIgLz4NCiAgICAgICAgPFF1ZXJ5U3RyaW5nUGFyYW1ldGVyIE5hbWU9Im1hcmtldCIgVmFsdWU9ImVuLVVTYW1wO21heHdpZHRoJTNkMzI3NjUiIFJlY29yZGVkVmFsdWU9ImVuLVVTYW1wO21heHdpZHRoJTNkMzI3NjUiIENvcnJlbGF0aW9uQmluZGluZz0iIiBVcmxFbmNvZGU9IkZhbHNlIiBVc2VUb0dyb3VwUmVzdWx0cz0iRmFsc2UiIC8+DQogICAgICAgIDxRdWVyeVN0cmluZ1BhcmFtZXRlciBOYW1lPSJyb3doZWlnaHQiIFZhbHVlPSIzMSIgUmVjb3JkZWRWYWx1ZT0iMzEiIENvcnJlbGF0aW9uQmluZGluZz0iIiBVcmxFbmNvZGU9IkZhbHNlIiBVc2VUb0dyb3VwUmVzdWx0cz0iRmFsc2UiIC8+DQogICAgICAgIDxRdWVyeVN0cmluZ1BhcmFtZXRlciBOYW1lPSJzZWN0aW9uSGVpZ2h0IiBWYWx1ZT0iMjQ4IiBSZWNvcmRlZFZhbHVlPSIyNDgiIENvcnJlbGF0aW9uQmluZGluZz0iIiBVcmxFbmNvZGU9IkZhbHNlIiBVc2VUb0dyb3VwUmVzdWx0cz0iRmFsc2UiIC8+DQogICAgICA8L1F1ZXJ5U3RyaW5nUGFyYW1ldGVycz4NCiAgICA8L1JlcXVlc3Q+DQogICAgPFJlcXVlc3QgTWV0aG9kPSJHRVQiIEd1aWQ9IjhkMzVhNjI5LTZjY2EtNDgxMi04MzBiLTFmZGM2NmE4NDc4YyIgVmVyc2lvbj0iMS4xIiBVcmw9Imh0dHA6Ly9rbWFja2FpZC5henVyZXdlYnNpdGVzLm5ldC8iIFRoaW5rVGltZT0iMCIgVGltZW91dD0iMzAwIiBQYXJzZURlcGVuZGVudFJlcXVlc3RzPSJUcnVlIiBGb2xsb3dSZWRpcmVjdHM9IlRydWUiIFJlY29yZFJlc3VsdD0iVHJ1ZSIgQ2FjaGU9IkZhbHNlIiBSZXNwb25zZVRpbWVHb2FsPSIwIiBFbmNvZGluZz0idXRmLTgiIEV4cGVjdGVkSHR0cFN0YXR1c0NvZGU9IjAiIEV4cGVjdGVkUmVzcG9uc2VVcmw9IiIgUmVwb3J0aW5nTmFtZT0iIiBJZ25vcmVIdHRwU3RhdHVzQ29kZT0iRmFsc2UiIC8+DQogICAgPFJlcXVlc3QgTWV0aG9kPSJPUFRJT05TIiBHdWlkPSIwZGEyOWQ2Ni0wMmQxLTQwZDctOTZiOC02NzA5NzM4NDFiZjkiIFZlcnNpb249IjEuMSIgVXJsPSJodHRwczovL2RjLnNlcnZpY2VzLnZpc3VhbHN0dWRpby5jb20vdjIvdHJhY2siIFRoaW5rVGltZT0iMCIgVGltZW91dD0iMzAwIiBQYXJzZURlcGVuZGVudFJlcXVlc3RzPSJUcnVlIiBGb2xsb3dSZWRpcmVjdHM9IlRydWUiIFJlY29yZFJlc3VsdD0iVHJ1ZSIgQ2FjaGU9IkZhbHNlIiBSZXNwb25zZVRpbWVHb2FsPSIwIiBFbmNvZGluZz0idXRmLTgiIEV4cGVjdGVkSHR0cFN0YXR1c0NvZGU9IjAiIEV4cGVjdGVkUmVzcG9uc2VVcmw9IiIgUmVwb3J0aW5nTmFtZT0iIiBJZ25vcmVIdHRwU3RhdHVzQ29kZT0iRmFsc2UiPg0KICAgICAgPFN0cmluZ0h0dHBCb2R5IENvbnRlbnRUeXBlPSIiIEluc2VydEJ5dGVPcmRlck1hcms9IkZhbHNlIj4NCiAgICAgIDwvU3RyaW5nSHR0cEJvZHk+DQogICAgPC9SZXF1ZXN0Pg0KICAgIDxSZXF1ZXN0IE1ldGhvZD0iUE9TVCIgR3VpZD0iMTdlYzZlNjMtZjQ3Mi00ZGJhLThhYjItMzdhNWM3ZjliMTY3IiBWZXJzaW9uPSIxLjEiIFVybD0iaHR0cHM6Ly9kYy5zZXJ2aWNlcy52aXN1YWxzdHVkaW8uY29tL3YyL3RyYWNrIiBUaGlua1RpbWU9IjUiIFRpbWVvdXQ9IjMwMCIgUGFyc2VEZXBlbmRlbnRSZXF1ZXN0cz0iVHJ1ZSIgRm9sbG93UmVkaXJlY3RzPSJUcnVlIiBSZWNvcmRSZXN1bHQ9IlRydWUiIENhY2hlPSJGYWxzZSIgUmVzcG9uc2VUaW1lR29hbD0iMCIgRW5jb2Rpbmc9InV0Zi04IiBFeHBlY3RlZEh0dHBTdGF0dXNDb2RlPSIwIiBFeHBlY3RlZFJlc3BvbnNlVXJsPSIiIFJlcG9ydGluZ05hbWU9IiIgSWdub3JlSHR0cFN0YXR1c0NvZGU9IkZhbHNlIj4NCiAgICAgIDxIZWFkZXJzPg0KICAgICAgICA8SGVhZGVyIE5hbWU9IlJlZmVyZXIiIFZhbHVlPSJodHRwOi8va21hY2thaWQuYXp1cmV3ZWJzaXRlcy5uZXQvIiAvPg0KICAgICAgPC9IZWFkZXJzPg0KICAgICAgPFN0cmluZ0h0dHBCb2R5IENvbnRlbnRUeXBlPSJhcHBsaWNhdGlvbi9qc29uIiBJbnNlcnRCeXRlT3JkZXJNYXJrPSJGYWxzZSI+V3dCN0FDSUFkQUJwQUcwQVpRQWlBRG9BSWdBeUFEQUFNUUEzQUMwQU1BQXhBQzBBTWdBMEFGUUFNQUEwQURvQU5RQTRBRG9BTlFBNUFDNEFPUUE1QURjQVdnQWlBQ3dBSWdCcEFFc0FaUUI1QUNJQU9nQWlBRjhBWHdCSkFHNEFjd0IwQUhJQWRRQnRBR1VBYmdCMEFFc0FaUUI1QUY4QVh3QWlBQ3dBSWdCdUFHRUFiUUJsQUNJQU9nQWlBRTBBYVFCakFISUFid0J6QUc4QVpnQjBBQzRBUVFCd0FIQUFiQUJwQUdNQVlRQjBBR2tBYndCdUFFa0FiZ0J6QUdrQVp3Qm9BSFFBY3dBdUFGOEFYd0JKQUc0QWN3QjBBSElBZFFCdEFHVUFiZ0IwQUVzQVpRQjVBRjhBWHdBdUFGQUFZUUJuQUdVQWRnQnBBR1VBZHdBaUFDd0FJZ0IwQUdFQVp3QnpBQ0lBT2dCN0FDSUFZUUJwQUM0QWN3QmxBSE1BY3dCcEFHOEFiZ0F1QUdrQVpBQWlBRG9BSWdBNEFGQUFUUUJYQUZVQUlnQXNBQ0lBWVFCcEFDNEFaQUJsQUhZQWFRQmpBR1VBTGdCcEFHUUFJZ0E2QUNJQVlnQnlBRzhBZHdCekFHVUFjZ0FpQUN3QUlnQmhBR2tBTGdCa0FHVUFkZ0JwQUdNQVpRQXVBSFFBZVFCd0FHVUFJZ0E2QUNJQVFnQnlBRzhBZHdCekFHVUFjZ0FpQUN3QUlnQmhBR2tBTGdCcEFHNEFkQUJsQUhJQWJnQmhBR3dBTGdCekFHUUFhd0JXQUdVQWNnQnpBR2tBYndCdUFDSUFPZ0FpQUdvQVlRQjJBR0VBY3dCakFISUFhUUJ3QUhRQU9nQXhBQzRBTUFBdUFEY0FJZ0FzQUNJQVlRQnBBQzRBZFFCekFHVUFjZ0F1QUdrQVpBQWlBRG9BSWdCS0FHWUFaZ0F2QURjQUlnQXNBQ0lBWVFCcEFDNEFid0J3QUdVQWNnQmhBSFFBYVFCdkFHNEFMZ0JwQUdRQUlnQTZBQ0lBZVFCa0FHVUFkd0JuQUNJQUxBQWlBR0VBYVFBdUFHOEFjQUJsQUhJQVlRQjBBR2tBYndCdUFDNEFiZ0JoQUcwQVpRQWlBRG9BSWdBdkFDSUFmUUFzQUNJQVpBQmhBSFFBWVFBaUFEb0Fld0FpQUdJQVlRQnpBR1VBVkFCNUFIQUFaUUFpQURvQUlnQlFBR0VBWndCbEFIWUFhUUJsQUhjQVJBQmhBSFFBWVFBaUFDd0FJZ0JpQUdFQWN3QmxBRVFBWVFCMEFHRUFJZ0E2QUhzQUlnQjJBR1VBY2dBaUFEb0FNZ0FzQUNJQWJnQmhBRzBBWlFBaUFEb0FJZ0JJQUc4QWJRQmxBQ0FBVUFCaEFHY0FaUUFnQUMwQUlBQk5BSGtBSUFCQkFGTUFVQUF1QUU0QVJRQlVBQ0FBUVFCd0FIQUFiQUJwQUdNQVlRQjBBR2tBYndCdUFDSUFMQUFpQUhVQWNnQnNBQ0lBT2dBaUFHZ0FkQUIwQUhBQU9nQXZBQzhBYXdCdEFHRUFZd0JyQUdFQWFRQmtBQzRBWVFCNkFIVUFjZ0JsQUhjQVpRQmlBSE1BYVFCMEFHVUFjd0F1QUc0QVpRQjBBQzhBSWdBc0FDSUFaQUIxQUhJQVlRQjBBR2tBYndCdUFDSUFPZ0FpQURBQU1BQTZBREFBTUFBNkFEQUFNQUF1QURVQU53QTBBQ0lBZlFCOUFIMEFMQUI3QUNJQWRBQnBBRzBBWlFBaUFEb0FJZ0F5QURBQU1RQTNBQzBBTUFBeEFDMEFNZ0EwQUZRQU1BQTBBRG9BTlFBNUFEb0FNQUF3QUM0QU1BQXhBRGtBV2dBaUFDd0FJZ0JwQUVzQVpRQjVBQ0lBT2dBaUFGOEFYd0JKQUc0QWN3QjBBSElBZFFCdEFHVUFiZ0IwQUVzQVpRQjVBRjhBWHdBaUFDd0FJZ0J1QUdFQWJRQmxBQ0lBT2dBaUFFMEFhUUJqQUhJQWJ3QnpBRzhBWmdCMEFDNEFRUUJ3QUhBQWJBQnBBR01BWVFCMEFHa0Fid0J1QUVrQWJnQnpBR2tBWndCb0FIUUFjd0F1QUY4QVh3QkpBRzRBY3dCMEFISUFkUUJ0QUdVQWJnQjBBRXNBWlFCNUFGOEFYd0F1QUZBQVlRQm5BR1VBZGdCcEFHVUFkd0JRQUdVQWNnQm1BRzhBY2dCdEFHRUFiZ0JqQUdVQUlnQXNBQ0lBZEFCaEFHY0Fjd0FpQURvQWV3QWlBR0VBYVFBdUFITUFaUUJ6QUhNQWFRQnZBRzRBTGdCcEFHUUFJZ0E2QUNJQU9BQlFBRTBBVndCVkFDSUFMQUFpQUdFQWFRQXVBR1FBWlFCMkFHa0FZd0JsQUM0QWFRQmtBQ0lBT2dBaUFHSUFjZ0J2QUhjQWN3QmxBSElBSWdBc0FDSUFZUUJwQUM0QVpBQmxBSFlBYVFCakFHVUFMZ0IwQUhrQWNBQmxBQ0lBT2dBaUFFSUFjZ0J2QUhjQWN3QmxBSElBSWdBc0FDSUFZUUJwQUM0QWFRQnVBSFFBWlFCeUFHNEFZUUJzQUM0QWN3QmtBR3NBVmdCbEFISUFjd0JwQUc4QWJnQWlBRG9BSWdCcUFHRUFkZ0JoQUhNQVl3QnlBR2tBY0FCMEFEb0FNUUF1QURBQUxnQTNBQ0lBTEFBaUFHRUFhUUF1QUhVQWN3QmxBSElBTGdCcEFHUUFJZ0E2QUNJQVNnQm1BR1lBTHdBM0FDSUFMQUFpQUdFQWFRQXVBRzhBY0FCbEFISUFZUUIwQUdrQWJ3QnVBQzRBYVFCa0FDSUFPZ0FpQUhrQVpBQmxBSGNBWndBaUFDd0FJZ0JoQUdrQUxnQnZBSEFBWlFCeUFHRUFkQUJwQUc4QWJnQXVBRzRBWVFCdEFHVUFJZ0E2QUNJQUx3QWlBSDBBTEFBaUFHUUFZUUIwQUdFQUlnQTZBSHNBSWdCaUFHRUFjd0JsQUZRQWVRQndBR1VBSWdBNkFDSUFVQUJoQUdjQVpRQjJBR2tBWlFCM0FGQUFaUUJ5QUdZQWJ3QnlBRzBBWVFCdUFHTUFaUUJFQUdFQWRBQmhBQ0lBTEFBaUFHSUFZUUJ6QUdVQVJBQmhBSFFBWVFBaUFEb0Fld0FpQUhZQVpRQnlBQ0lBT2dBeUFDd0FJZ0J1QUdFQWJRQmxBQ0lBT2dBaUFFZ0Fid0J0QUdVQUlBQlFBR0VBWndCbEFDQUFMUUFnQUUwQWVRQWdBRUVBVXdCUUFDNEFUZ0JGQUZRQUlBQkJBSEFBY0FCc0FHa0FZd0JoQUhRQWFRQnZBRzRBSWdBc0FDSUFkUUJ5QUd3QUlnQTZBQ0lBYUFCMEFIUUFjQUE2QUM4QUx3QnJBRzBBWVFCakFHc0FZUUJwQUdRQUxnQmhBSG9BZFFCeUFHVUFkd0JsQUdJQWN3QnBBSFFBWlFCekFDNEFiZ0JsQUhRQUx3QWlBQ3dBSWdCa0FIVUFjZ0JoQUhRQWFRQnZBRzRBSWdBNkFDSUFNQUF3QURvQU1BQXdBRG9BTUFBd0FDNEFOUUEzQURRQUlnQXNBQ0lBY0FCbEFISUFaZ0JVQUc4QWRBQmhBR3dBSWdBNkFDSUFNQUF3QURvQU1BQXdBRG9BTUFBd0FDNEFOUUEzQURRQUlnQXNBQ0lBYmdCbEFIUUFkd0J2QUhJQWF3QkRBRzhBYmdCdUFHVUFZd0IwQUNJQU9nQWlBREFBTUFBNkFEQUFNQUE2QURBQU1BQXVBREFBTUFBeEFDSUFMQUFpQUhNQVpRQnVBSFFBVWdCbEFIRUFkUUJsQUhNQWRBQWlBRG9BSWdBd0FEQUFPZ0F3QURBQU9nQXdBREFBTGdBd0FEQUFOQUFpQUN3QUlnQnlBR1VBWXdCbEFHa0FkZ0JsQUdRQVVnQmxBSE1BY0FCdkFHNEFjd0JsQUNJQU9nQWlBREFBTUFBNkFEQUFNQUE2QURBQU1BQXVBREFBTUFBekFDSUFMQUFpQUdRQWJ3QnRBRkFBY2dCdkFHTUFaUUJ6QUhNQWFRQnVBR2NBSWdBNkFDSUFNQUF3QURvQU1BQXdBRG9BTUFBd0FDNEFOUUF3QURJQUlnQjlBSDBBZlFCZEFBPT08L1N0cmluZ0h0dHBCb2R5Pg0KICAgIDwvUmVxdWVzdD4NCiAgICA8UmVxdWVzdCBNZXRob2Q9IkdFVCIgR3VpZD0iZmExOWVkZjktNGEzZS00ODAyLThhNTUtOWRmNTE4YTViZDc5IiBWZXJzaW9uPSIxLjEiIFVybD0iaHR0cDovL2ttYWNrYWlkLmF6dXJld2Vic2l0ZXMubmV0LyIgVGhpbmtUaW1lPSIwIiBUaW1lb3V0PSIzMDAiIFBhcnNlRGVwZW5kZW50UmVxdWVzdHM9IlRydWUiIEZvbGxvd1JlZGlyZWN0cz0iVHJ1ZSIgUmVjb3JkUmVzdWx0PSJUcnVlIiBDYWNoZT0iRmFsc2UiIFJlc3BvbnNlVGltZUdvYWw9IjAiIEVuY29kaW5nPSJ1dGYtOCIgRXhwZWN0ZWRIdHRwU3RhdHVzQ29kZT0iMCIgRXhwZWN0ZWRSZXNwb25zZVVybD0iIiBSZXBvcnRpbmdOYW1lPSIiIElnbm9yZUh0dHBTdGF0dXNDb2RlPSJGYWxzZSI+DQogICAgICA8SGVhZGVycz4NCiAgICAgICAgPEhlYWRlciBOYW1lPSJSZWZlcmVyIiBWYWx1ZT0iaHR0cDovL2ttYWNrYWlkLmF6dXJld2Vic2l0ZXMubmV0LyIgLz4NCiAgICAgIDwvSGVhZGVycz4NCiAgICA8L1JlcXVlc3Q+DQogICAgPFJlcXVlc3QgTWV0aG9kPSJQT1NUIiBHdWlkPSI1Zjc3NDZlZi05NzU2LTQxYjMtYTkyZS1iYjY0ODU0MDk3MmUiIFZlcnNpb249IjEuMSIgVXJsPSJodHRwczovL2RjLnNlcnZpY2VzLnZpc3VhbHN0dWRpby5jb20vdjIvdHJhY2siIFRoaW5rVGltZT0iMSIgVGltZW91dD0iMzAwIiBQYXJzZURlcGVuZGVudFJlcXVlc3RzPSJUcnVlIiBGb2xsb3dSZWRpcmVjdHM9IlRydWUiIFJlY29yZFJlc3VsdD0iVHJ1ZSIgQ2FjaGU9IkZhbHNlIiBSZXNwb25zZVRpbWVHb2FsPSIwIiBFbmNvZGluZz0idXRmLTgiIEV4cGVjdGVkSHR0cFN0YXR1c0NvZGU9IjAiIEV4cGVjdGVkUmVzcG9uc2VVcmw9IiIgUmVwb3J0aW5nTmFtZT0iIiBJZ25vcmVIdHRwU3RhdHVzQ29kZT0iRmFsc2UiPg0KICAgICAgPEhlYWRlcnM+DQogICAgICAgIDxIZWFkZXIgTmFtZT0iUmVmZXJlciIgVmFsdWU9Imh0dHA6Ly9rbWFja2FpZC5henVyZXdlYnNpdGVzLm5ldC8iIC8+DQogICAgICA8L0hlYWRlcnM+DQogICAgICA8U3RyaW5nSHR0cEJvZHkgQ29udGVudFR5cGU9ImFwcGxpY2F0aW9uL2pzb24iIEluc2VydEJ5dGVPcmRlck1hcms9IkZhbHNlIj5Xd0I3QUNJQWRBQnBBRzBBWlFBaUFEb0FJZ0F5QURBQU1RQTNBQzBBTUFBeEFDMEFNZ0EwQUZRQU1BQTBBRG9BTlFBNUFEb0FNUUE0QUM0QU13QXlBREFBV2dBaUFDd0FJZ0JwQUVzQVpRQjVBQ0lBT2dBaUFGOEFYd0JKQUc0QWN3QjBBSElBZFFCdEFHVUFiZ0IwQUVzQVpRQjVBRjhBWHdBaUFDd0FJZ0J1QUdFQWJRQmxBQ0lBT2dBaUFFMEFhUUJqQUhJQWJ3QnpBRzhBWmdCMEFDNEFRUUJ3QUhBQWJBQnBBR01BWVFCMEFHa0Fid0J1QUVrQWJnQnpBR2tBWndCb0FIUUFjd0F1QUY4QVh3QkpBRzRBY3dCMEFISUFkUUJ0QUdVQWJnQjBBRXNBWlFCNUFGOEFYd0F1QUZBQVlRQm5BR1VBZGdCcEFHVUFkd0FpQUN3QUlnQjBBR0VBWndCekFDSUFPZ0I3QUNJQVlRQnBBQzRBY3dCbEFITUFjd0JwQUc4QWJnQXVBR2tBWkFBaUFEb0FJZ0E0QUZBQVRRQlhBRlVBSWdBc0FDSUFZUUJwQUM0QVpBQmxBSFlBYVFCakFHVUFMZ0JwQUdRQUlnQTZBQ0lBWWdCeUFHOEFkd0J6QUdVQWNnQWlBQ3dBSWdCaEFHa0FMZ0JrQUdVQWRnQnBBR01BWlFBdUFIUUFlUUJ3QUdVQUlnQTZBQ0lBUWdCeUFHOEFkd0J6QUdVQWNnQWlBQ3dBSWdCaEFHa0FMZ0JwQUc0QWRBQmxBSElBYmdCaEFHd0FMZ0J6QUdRQWF3QldBR1VBY2dCekFHa0Fid0J1QUNJQU9nQWlBR29BWVFCMkFHRUFjd0JqQUhJQWFRQndBSFFBT2dBeEFDNEFNQUF1QURjQUlnQXNBQ0lBWVFCcEFDNEFkUUJ6QUdVQWNnQXVBR2tBWkFBaUFEb0FJZ0JLQUdZQVpnQXZBRGNBSWdBc0FDSUFZUUJwQUM0QWJ3QndBR1VBY2dCaEFIUUFhUUJ2QUc0QUxnQnBBR1FBSWdBNkFDSUFlZ0JpQUdjQWVBQXJBQ0lBTEFBaUFHRUFhUUF1QUc4QWNBQmxBSElBWVFCMEFHa0Fid0J1QUM0QWJnQmhBRzBBWlFBaUFEb0FJZ0F2QUNJQWZRQXNBQ0lBWkFCaEFIUUFZUUFpQURvQWV3QWlBR0lBWVFCekFHVUFWQUI1QUhBQVpRQWlBRG9BSWdCUUFHRUFad0JsQUhZQWFRQmxBSGNBUkFCaEFIUUFZUUFpQUN3QUlnQmlBR0VBY3dCbEFFUUFZUUIwQUdFQUlnQTZBSHNBSWdCMkFHVUFjZ0FpQURvQU1nQXNBQ0lBYmdCaEFHMEFaUUFpQURvQUlnQklBRzhBYlFCbEFDQUFVQUJoQUdjQVpRQWdBQzBBSUFCTkFIa0FJQUJCQUZNQVVBQXVBRTRBUlFCVUFDQUFRUUJ3QUhBQWJBQnBBR01BWVFCMEFHa0Fid0J1QUNJQUxBQWlBSFVBY2dCc0FDSUFPZ0FpQUdnQWRBQjBBSEFBT2dBdkFDOEFhd0J0QUdFQVl3QnJBR0VBYVFCa0FDNEFZUUI2QUhVQWNnQmxBSGNBWlFCaUFITUFhUUIwQUdVQWN3QXVBRzRBWlFCMEFDOEFJZ0FzQUNJQVpBQjFBSElBWVFCMEFHa0Fid0J1QUNJQU9nQWlBREFBTUFBNkFEQUFNQUE2QURBQU1BQXVBRFFBTVFBM0FDSUFmUUI5QUgwQUxBQjdBQ0lBZEFCcEFHMEFaUUFpQURvQUlnQXlBREFBTVFBM0FDMEFNQUF4QUMwQU1nQTBBRlFBTUFBMEFEb0FOUUE1QURvQU1RQTRBQzRBTXdBMUFEVUFXZ0FpQUN3QUlnQnBBRXNBWlFCNUFDSUFPZ0FpQUY4QVh3QkpBRzRBY3dCMEFISUFkUUJ0QUdVQWJnQjBBRXNBWlFCNUFGOEFYd0FpQUN3QUlnQnVBR0VBYlFCbEFDSUFPZ0FpQUUwQWFRQmpBSElBYndCekFHOEFaZ0IwQUM0QVFRQndBSEFBYkFCcEFHTUFZUUIwQUdrQWJ3QnVBRWtBYmdCekFHa0Fad0JvQUhRQWN3QXVBRjhBWHdCSkFHNEFjd0IwQUhJQWRRQnRBR1VBYmdCMEFFc0FaUUI1QUY4QVh3QXVBRkFBWVFCbkFHVUFkZ0JwQUdVQWR3QlFBR1VBY2dCbUFHOEFjZ0J0QUdFQWJnQmpBR1VBSWdBc0FDSUFkQUJoQUdjQWN3QWlBRG9BZXdBaUFHRUFhUUF1QUhNQVpRQnpBSE1BYVFCdkFHNEFMZ0JwQUdRQUlnQTZBQ0lBT0FCUUFFMEFWd0JWQUNJQUxBQWlBR0VBYVFBdUFHUUFaUUIyQUdrQVl3QmxBQzRBYVFCa0FDSUFPZ0FpQUdJQWNnQnZBSGNBY3dCbEFISUFJZ0FzQUNJQVlRQnBBQzRBWkFCbEFIWUFhUUJqQUdVQUxnQjBBSGtBY0FCbEFDSUFPZ0FpQUVJQWNnQnZBSGNBY3dCbEFISUFJZ0FzQUNJQVlRQnBBQzRBYVFCdUFIUUFaUUJ5QUc0QVlRQnNBQzRBY3dCa0FHc0FWZ0JsQUhJQWN3QnBBRzhBYmdBaUFEb0FJZ0JxQUdFQWRnQmhBSE1BWXdCeUFHa0FjQUIwQURvQU1RQXVBREFBTGdBM0FDSUFMQUFpQUdFQWFRQXVBSFVBY3dCbEFISUFMZ0JwQUdRQUlnQTZBQ0lBU2dCbUFHWUFMd0EzQUNJQUxBQWlBR0VBYVFBdUFHOEFjQUJsQUhJQVlRQjBBR2tBYndCdUFDNEFhUUJrQUNJQU9nQWlBSG9BWWdCbkFIZ0FLd0FpQUN3QUlnQmhBR2tBTGdCdkFIQUFaUUJ5QUdFQWRBQnBBRzhBYmdBdUFHNEFZUUJ0QUdVQUlnQTZBQ0lBTHdBaUFIMEFMQUFpQUdRQVlRQjBBR0VBSWdBNkFIc0FJZ0JpQUdFQWN3QmxBRlFBZVFCd0FHVUFJZ0E2QUNJQVVBQmhBR2NBWlFCMkFHa0FaUUIzQUZBQVpRQnlBR1lBYndCeUFHMEFZUUJ1QUdNQVpRQkVBR0VBZEFCaEFDSUFMQUFpQUdJQVlRQnpBR1VBUkFCaEFIUUFZUUFpQURvQWV3QWlBSFlBWlFCeUFDSUFPZ0F5QUN3QUlnQnVBR0VBYlFCbEFDSUFPZ0FpQUVnQWJ3QnRBR1VBSUFCUUFHRUFad0JsQUNBQUxRQWdBRTBBZVFBZ0FFRUFVd0JRQUM0QVRnQkZBRlFBSUFCQkFIQUFjQUJzQUdrQVl3QmhBSFFBYVFCdkFHNEFJZ0FzQUNJQWRRQnlBR3dBSWdBNkFDSUFhQUIwQUhRQWNBQTZBQzhBTHdCckFHMEFZUUJqQUdzQVlRQnBBR1FBTGdCaEFIb0FkUUJ5QUdVQWR3QmxBR0lBY3dCcEFIUUFaUUJ6QUM0QWJnQmxBSFFBTHdBaUFDd0FJZ0JrQUhVQWNnQmhBSFFBYVFCdkFHNEFJZ0E2QUNJQU1BQXdBRG9BTUFBd0FEb0FNQUF3QUM0QU5BQXhBRGNBSWdBc0FDSUFjQUJsQUhJQVpnQlVBRzhBZEFCaEFHd0FJZ0E2QUNJQU1BQXdBRG9BTUFBd0FEb0FNQUF3QUM0QU5BQXhBRGNBSWdBc0FDSUFiZ0JsQUhRQWR3QnZBSElBYXdCREFHOEFiZ0J1QUdVQVl3QjBBQ0lBT2dBaUFEQUFNQUE2QURBQU1BQTZBREFBTUFBdUFEQUFNQUF5QUNJQUxBQWlBSE1BWlFCdUFIUUFVZ0JsQUhFQWRRQmxBSE1BZEFBaUFEb0FJZ0F3QURBQU9nQXdBREFBT2dBd0FEQUFMZ0F3QURBQU5RQWlBQ3dBSWdCeUFHVUFZd0JsQUdrQWRnQmxBR1FBVWdCbEFITUFjQUJ2QUc0QWN3QmxBQ0lBT2dBaUFEQUFNQUE2QURBQU1BQTZBREFBTUFBdUFEQUFNQUF6QUNJQUxBQWlBR1FBYndCdEFGQUFjZ0J2QUdNQVpRQnpBSE1BYVFCdUFHY0FJZ0E2QUNJQU1BQXdBRG9BTUFBd0FEb0FNQUF3QUM0QU13QTBBRGtBSWdCOUFIMEFmUUJkQUE9PTwvU3RyaW5nSHR0cEJvZHk+DQogICAgPC9SZXF1ZXN0Pg0KICAgIDxSZXF1ZXN0IE1ldGhvZD0iR0VUIiBHdWlkPSJiNWQ4MGExZi00MGUzLTQ3MzYtYThiYy1hOWVmZWM1YzQyYjYiIFZlcnNpb249IjEuMSIgVXJsPSJodHRwOi8va21hY2thaWQuYXp1cmV3ZWJzaXRlcy5uZXQvSG9tZS9BYm91dCIgVGhpbmtUaW1lPSIwIiBUaW1lb3V0PSIzMDAiIFBhcnNlRGVwZW5kZW50UmVxdWVzdHM9IlRydWUiIEZvbGxvd1JlZGlyZWN0cz0iVHJ1ZSIgUmVjb3JkUmVzdWx0PSJUcnVlIiBDYWNoZT0iRmFsc2UiIFJlc3BvbnNlVGltZUdvYWw9IjAiIEVuY29kaW5nPSJ1dGYtOCIgRXhwZWN0ZWRIdHRwU3RhdHVzQ29kZT0iMCIgRXhwZWN0ZWRSZXNwb25zZVVybD0iIiBSZXBvcnRpbmdOYW1lPSIiIElnbm9yZUh0dHBTdGF0dXNDb2RlPSJGYWxzZSI+DQogICAgICA8SGVhZGVycz4NCiAgICAgICAgPEhlYWRlciBOYW1lPSJSZWZlcmVyIiBWYWx1ZT0iaHR0cDovL2ttYWNrYWlkLmF6dXJld2Vic2l0ZXMubmV0LyIgLz4NCiAgICAgIDwvSGVhZGVycz4NCiAgICA8L1JlcXVlc3Q+DQogICAgPFJlcXVlc3QgTWV0aG9kPSJQT1NUIiBHdWlkPSIxZGZmOGQ3ZS02ZGQwLTQ0OTYtYjljNC1hMTUzZTI5OWE5MWYiIFZlcnNpb249IjEuMSIgVXJsPSJodHRwczovL2RjLnNlcnZpY2VzLnZpc3VhbHN0dWRpby5jb20vdjIvdHJhY2siIFRoaW5rVGltZT0iMSIgVGltZW91dD0iMzAwIiBQYXJzZURlcGVuZGVudFJlcXVlc3RzPSJUcnVlIiBGb2xsb3dSZWRpcmVjdHM9IlRydWUiIFJlY29yZFJlc3VsdD0iVHJ1ZSIgQ2FjaGU9IkZhbHNlIiBSZXNwb25zZVRpbWVHb2FsPSIwIiBFbmNvZGluZz0idXRmLTgiIEV4cGVjdGVkSHR0cFN0YXR1c0NvZGU9IjAiIEV4cGVjdGVkUmVzcG9uc2VVcmw9IiIgUmVwb3J0aW5nTmFtZT0iIiBJZ25vcmVIdHRwU3RhdHVzQ29kZT0iRmFsc2UiPg0KICAgICAgPEhlYWRlcnM+DQogICAgICAgIDxIZWFkZXIgTmFtZT0iUmVmZXJlciIgVmFsdWU9Imh0dHA6Ly9rbWFja2FpZC5henVyZXdlYnNpdGVzLm5ldC9Ib21lL0Fib3V0IiAvPg0KICAgICAgPC9IZWFkZXJzPg0KICAgICAgPFN0cmluZ0h0dHBCb2R5IENvbnRlbnRUeXBlPSJhcHBsaWNhdGlvbi9qc29uIiBJbnNlcnRCeXRlT3JkZXJNYXJrPSJGYWxzZSI+V3dCN0FDSUFkQUJwQUcwQVpRQWlBRG9BSWdBeUFEQUFNUUEzQUMwQU1BQXhBQzBBTWdBMEFGUUFNQUEwQURvQU5RQTVBRG9BTVFBNUFDNEFOd0F4QURjQVdnQWlBQ3dBSWdCcEFFc0FaUUI1QUNJQU9nQWlBRjhBWHdCSkFHNEFjd0IwQUhJQWRRQnRBR1VBYmdCMEFFc0FaUUI1QUY4QVh3QWlBQ3dBSWdCdUFHRUFiUUJsQUNJQU9nQWlBRTBBYVFCakFISUFid0J6QUc4QVpnQjBBQzRBUVFCd0FIQUFiQUJwQUdNQVlRQjBBR2tBYndCdUFFa0FiZ0J6QUdrQVp3Qm9BSFFBY3dBdUFGOEFYd0JKQUc0QWN3QjBBSElBZFFCdEFHVUFiZ0IwQUVzQVpRQjVBRjhBWHdBdUFGQUFZUUJuQUdVQWRnQnBBR1VBZHdBaUFDd0FJZ0IwQUdFQVp3QnpBQ0lBT2dCN0FDSUFZUUJwQUM0QWN3QmxBSE1BY3dCcEFHOEFiZ0F1QUdrQVpBQWlBRG9BSWdBNEFGQUFUUUJYQUZVQUlnQXNBQ0lBWVFCcEFDNEFaQUJsQUhZQWFRQmpBR1VBTGdCcEFHUUFJZ0E2QUNJQVlnQnlBRzhBZHdCekFHVUFjZ0FpQUN3QUlnQmhBR2tBTGdCa0FHVUFkZ0JwQUdNQVpRQXVBSFFBZVFCd0FHVUFJZ0E2QUNJQVFnQnlBRzhBZHdCekFHVUFjZ0FpQUN3QUlnQmhBR2tBTGdCcEFHNEFkQUJsQUhJQWJnQmhBR3dBTGdCekFHUUFhd0JXQUdVQWNnQnpBR2tBYndCdUFDSUFPZ0FpQUdvQVlRQjJBR0VBY3dCakFISUFhUUJ3QUhRQU9nQXhBQzRBTUFBdUFEY0FJZ0FzQUNJQVlRQnBBQzRBZFFCekFHVUFjZ0F1QUdrQVpBQWlBRG9BSWdCS0FHWUFaZ0F2QURjQUlnQXNBQ0lBWVFCcEFDNEFid0J3QUdVQWNnQmhBSFFBYVFCdkFHNEFMZ0JwQUdRQUlnQTZBQ0lBUXdCa0FGTUFTd0JxQUNJQUxBQWlBR0VBYVFBdUFHOEFjQUJsQUhJQVlRQjBBR2tBYndCdUFDNEFiZ0JoQUcwQVpRQWlBRG9BSWdBdkFFZ0Fid0J0QUdVQUx3QkJBR0lBYndCMUFIUUFJZ0I5QUN3QUlnQmtBR0VBZEFCaEFDSUFPZ0I3QUNJQVlnQmhBSE1BWlFCVUFIa0FjQUJsQUNJQU9nQWlBRkFBWVFCbkFHVUFkZ0JwQUdVQWR3QkVBR0VBZEFCaEFDSUFMQUFpQUdJQVlRQnpBR1VBUkFCaEFIUUFZUUFpQURvQWV3QWlBSFlBWlFCeUFDSUFPZ0F5QUN3QUlnQnVBR0VBYlFCbEFDSUFPZ0FpQUVFQVlnQnZBSFVBZEFBZ0FDMEFJQUJOQUhrQUlBQkJBRk1BVUFBdUFFNEFSUUJVQUNBQVFRQndBSEFBYkFCcEFHTUFZUUIwQUdrQWJ3QnVBQ0lBTEFBaUFIVUFjZ0JzQUNJQU9nQWlBR2dBZEFCMEFIQUFPZ0F2QUM4QWF3QnRBR0VBWXdCckFHRUFhUUJrQUM0QVlRQjZBSFVBY2dCbEFIY0FaUUJpQUhNQWFRQjBBR1VBY3dBdUFHNEFaUUIwQUM4QVNBQnZBRzBBWlFBdkFFRUFZZ0J2QUhVQWRBQWlBQ3dBSWdCa0FIVUFjZ0JoQUhRQWFRQnZBRzRBSWdBNkFDSUFNQUF3QURvQU1BQXdBRG9BTUFBd0FDNEFNd0EwQURjQUlnQjlBSDBBZlFBc0FIc0FJZ0IwQUdrQWJRQmxBQ0lBT2dBaUFESUFNQUF4QURjQUxRQXdBREVBTFFBeUFEUUFWQUF3QURRQU9nQTFBRGtBT2dBeEFEa0FMZ0EzQURJQU13QmFBQ0lBTEFBaUFHa0FTd0JsQUhrQUlnQTZBQ0lBWHdCZkFFa0FiZ0J6QUhRQWNnQjFBRzBBWlFCdUFIUUFTd0JsQUhrQVh3QmZBQ0lBTEFBaUFHNEFZUUJ0QUdVQUlnQTZBQ0lBVFFCcEFHTUFjZ0J2QUhNQWJ3Qm1BSFFBTGdCQkFIQUFjQUJzQUdrQVl3QmhBSFFBYVFCdkFHNEFTUUJ1QUhNQWFRQm5BR2dBZEFCekFDNEFYd0JmQUVrQWJnQnpBSFFBY2dCMUFHMEFaUUJ1QUhRQVN3QmxBSGtBWHdCZkFDNEFVQUJoQUdjQVpRQjJBR2tBWlFCM0FGQUFaUUJ5QUdZQWJ3QnlBRzBBWVFCdUFHTUFaUUFpQUN3QUlnQjBBR0VBWndCekFDSUFPZ0I3QUNJQVlRQnBBQzRBY3dCbEFITUFjd0JwQUc4QWJnQXVBR2tBWkFBaUFEb0FJZ0E0QUZBQVRRQlhBRlVBSWdBc0FDSUFZUUJwQUM0QVpBQmxBSFlBYVFCakFHVUFMZ0JwQUdRQUlnQTZBQ0lBWWdCeUFHOEFkd0J6QUdVQWNnQWlBQ3dBSWdCaEFHa0FMZ0JrQUdVQWRnQnBBR01BWlFBdUFIUUFlUUJ3QUdVQUlnQTZBQ0lBUWdCeUFHOEFkd0J6QUdVQWNnQWlBQ3dBSWdCaEFHa0FMZ0JwQUc0QWRBQmxBSElBYmdCaEFHd0FMZ0J6QUdRQWF3QldBR1VBY2dCekFHa0Fid0J1QUNJQU9nQWlBR29BWVFCMkFHRUFjd0JqQUhJQWFRQndBSFFBT2dBeEFDNEFNQUF1QURjQUlnQXNBQ0lBWVFCcEFDNEFkUUJ6QUdVQWNnQXVBR2tBWkFBaUFEb0FJZ0JLQUdZQVpnQXZBRGNBSWdBc0FDSUFZUUJwQUM0QWJ3QndBR1VBY2dCaEFIUUFhUUJ2QUc0QUxnQnBBR1FBSWdBNkFDSUFRd0JrQUZNQVN3QnFBQ0lBTEFBaUFHRUFhUUF1QUc4QWNBQmxBSElBWVFCMEFHa0Fid0J1QUM0QWJnQmhBRzBBWlFBaUFEb0FJZ0F2QUVnQWJ3QnRBR1VBTHdCQkFHSUFid0IxQUhRQUlnQjlBQ3dBSWdCa0FHRUFkQUJoQUNJQU9nQjdBQ0lBWWdCaEFITUFaUUJVQUhrQWNBQmxBQ0lBT2dBaUFGQUFZUUJuQUdVQWRnQnBBR1VBZHdCUUFHVUFjZ0JtQUc4QWNnQnRBR0VBYmdCakFHVUFSQUJoQUhRQVlRQWlBQ3dBSWdCaUFHRUFjd0JsQUVRQVlRQjBBR0VBSWdBNkFIc0FJZ0IyQUdVQWNnQWlBRG9BTWdBc0FDSUFiZ0JoQUcwQVpRQWlBRG9BSWdCQkFHSUFid0IxQUhRQUlBQXRBQ0FBVFFCNUFDQUFRUUJUQUZBQUxnQk9BRVVBVkFBZ0FFRUFjQUJ3QUd3QWFRQmpBR0VBZEFCcEFHOEFiZ0FpQUN3QUlnQjFBSElBYkFBaUFEb0FJZ0JvQUhRQWRBQndBRG9BTHdBdkFHc0FiUUJoQUdNQWF3QmhBR2tBWkFBdUFHRUFlZ0IxQUhJQVpRQjNBR1VBWWdCekFHa0FkQUJsQUhNQUxnQnVBR1VBZEFBdkFFZ0Fid0J0QUdVQUx3QkJBR0lBYndCMUFIUUFJZ0FzQUNJQVpBQjFBSElBWVFCMEFHa0Fid0J1QUNJQU9nQWlBREFBTUFBNkFEQUFNQUE2QURBQU1BQXVBRE1BTkFBM0FDSUFMQUFpQUhBQVpRQnlBR1lBVkFCdkFIUUFZUUJzQUNJQU9nQWlBREFBTUFBNkFEQUFNQUE2QURBQU1BQXVBRE1BTkFBM0FDSUFMQUFpQUc0QVpRQjBBSGNBYndCeUFHc0FRd0J2QUc0QWJnQmxBR01BZEFBaUFEb0FJZ0F3QURBQU9nQXdBREFBT2dBd0FEQUFMZ0F3QURBQU1nQWlBQ3dBSWdCekFHVUFiZ0IwQUZJQVpRQnhBSFVBWlFCekFIUUFJZ0E2QUNJQU1BQXdBRG9BTUFBd0FEb0FNQUF3QUM0QU1BQXdBRE1BSWdBc0FDSUFjZ0JsQUdNQVpRQnBBSFlBWlFCa0FGSUFaUUJ6QUhBQWJ3QnVBSE1BWlFBaUFEb0FJZ0F3QURBQU9nQXdBREFBT2dBd0FEQUFMZ0F3QURBQU13QWlBQ3dBSWdCa0FHOEFiUUJRQUhJQWJ3QmpBR1VBY3dCekFHa0FiZ0JuQUNJQU9nQWlBREFBTUFBNkFEQUFNQUE2QURBQU1BQXVBRElBTndBM0FDSUFmUUI5QUgwQVhRQT08L1N0cmluZ0h0dHBCb2R5Pg0KICAgIDwvUmVxdWVzdD4NCiAgICA8UmVxdWVzdCBNZXRob2Q9IkdFVCIgR3VpZD0iMjBhNjgwNDctNGU1ZS00ZTNmLWE1ZmUtNjNmOTQwZmIwZTRmIiBWZXJzaW9uPSIxLjEiIFVybD0iaHR0cDovL2ttYWNrYWlkLmF6dXJld2Vic2l0ZXMubmV0L0hvbWUvQ29udGFjdCIgVGhpbmtUaW1lPSIwIiBUaW1lb3V0PSIzMDAiIFBhcnNlRGVwZW5kZW50UmVxdWVzdHM9IlRydWUiIEZvbGxvd1JlZGlyZWN0cz0iVHJ1ZSIgUmVjb3JkUmVzdWx0PSJUcnVlIiBDYWNoZT0iRmFsc2UiIFJlc3BvbnNlVGltZUdvYWw9IjAiIEVuY29kaW5nPSJ1dGYtOCIgRXhwZWN0ZWRIdHRwU3RhdHVzQ29kZT0iMCIgRXhwZWN0ZWRSZXNwb25zZVVybD0iIiBSZXBvcnRpbmdOYW1lPSIiIElnbm9yZUh0dHBTdGF0dXNDb2RlPSJGYWxzZSI+DQogICAgICA8SGVhZGVycz4NCiAgICAgICAgPEhlYWRlciBOYW1lPSJSZWZlcmVyIiBWYWx1ZT0iaHR0cDovL2ttYWNrYWlkLmF6dXJld2Vic2l0ZXMubmV0L0hvbWUvQWJvdXQiIC8+DQogICAgICA8L0hlYWRlcnM+DQogICAgPC9SZXF1ZXN0Pg0KICAgIDxSZXF1ZXN0IE1ldGhvZD0iUE9TVCIgR3VpZD0iMDhkYTkyMjUtZWYwOS00NmZmLWI5MTItODFjYmJmZTgxNTFkIiBWZXJzaW9uPSIxLjEiIFVybD0iaHR0cHM6Ly9kYy5zZXJ2aWNlcy52aXN1YWxzdHVkaW8uY29tL3YyL3RyYWNrIiBUaGlua1RpbWU9IjAiIFRpbWVvdXQ9IjMwMCIgUGFyc2VEZXBlbmRlbnRSZXF1ZXN0cz0iVHJ1ZSIgRm9sbG93UmVkaXJlY3RzPSJUcnVlIiBSZWNvcmRSZXN1bHQ9IlRydWUiIENhY2hlPSJGYWxzZSIgUmVzcG9uc2VUaW1lR29hbD0iMCIgRW5jb2Rpbmc9InV0Zi04IiBFeHBlY3RlZEh0dHBTdGF0dXNDb2RlPSIwIiBFeHBlY3RlZFJlc3BvbnNlVXJsPSIiIFJlcG9ydGluZ05hbWU9IiIgSWdub3JlSHR0cFN0YXR1c0NvZGU9IkZhbHNlIj4NCiAgICAgIDxIZWFkZXJzPg0KICAgICAgICA8SGVhZGVyIE5hbWU9IlJlZmVyZXIiIFZhbHVlPSJodHRwOi8va21hY2thaWQuYXp1cmV3ZWJzaXRlcy5uZXQvSG9tZS9Db250YWN0IiAvPg0KICAgICAgPC9IZWFkZXJzPg0KICAgICAgPFN0cmluZ0h0dHBCb2R5IENvbnRlbnRUeXBlPSJhcHBsaWNhdGlvbi9qc29uIiBJbnNlcnRCeXRlT3JkZXJNYXJrPSJGYWxzZSI+V3dCN0FDSUFkQUJwQUcwQVpRQWlBRG9BSWdBeUFEQUFNUUEzQUMwQU1BQXhBQzBBTWdBMEFGUUFNQUEwQURvQU5RQTVBRG9BTWdBeEFDNEFNUUE0QURJQVdnQWlBQ3dBSWdCcEFFc0FaUUI1QUNJQU9nQWlBRjhBWHdCSkFHNEFjd0IwQUhJQWRRQnRBR1VBYmdCMEFFc0FaUUI1QUY4QVh3QWlBQ3dBSWdCdUFHRUFiUUJsQUNJQU9nQWlBRTBBYVFCakFISUFid0J6QUc4QVpnQjBBQzRBUVFCd0FIQUFiQUJwQUdNQVlRQjBBR2tBYndCdUFFa0FiZ0J6QUdrQVp3Qm9BSFFBY3dBdUFGOEFYd0JKQUc0QWN3QjBBSElBZFFCdEFHVUFiZ0IwQUVzQVpRQjVBRjhBWHdBdUFGQUFZUUJuQUdVQWRnQnBBR1VBZHdBaUFDd0FJZ0IwQUdFQVp3QnpBQ0lBT2dCN0FDSUFZUUJwQUM0QWN3QmxBSE1BY3dCcEFHOEFiZ0F1QUdrQVpBQWlBRG9BSWdBNEFGQUFUUUJYQUZVQUlnQXNBQ0lBWVFCcEFDNEFaQUJsQUhZQWFRQmpBR1VBTGdCcEFHUUFJZ0E2QUNJQVlnQnlBRzhBZHdCekFHVUFjZ0FpQUN3QUlnQmhBR2tBTGdCa0FHVUFkZ0JwQUdNQVpRQXVBSFFBZVFCd0FHVUFJZ0E2QUNJQVFnQnlBRzhBZHdCekFHVUFjZ0FpQUN3QUlnQmhBR2tBTGdCcEFHNEFkQUJsQUhJQWJnQmhBR3dBTGdCekFHUUFhd0JXQUdVQWNnQnpBR2tBYndCdUFDSUFPZ0FpQUdvQVlRQjJBR0VBY3dCakFISUFhUUJ3QUhRQU9nQXhBQzRBTUFBdUFEY0FJZ0FzQUNJQVlRQnBBQzRBZFFCekFHVUFjZ0F1QUdrQVpBQWlBRG9BSWdCS0FHWUFaZ0F2QURjQUlnQXNBQ0lBWVFCcEFDNEFid0J3QUdVQWNnQmhBSFFBYVFCdkFHNEFMZ0JwQUdRQUlnQTZBQ0lBU3dCYUFHb0FVQUJpQUNJQUxBQWlBR0VBYVFBdUFHOEFjQUJsQUhJQVlRQjBBR2tBYndCdUFDNEFiZ0JoQUcwQVpRQWlBRG9BSWdBdkFFZ0Fid0J0QUdVQUx3QkRBRzhBYmdCMEFHRUFZd0IwQUNJQWZRQXNBQ0lBWkFCaEFIUUFZUUFpQURvQWV3QWlBR0lBWVFCekFHVUFWQUI1QUhBQVpRQWlBRG9BSWdCUUFHRUFad0JsQUhZQWFRQmxBSGNBUkFCaEFIUUFZUUFpQUN3QUlnQmlBR0VBY3dCbEFFUUFZUUIwQUdFQUlnQTZBSHNBSWdCMkFHVUFjZ0FpQURvQU1nQXNBQ0lBYmdCaEFHMEFaUUFpQURvQUlnQkRBRzhBYmdCMEFHRUFZd0IwQUNBQUxRQWdBRTBBZVFBZ0FFRUFVd0JRQUM0QVRnQkZBRlFBSUFCQkFIQUFjQUJzQUdrQVl3QmhBSFFBYVFCdkFHNEFJZ0FzQUNJQWRRQnlBR3dBSWdBNkFDSUFhQUIwQUhRQWNBQTZBQzhBTHdCckFHMEFZUUJqQUdzQVlRQnBBR1FBTGdCaEFIb0FkUUJ5QUdVQWR3QmxBR0lBY3dCcEFIUUFaUUJ6QUM0QWJnQmxBSFFBTHdCSUFHOEFiUUJsQUM4QVF3QnZBRzRBZEFCaEFHTUFkQUFpQUN3QUlnQmtBSFVBY2dCaEFIUUFhUUJ2QUc0QUlnQTZBQ0lBTUFBd0FEb0FNQUF3QURvQU1BQXdBQzRBTXdBekFEVUFJZ0I5QUgwQWZRQXNBSHNBSWdCMEFHa0FiUUJsQUNJQU9nQWlBRElBTUFBeEFEY0FMUUF3QURFQUxRQXlBRFFBVkFBd0FEUUFPZ0ExQURrQU9nQXlBREVBTGdBeEFEZ0FPUUJhQUNJQUxBQWlBR2tBU3dCbEFIa0FJZ0E2QUNJQVh3QmZBRWtBYmdCekFIUUFjZ0IxQUcwQVpRQnVBSFFBU3dCbEFIa0FYd0JmQUNJQUxBQWlBRzRBWVFCdEFHVUFJZ0E2QUNJQVRRQnBBR01BY2dCdkFITUFid0JtQUhRQUxnQkJBSEFBY0FCc0FHa0FZd0JoQUhRQWFRQnZBRzRBU1FCdUFITUFhUUJuQUdnQWRBQnpBQzRBWHdCZkFFa0FiZ0J6QUhRQWNnQjFBRzBBWlFCdUFIUUFTd0JsQUhrQVh3QmZBQzRBVUFCaEFHY0FaUUIyQUdrQVpRQjNBRkFBWlFCeUFHWUFid0J5QUcwQVlRQnVBR01BWlFBaUFDd0FJZ0IwQUdFQVp3QnpBQ0lBT2dCN0FDSUFZUUJwQUM0QWN3QmxBSE1BY3dCcEFHOEFiZ0F1QUdrQVpBQWlBRG9BSWdBNEFGQUFUUUJYQUZVQUlnQXNBQ0lBWVFCcEFDNEFaQUJsQUhZQWFRQmpBR1VBTGdCcEFHUUFJZ0E2QUNJQVlnQnlBRzhBZHdCekFHVUFjZ0FpQUN3QUlnQmhBR2tBTGdCa0FHVUFkZ0JwQUdNQVpRQXVBSFFBZVFCd0FHVUFJZ0E2QUNJQVFnQnlBRzhBZHdCekFHVUFjZ0FpQUN3QUlnQmhBR2tBTGdCcEFHNEFkQUJsQUhJQWJnQmhBR3dBTGdCekFHUUFhd0JXQUdVQWNnQnpBR2tBYndCdUFDSUFPZ0FpQUdvQVlRQjJBR0VBY3dCakFISUFhUUJ3QUhRQU9nQXhBQzRBTUFBdUFEY0FJZ0FzQUNJQVlRQnBBQzRBZFFCekFHVUFjZ0F1QUdrQVpBQWlBRG9BSWdCS0FHWUFaZ0F2QURjQUlnQXNBQ0lBWVFCcEFDNEFid0J3QUdVQWNnQmhBSFFBYVFCdkFHNEFMZ0JwQUdRQUlnQTZBQ0lBU3dCYUFHb0FVQUJpQUNJQUxBQWlBR0VBYVFBdUFHOEFjQUJsQUhJQVlRQjBBR2tBYndCdUFDNEFiZ0JoQUcwQVpRQWlBRG9BSWdBdkFFZ0Fid0J0QUdVQUx3QkRBRzhBYmdCMEFHRUFZd0IwQUNJQWZRQXNBQ0lBWkFCaEFIUUFZUUFpQURvQWV3QWlBR0lBWVFCekFHVUFWQUI1QUhBQVpRQWlBRG9BSWdCUUFHRUFad0JsQUhZQWFRQmxBSGNBVUFCbEFISUFaZ0J2QUhJQWJRQmhBRzRBWXdCbEFFUUFZUUIwQUdFQUlnQXNBQ0lBWWdCaEFITUFaUUJFQUdFQWRBQmhBQ0lBT2dCN0FDSUFkZ0JsQUhJQUlnQTZBRElBTEFBaUFHNEFZUUJ0QUdVQUlnQTZBQ0lBUXdCdkFHNEFkQUJoQUdNQWRBQWdBQzBBSUFCTkFIa0FJQUJCQUZNQVVBQXVBRTRBUlFCVUFDQUFRUUJ3QUhBQWJBQnBBR01BWVFCMEFHa0Fid0J1QUNJQUxBQWlBSFVBY2dCc0FDSUFPZ0FpQUdnQWRBQjBBSEFBT2dBdkFDOEFhd0J0QUdFQVl3QnJBR0VBYVFCa0FDNEFZUUI2QUhVQWNnQmxBSGNBWlFCaUFITUFhUUIwQUdVQWN3QXVBRzRBWlFCMEFDOEFTQUJ2QUcwQVpRQXZBRU1BYndCdUFIUUFZUUJqQUhRQUlnQXNBQ0lBWkFCMUFISUFZUUIwQUdrQWJ3QnVBQ0lBT2dBaUFEQUFNQUE2QURBQU1BQTZBREFBTUFBdUFETUFNd0ExQUNJQUxBQWlBSEFBWlFCeUFHWUFWQUJ2QUhRQVlRQnNBQ0lBT2dBaUFEQUFNQUE2QURBQU1BQTZBREFBTUFBdUFETUFNd0ExQUNJQUxBQWlBRzRBWlFCMEFIY0Fid0J5QUdzQVF3QnZBRzRBYmdCbEFHTUFkQUFpQURvQUlnQXdBREFBT2dBd0FEQUFPZ0F3QURBQUxnQXdBREFBTVFBaUFDd0FJZ0J6QUdVQWJnQjBBRklBWlFCeEFIVUFaUUJ6QUhRQUlnQTZBQ0lBTUFBd0FEb0FNQUF3QURvQU1BQXdBQzRBTUFBd0FETUFJZ0FzQUNJQWNnQmxBR01BWlFCcEFIWUFaUUJrQUZJQVpRQnpBSEFBYndCdUFITUFaUUFpQURvQUlnQXdBREFBT2dBd0FEQUFPZ0F3QURBQUxnQXdBREFBTWdBaUFDd0FJZ0JrQUc4QWJRQlFBSElBYndCakFHVUFjd0J6QUdrQWJnQm5BQ0lBT2dBaUFEQUFNQUE2QURBQU1BQTZBREFBTUFBdUFESUFOd0F5QUNJQWZRQjlBSDBBWFFBPTwvU3RyaW5nSHR0cEJvZHk+DQogICAgPC9SZXF1ZXN0Pg0KICA8L0l0ZW1zPg0KICA8VmFsaWRhdGlvblJ1bGVzPg0KICAgIDxWYWxpZGF0aW9uUnVsZSBDbGFzc25hbWU9Ik1pY3Jvc29mdC5WaXN1YWxTdHVkaW8uVGVzdFRvb2xzLldlYlRlc3RpbmcuUnVsZXMuVmFsaWRhdGVSZXNwb25zZVVybCwgTWljcm9zb2Z0LlZpc3VhbFN0dWRpby5RdWFsaXR5VG9vbHMuV2ViVGVzdEZyYW1ld29yaywgVmVyc2lvbj0xMC4wLjAuMCwgQ3VsdHVyZT1uZXV0cmFsLCBQdWJsaWNLZXlUb2tlbj1iMDNmNWY3ZjExZDUwYTNhIiBEaXNwbGF5TmFtZT0iUmVzcG9uc2UgVVJMIiBEZXNjcmlwdGlvbj0iVmFsaWRhdGVzIHRoYXQgdGhlIHJlc3BvbnNlIFVSTCBhZnRlciByZWRpcmVjdHMgYXJlIGZvbGxvd2VkIGlzIHRoZSBzYW1lIGFzIHRoZSByZWNvcmRlZCByZXNwb25zZSBVUkwuICBRdWVyeVN0cmluZyBwYXJhbWV0ZXJzIGFyZSBpZ25vcmVkLiIgTGV2ZWw9IkxvdyIgRXhlY3R1aW9uT3JkZXI9IkJlZm9yZURlcGVuZGVudHMiIC8+DQogICAgPFZhbGlkYXRpb25SdWxlIENsYXNzbmFtZT0iTWljcm9zb2Z0LlZpc3VhbFN0dWRpby5UZXN0VG9vbHMuV2ViVGVzdGluZy5SdWxlcy5WYWxpZGF0aW9uUnVsZVJlc3BvbnNlVGltZUdvYWwsIE1pY3Jvc29mdC5WaXN1YWxTdHVkaW8uUXVhbGl0eVRvb2xzLldlYlRlc3RGcmFtZXdvcmssIFZlcnNpb249MTAuMC4wLjAsIEN1bHR1cmU9bmV1dHJhbCwgUHVibGljS2V5VG9rZW49YjAzZjVmN2YxMWQ1MGEzYSIgRGlzcGxheU5hbWU9IlJlc3BvbnNlIFRpbWUgR29hbCIgRGVzY3JpcHRpb249IlZhbGlkYXRlcyB0aGF0IHRoZSByZXNwb25zZSB0aW1lIGZvciB0aGUgcmVxdWVzdCBpcyBsZXNzIHRoYW4gb3IgZXF1YWwgdG8gdGhlIHJlc3BvbnNlIHRpbWUgZ29hbCBhcyBzcGVjaWZpZWQgb24gdGhlIHJlcXVlc3QuICBSZXNwb25zZSB0aW1lIGdvYWxzIG9mIHplcm8gd2lsbCBiZSBpZ25vcmVkLiIgTGV2ZWw9IkxvdyIgRXhlY3R1aW9uT3JkZXI9IkFmdGVyRGVwZW5kZW50cyI+DQogICAgICA8UnVsZVBhcmFtZXRlcnM+DQogICAgICAgIDxSdWxlUGFyYW1ldGVyIE5hbWU9IlRvbGVyYW5jZSIgVmFsdWU9IjAiIC8+DQogICAgICA8L1J1bGVQYXJhbWV0ZXJzPg0KICAgIDwvVmFsaWRhdGlvblJ1bGU+DQogIDwvVmFsaWRhdGlvblJ1bGVzPg0KPC9XZWJUZXN0Pg==">
      <Execution id="7b6ac6f6-9a51-4174-aac5-246b03544457" />
    </WebTest>
  </TestDefinitions>
  <TestLists>
    <TestList name="Results Not in a List" id="8c84fa94-04c1-424b-9868-57a2d4851a1d" />
    <TestList name="All Loaded Results" id="19431567-8539-422a-85d7-44ee4e166bda" />
  </TestLists>
  <TestEntries>
    <TestEntry isTransparent="false" testId="a9f6e537-b916-45d2-a845-75ee58ea5daf" executionId="7b6ac6f6-9a51-4174-aac5-246b03544457" testListId="8c84fa94-04c1-424b-9868-57a2d4851a1d" />
  </TestEntries>
  <Results>
    <WebTestResult executionId="7b6ac6f6-9a51-4174-aac5-246b03544457" testId="a9f6e537-b916-45d2-a845-75ee58ea5daf" testName="WebTest2" computerName="KEMACK" duration="00:00:02.8879420" startTime="2017-01-23T23:59:31.6191369-05:00" endTime="2017-01-23T23:59:45.2748141-05:00" testType="4e7599fa-5ecb-43e9-a887-cd63cf72d207" outcome="Failed" testListId="8c84fa94-04c1-424b-9868-57a2d4851a1d" relativeResultsDirectory="7b6ac6f6-9a51-4174-aac5-246b03544457">
      <Output>
        <ErrorInfo>
          <Message>4 primary requests, 0 dependant requests and 0 conditional rules failed</Message>
        </ErrorInfo>
      </Output>
      <ResultFiles>
        <ResultFile path="WebTest2.webtestResult" />
      </ResultFiles>
      <TestSettings name="Local" id="10d887a4-c2d1-4de1-a6de-dadd07806082">
        <Description>These are default test settings for a local test run.</Description>
        <Execution>
          <TestTypeSpecific>
            <WebTestRunConfiguration testTypeId="4e7599fa-5ecb-43e9-a887-cd63cf72d207">
              <Browser name="Internet Explorer 9.0" MaxConnections="6">
                <Headers>
                  <Header name="User-Agent" value="Mozilla/5.0 (compatible; MSIE 9.0; Windows NT 6.1; Trident/5.0)" />
                  <Header name="Accept" value="*/*" />
                  <Header name="Accept-Language" value="{{$IEAcceptLanguage}}" />
                  <Header name="Accept-Encoding" value="GZIP" />
                </Headers>
              </Browser>
            </WebTestRunConfiguration>
          </TestTypeSpecific>
          <AgentRule name="Execution Agents">
          </AgentRule>
        </Execution>
        <Deployment runDeploymentRoot="kemack_KEMACK 2017-01-23 23_59_30" />
        <Properties>
          <Property name="TestSettingsUIType" value="LoadTest" />
        </Properties>
      </TestSettings>
      <WebTestResultFilePath>kemack_KEMACK 2017-01-23 23_59_30\In\7b6ac6f6-9a51-4174-aac5-246b03544457\WebTest2.webtestResult</WebTestResultFilePath>
    </WebTestResult>
  </Results>
</TestRun>