<?xml version="1.0" encoding="UTF-8"?>
<TestRun id="6d05f2c2-c39e-467e-9c39-5417e1426809" name="kemack@KEMACK 2017-01-24 10:43:41" runUser="NORTHAMERICA\kemack" xmlns="http://microsoft.com/schemas/VisualStudio/TeamTest/2010">
  <TestSettings name="Local" id="10d887a4-c2d1-4de1-a6de-dadd07806082">
    <Description>These are default test settings for a local test run.</Description>
    <Execution>
      <TestTypeSpecific />
      <AgentRule name="Execution Agents">
      </AgentRule>
    </Execution>
    <Deployment runDeploymentRoot="kemack_KEMACK 2017-01-24 10_43_41" />
    <Properties>
      <Property name="TestSettingsUIType" value="LoadTest" />
    </Properties>
  </TestSettings>
  <Times creation="2017-01-24T10:43:41.3933472-05:00" queuing="2017-01-24T10:43:41.9612857-05:00" start="2017-01-24T10:43:42.2864555-05:00" finish="2017-01-24T10:43:58.7592951-05:00" />
  <ResultSummary outcome="Failed">
    <Counters total="1" executed="1" error="0" failed="1" timeout="0" aborted="0" inconclusive="0" passedButRunAborted="0" notRunnable="0" notExecuted="0" disconnected="0" warning="0" passed="0" completed="0" inProgress="0" pending="0" />
  </ResultSummary>
  <TestDefinitions>
    <WebTest name="WebTest2" storage="c:\users\kemack\documents\visual studio 2015\projects\applicationinsightsdemo\applicationinsightsdemo.loadtest\webtest2.webtest" id="7bc60ee1-ea0b-4c50-8018-ad84359917d6" persistedWebTest="77u/PD94bWwgdmVyc2lvbj0iMS4wIiBlbmNvZGluZz0iVVRGLTgiIHN0YW5kYWxvbmU9InllcyI/Pg0KPFdlYlRlc3QgTmFtZT0iV2ViVGVzdDIiIElkPSI3YmM2MGVlMS1lYTBiLTRjNTAtODAxOC1hZDg0MzU5OTE3ZDYiIE93bmVyPSIiIFByaW9yaXR5PSIyMTQ3NDgzNjQ3IiBFbmFibGVkPSJUcnVlIiBDc3NQcm9qZWN0U3RydWN0dXJlPSIiIENzc0l0ZXJhdGlvbj0iIiBUaW1lb3V0PSIwIiBXb3JrSXRlbUlkcz0iIiB4bWxucz0iaHR0cDovL21pY3Jvc29mdC5jb20vc2NoZW1hcy9WaXN1YWxTdHVkaW8vVGVhbVRlc3QvMjAxMCIgRGVzY3JpcHRpb249IiIgQ3JlZGVudGlhbFVzZXJOYW1lPSIiIENyZWRlbnRpYWxQYXNzd29yZD0iIiBQcmVBdXRoZW50aWNhdGU9IlRydWUiIFByb3h5PSJkZWZhdWx0IiBTdG9wT25FcnJvcj0iRmFsc2UiIFJlY29yZGVkUmVzdWx0RmlsZT0iV2ViVGVzdDIuZWE5MmVmZjAtZjA3Yy00YzVjLWExMzktNTI4YTQ5ODdhN2Q5LnJlYy53ZWJ0ZXN0cmVzdWx0IiBSZXN1bHRzTG9jYWxlPSIiPg0KICA8SXRlbXM+DQogICAgPFJlcXVlc3QgTWV0aG9kPSJHRVQiIEd1aWQ9IjBlZTZkZTkzLWQyZDgtNGM1My1iNjEwLWY5ZWU4OTBlMDU1ZCIgVmVyc2lvbj0iMS4xIiBVcmw9Imh0dHA6Ly9rbWFja2FpZC5henVyZXdlYnNpdGVzLm5ldC8iIFRoaW5rVGltZT0iMSIgVGltZW91dD0iMzAwIiBQYXJzZURlcGVuZGVudFJlcXVlc3RzPSJUcnVlIiBGb2xsb3dSZWRpcmVjdHM9IlRydWUiIFJlY29yZFJlc3VsdD0iVHJ1ZSIgQ2FjaGU9IkZhbHNlIiBSZXNwb25zZVRpbWVHb2FsPSIwIiBFbmNvZGluZz0idXRmLTgiIEV4cGVjdGVkSHR0cFN0YXR1c0NvZGU9IjAiIEV4cGVjdGVkUmVzcG9uc2VVcmw9IiIgUmVwb3J0aW5nTmFtZT0iIiBJZ25vcmVIdHRwU3RhdHVzQ29kZT0iRmFsc2UiIC8+DQogICAgPFJlcXVlc3QgTWV0aG9kPSJPUFRJT05TIiBHdWlkPSI4MzgwMzJiNS1iZjJhLTQ0MmItYmU5NC1hNjMyNDRkZmU5N2YiIFZlcnNpb249IjEuMSIgVXJsPSJodHRwczovL2RjLnNlcnZpY2VzLnZpc3VhbHN0dWRpby5jb20vdjIvdHJhY2siIFRoaW5rVGltZT0iMCIgVGltZW91dD0iMzAwIiBQYXJzZURlcGVuZGVudFJlcXVlc3RzPSJUcnVlIiBGb2xsb3dSZWRpcmVjdHM9IlRydWUiIFJlY29yZFJlc3VsdD0iVHJ1ZSIgQ2FjaGU9IkZhbHNlIiBSZXNwb25zZVRpbWVHb2FsPSIwIiBFbmNvZGluZz0idXRmLTgiIEV4cGVjdGVkSHR0cFN0YXR1c0NvZGU9IjAiIEV4cGVjdGVkUmVzcG9uc2VVcmw9IiIgUmVwb3J0aW5nTmFtZT0iIiBJZ25vcmVIdHRwU3RhdHVzQ29kZT0iRmFsc2UiPg0KICAgICAgPFN0cmluZ0h0dHBCb2R5IENvbnRlbnRUeXBlPSIiIEluc2VydEJ5dGVPcmRlck1hcms9IkZhbHNlIj4NCiAgICAgIDwvU3RyaW5nSHR0cEJvZHk+DQogICAgPC9SZXF1ZXN0Pg0KICAgIDxSZXF1ZXN0IE1ldGhvZD0iUE9TVCIgR3VpZD0iMzU2NWNlZWEtNDNjNi00MzA0LWE5OTktZDhiZmU0NTU4NjNjIiBWZXJzaW9uPSIxLjEiIFVybD0iaHR0cHM6Ly9kYy5zZXJ2aWNlcy52aXN1YWxzdHVkaW8uY29tL3YyL3RyYWNrIiBUaGlua1RpbWU9IjAiIFRpbWVvdXQ9IjMwMCIgUGFyc2VEZXBlbmRlbnRSZXF1ZXN0cz0iVHJ1ZSIgRm9sbG93UmVkaXJlY3RzPSJUcnVlIiBSZWNvcmRSZXN1bHQ9IlRydWUiIENhY2hlPSJGYWxzZSIgUmVzcG9uc2VUaW1lR29hbD0iMCIgRW5jb2Rpbmc9InV0Zi04IiBFeHBlY3RlZEh0dHBTdGF0dXNDb2RlPSIwIiBFeHBlY3RlZFJlc3BvbnNlVXJsPSIiIFJlcG9ydGluZ05hbWU9IiIgSWdub3JlSHR0cFN0YXR1c0NvZGU9IkZhbHNlIj4NCiAgICAgIDxIZWFkZXJzPg0KICAgICAgICA8SGVhZGVyIE5hbWU9IlJlZmVyZXIiIFZhbHVlPSJodHRwOi8va21hY2thaWQuYXp1cmV3ZWJzaXRlcy5uZXQvIiAvPg0KICAgICAgPC9IZWFkZXJzPg0KICAgICAgPFN0cmluZ0h0dHBCb2R5IENvbnRlbnRUeXBlPSJhcHBsaWNhdGlvbi9qc29uIiBJbnNlcnRCeXRlT3JkZXJNYXJrPSJGYWxzZSI+V3dCN0FDSUFkQUJwQUcwQVpRQWlBRG9BSWdBeUFEQUFNUUEzQUMwQU1BQXhBQzBBTWdBMEFGUUFNUUExQURvQU5BQXpBRG9BTWdBMEFDNEFNQUE0QURrQVdnQWlBQ3dBSWdCcEFFc0FaUUI1QUNJQU9nQWlBRjhBWHdCSkFHNEFjd0IwQUhJQWRRQnRBR1VBYmdCMEFFc0FaUUI1QUY4QVh3QWlBQ3dBSWdCdUFHRUFiUUJsQUNJQU9nQWlBRTBBYVFCakFISUFid0J6QUc4QVpnQjBBQzRBUVFCd0FIQUFiQUJwQUdNQVlRQjBBR2tBYndCdUFFa0FiZ0J6QUdrQVp3Qm9BSFFBY3dBdUFGOEFYd0JKQUc0QWN3QjBBSElBZFFCdEFHVUFiZ0IwQUVzQVpRQjVBRjhBWHdBdUFGQUFZUUJuQUdVQWRnQnBBR1VBZHdBaUFDd0FJZ0IwQUdFQVp3QnpBQ0lBT2dCN0FDSUFZUUJwQUM0QWN3QmxBSE1BY3dCcEFHOEFiZ0F1QUdrQVpBQWlBRG9BSWdCdEFIRUFkZ0J5QUd3QUlnQXNBQ0lBWVFCcEFDNEFaQUJsQUhZQWFRQmpBR1VBTGdCcEFHUUFJZ0E2QUNJQVlnQnlBRzhBZHdCekFHVUFjZ0FpQUN3QUlnQmhBR2tBTGdCa0FHVUFkZ0JwQUdNQVpRQXVBSFFBZVFCd0FHVUFJZ0E2QUNJQVFnQnlBRzhBZHdCekFHVUFjZ0FpQUN3QUlnQmhBR2tBTGdCcEFHNEFkQUJsQUhJQWJnQmhBR3dBTGdCekFHUUFhd0JXQUdVQWNnQnpBR2tBYndCdUFDSUFPZ0FpQUdvQVlRQjJBR0VBY3dCakFISUFhUUJ3QUhRQU9nQXhBQzRBTUFBdUFEY0FJZ0FzQUNJQVlRQnBBQzRBZFFCekFHVUFjZ0F1QUdrQVpBQWlBRG9BSWdCS0FHWUFaZ0F2QURjQUlnQXNBQ0lBWVFCcEFDNEFid0J3QUdVQWNnQmhBSFFBYVFCdkFHNEFMZ0JwQUdRQUlnQTZBQ0lBWlFCU0FDc0FOUUE1QUNJQUxBQWlBR0VBYVFBdUFHOEFjQUJsQUhJQVlRQjBBR2tBYndCdUFDNEFiZ0JoQUcwQVpRQWlBRG9BSWdBdkFDSUFmUUFzQUNJQVpBQmhBSFFBWVFBaUFEb0Fld0FpQUdJQVlRQnpBR1VBVkFCNUFIQUFaUUFpQURvQUlnQlFBR0VBWndCbEFIWUFhUUJsQUhjQVJBQmhBSFFBWVFBaUFDd0FJZ0JpQUdFQWN3QmxBRVFBWVFCMEFHRUFJZ0E2QUhzQUlnQjJBR1VBY2dBaUFEb0FNZ0FzQUNJQWJnQmhBRzBBWlFBaUFEb0FJZ0JJQUc4QWJRQmxBQ0FBVUFCaEFHY0FaUUFnQUMwQUlBQk5BSGtBSUFCQkFGTUFVQUF1QUU0QVJRQlVBQ0FBUVFCd0FIQUFiQUJwQUdNQVlRQjBBR2tBYndCdUFDSUFMQUFpQUhVQWNnQnNBQ0lBT2dBaUFHZ0FkQUIwQUhBQU9nQXZBQzhBYXdCdEFHRUFZd0JyQUdFQWFRQmtBQzRBWVFCNkFIVUFjZ0JsQUhjQVpRQmlBSE1BYVFCMEFHVUFjd0F1QUc0QVpRQjBBQzhBSWdBc0FDSUFaQUIxQUhJQVlRQjBBR2tBYndCdUFDSUFPZ0FpQURBQU1BQTZBREFBTUFBNkFEQUFOZ0F1QURBQU13QTBBQ0lBZlFCOUFIMEFMQUI3QUNJQWRBQnBBRzBBWlFBaUFEb0FJZ0F5QURBQU1RQTNBQzBBTUFBeEFDMEFNZ0EwQUZRQU1RQTFBRG9BTkFBekFEb0FNZ0EwQUM0QU1BQTVBRGdBV2dBaUFDd0FJZ0JwQUVzQVpRQjVBQ0lBT2dBaUFGOEFYd0JKQUc0QWN3QjBBSElBZFFCdEFHVUFiZ0IwQUVzQVpRQjVBRjhBWHdBaUFDd0FJZ0J1QUdFQWJRQmxBQ0lBT2dBaUFFMEFhUUJqQUhJQWJ3QnpBRzhBWmdCMEFDNEFRUUJ3QUhBQWJBQnBBR01BWVFCMEFHa0Fid0J1QUVrQWJnQnpBR2tBWndCb0FIUUFjd0F1QUY4QVh3QkpBRzRBY3dCMEFISUFkUUJ0QUdVQWJnQjBBRXNBWlFCNUFGOEFYd0F1QUZBQVlRQm5BR1VBZGdCcEFHVUFkd0JRQUdVQWNnQm1BRzhBY2dCdEFHRUFiZ0JqQUdVQUlnQXNBQ0lBZEFCaEFHY0Fjd0FpQURvQWV3QWlBR0VBYVFBdUFITUFaUUJ6QUhNQWFRQnZBRzRBTGdCcEFHUUFJZ0E2QUNJQWJRQnhBSFlBY2dCc0FDSUFMQUFpQUdFQWFRQXVBR1FBWlFCMkFHa0FZd0JsQUM0QWFRQmtBQ0lBT2dBaUFHSUFjZ0J2QUhjQWN3QmxBSElBSWdBc0FDSUFZUUJwQUM0QVpBQmxBSFlBYVFCakFHVUFMZ0IwQUhrQWNBQmxBQ0lBT2dBaUFFSUFjZ0J2QUhjQWN3QmxBSElBSWdBc0FDSUFZUUJwQUM0QWFRQnVBSFFBWlFCeUFHNEFZUUJzQUM0QWN3QmtBR3NBVmdCbEFISUFjd0JwQUc4QWJnQWlBRG9BSWdCcUFHRUFkZ0JoQUhNQVl3QnlBR2tBY0FCMEFEb0FNUUF1QURBQUxnQTNBQ0lBTEFBaUFHRUFhUUF1QUhVQWN3QmxBSElBTGdCcEFHUUFJZ0E2QUNJQVNnQm1BR1lBTHdBM0FDSUFMQUFpQUdFQWFRQXVBRzhBY0FCbEFISUFZUUIwQUdrQWJ3QnVBQzRBYVFCa0FDSUFPZ0FpQUdVQVVnQXJBRFVBT1FBaUFDd0FJZ0JoQUdrQUxnQnZBSEFBWlFCeUFHRUFkQUJwQUc4QWJnQXVBRzRBWVFCdEFHVUFJZ0E2QUNJQUx3QWlBSDBBTEFBaUFHUUFZUUIwQUdFQUlnQTZBSHNBSWdCaUFHRUFjd0JsQUZRQWVRQndBR1VBSWdBNkFDSUFVQUJoQUdjQVpRQjJBR2tBWlFCM0FGQUFaUUJ5QUdZQWJ3QnlBRzBBWVFCdUFHTUFaUUJFQUdFQWRBQmhBQ0lBTEFBaUFHSUFZUUJ6QUdVQVJBQmhBSFFBWVFBaUFEb0Fld0FpQUhZQVpRQnlBQ0lBT2dBeUFDd0FJZ0J1QUdFQWJRQmxBQ0lBT2dBaUFFZ0Fid0J0QUdVQUlBQlFBR0VBWndCbEFDQUFMUUFnQUUwQWVRQWdBRUVBVXdCUUFDNEFUZ0JGQUZRQUlBQkJBSEFBY0FCc0FHa0FZd0JoQUhRQWFRQnZBRzRBSWdBc0FDSUFkUUJ5QUd3QUlnQTZBQ0lBYUFCMEFIUUFjQUE2QUM4QUx3QnJBRzBBWVFCakFHc0FZUUJwQUdRQUxnQmhBSG9BZFFCeUFHVUFkd0JsQUdJQWN3QnBBSFFBWlFCekFDNEFiZ0JsQUhRQUx3QWlBQ3dBSWdCa0FIVUFjZ0JoQUhRQWFRQnZBRzRBSWdBNkFDSUFNQUF3QURvQU1BQXdBRG9BTUFBMkFDNEFNQUF6QURRQUlnQXNBQ0lBY0FCbEFISUFaZ0JVQUc4QWRBQmhBR3dBSWdBNkFDSUFNQUF3QURvQU1BQXdBRG9BTUFBMkFDNEFNQUF6QURRQUlnQXNBQ0lBYmdCbEFIUUFkd0J2QUhJQWF3QkRBRzhBYmdCdUFHVUFZd0IwQUNJQU9nQWlBREFBTUFBNkFEQUFNQUE2QURBQU1BQXVBREFBTUFBd0FDSUFMQUFpQUhNQVpRQnVBSFFBVWdCbEFIRUFkUUJsQUhNQWRBQWlBRG9BSWdBd0FEQUFPZ0F3QURBQU9nQXdBREFBTGdBd0FERUFOQUFpQUN3QUlnQnlBR1VBWXdCbEFHa0FkZ0JsQUdRQVVnQmxBSE1BY0FCdkFHNEFjd0JsQUNJQU9nQWlBREFBTUFBNkFEQUFNQUE2QURBQU1BQXVBREFBTVFBd0FDSUFMQUFpQUdRQWJ3QnRBRkFBY2dCdkFHTUFaUUJ6QUhNQWFRQnVBR2NBSWdBNkFDSUFNQUF3QURvQU1BQXdBRG9BTUFBeEFDNEFNZ0EwQURZQUlnQjlBSDBBZlFCZEFBPT08L1N0cmluZ0h0dHBCb2R5Pg0KICAgIDwvUmVxdWVzdD4NCiAgPC9JdGVtcz4NCiAgPFZhbGlkYXRpb25SdWxlcz4NCiAgICA8VmFsaWRhdGlvblJ1bGUgQ2xhc3NuYW1lPSJNaWNyb3NvZnQuVmlzdWFsU3R1ZGlvLlRlc3RUb29scy5XZWJUZXN0aW5nLlJ1bGVzLlZhbGlkYXRlUmVzcG9uc2VVcmwsIE1pY3Jvc29mdC5WaXN1YWxTdHVkaW8uUXVhbGl0eVRvb2xzLldlYlRlc3RGcmFtZXdvcmssIFZlcnNpb249MTAuMC4wLjAsIEN1bHR1cmU9bmV1dHJhbCwgUHVibGljS2V5VG9rZW49YjAzZjVmN2YxMWQ1MGEzYSIgRGlzcGxheU5hbWU9IlJlc3BvbnNlIFVSTCIgRGVzY3JpcHRpb249IlZhbGlkYXRlcyB0aGF0IHRoZSByZXNwb25zZSBVUkwgYWZ0ZXIgcmVkaXJlY3RzIGFyZSBmb2xsb3dlZCBpcyB0aGUgc2FtZSBhcyB0aGUgcmVjb3JkZWQgcmVzcG9uc2UgVVJMLiAgUXVlcnlTdHJpbmcgcGFyYW1ldGVycyBhcmUgaWdub3JlZC4iIExldmVsPSJMb3ciIEV4ZWN0dWlvbk9yZGVyPSJCZWZvcmVEZXBlbmRlbnRzIiAvPg0KICAgIDxWYWxpZGF0aW9uUnVsZSBDbGFzc25hbWU9Ik1pY3Jvc29mdC5WaXN1YWxTdHVkaW8uVGVzdFRvb2xzLldlYlRlc3RpbmcuUnVsZXMuVmFsaWRhdGlvblJ1bGVSZXNwb25zZVRpbWVHb2FsLCBNaWNyb3NvZnQuVmlzdWFsU3R1ZGlvLlF1YWxpdHlUb29scy5XZWJUZXN0RnJhbWV3b3JrLCBWZXJzaW9uPTEwLjAuMC4wLCBDdWx0dXJlPW5ldXRyYWwsIFB1YmxpY0tleVRva2VuPWIwM2Y1ZjdmMTFkNTBhM2EiIERpc3BsYXlOYW1lPSJSZXNwb25zZSBUaW1lIEdvYWwiIERlc2NyaXB0aW9uPSJWYWxpZGF0ZXMgdGhhdCB0aGUgcmVzcG9uc2UgdGltZSBmb3IgdGhlIHJlcXVlc3QgaXMgbGVzcyB0aGFuIG9yIGVxdWFsIHRvIHRoZSByZXNwb25zZSB0aW1lIGdvYWwgYXMgc3BlY2lmaWVkIG9uIHRoZSByZXF1ZXN0LiAgUmVzcG9uc2UgdGltZSBnb2FscyBvZiB6ZXJvIHdpbGwgYmUgaWdub3JlZC4iIExldmVsPSJMb3ciIEV4ZWN0dWlvbk9yZGVyPSJBZnRlckRlcGVuZGVudHMiPg0KICAgICAgPFJ1bGVQYXJhbWV0ZXJzPg0KICAgICAgICA8UnVsZVBhcmFtZXRlciBOYW1lPSJUb2xlcmFuY2UiIFZhbHVlPSIwIiAvPg0KICAgICAgPC9SdWxlUGFyYW1ldGVycz4NCiAgICA8L1ZhbGlkYXRpb25SdWxlPg0KICA8L1ZhbGlkYXRpb25SdWxlcz4NCjwvV2ViVGVzdD4=">
      <Execution id="f71a547b-29f2-4be6-a751-5c8fae6aee96" />
    </WebTest>
  </TestDefinitions>
  <TestLists>
    <TestList name="Results Not in a List" id="8c84fa94-04c1-424b-9868-57a2d4851a1d" />
    <TestList name="All Loaded Results" id="19431567-8539-422a-85d7-44ee4e166bda" />
  </TestLists>
  <TestEntries>
    <TestEntry isTransparent="false" testId="7bc60ee1-ea0b-4c50-8018-ad84359917d6" executionId="f71a547b-29f2-4be6-a751-5c8fae6aee96" testListId="8c84fa94-04c1-424b-9868-57a2d4851a1d" />
  </TestEntries>
  <Results>
    <WebTestResult executionId="f71a547b-29f2-4be6-a751-5c8fae6aee96" testId="7bc60ee1-ea0b-4c50-8018-ad84359917d6" testName="WebTest2" computerName="KEMACK" duration="00:00:05.6758825" startTime="2017-01-24T10:43:42.3654542-05:00" endTime="2017-01-24T10:43:58.6828007-05:00" testType="4e7599fa-5ecb-43e9-a887-cd63cf72d207" outcome="Failed" testListId="8c84fa94-04c1-424b-9868-57a2d4851a1d" relativeResultsDirectory="f71a547b-29f2-4be6-a751-5c8fae6aee96">
      <Output>
        <ErrorInfo>
          <Message>1 primary requests, 0 dependant requests and 0 conditional rules failed</Message>
        </ErrorInfo>
      </Output>
      <ResultFiles>
        <ResultFile path="WebTest2.webtestResult" />
      </ResultFiles>
      <TestSettings name="Local" id="10d887a4-c2d1-4de1-a6de-dadd07806082">
        <Description>These are default test settings for a local test run.</Description>
        <Execution>
          <TestTypeSpecific>
            <WebTestRunConfiguration testTypeId="4e7599fa-5ecb-43e9-a887-cd63cf72d207">
              <Browser name="Internet Explorer 9.0" MaxConnections="6">
                <Headers>
                  <Header name="User-Agent" value="Mozilla/5.0 (compatible; MSIE 9.0; Windows NT 6.1; Trident/5.0)" />
                  <Header name="Accept" value="*/*" />
                  <Header name="Accept-Language" value="{{$IEAcceptLanguage}}" />
                  <Header name="Accept-Encoding" value="GZIP" />
                </Headers>
              </Browser>
            </WebTestRunConfiguration>
          </TestTypeSpecific>
          <AgentRule name="Execution Agents">
          </AgentRule>
        </Execution>
        <Deployment runDeploymentRoot="kemack_KEMACK 2017-01-24 10_43_41" />
        <Properties>
          <Property name="TestSettingsUIType" value="LoadTest" />
        </Properties>
      </TestSettings>
      <WebTestResultFilePath>kemack_KEMACK 2017-01-24 10_43_41\In\f71a547b-29f2-4be6-a751-5c8fae6aee96\WebTest2.webtestResult</WebTestResultFilePath>
    </WebTestResult>
  </Results>
</TestRun>