<?xml version="1.0" encoding="UTF-8"?>
<TestRun id="6ceee955-04d4-4e78-83be-54fbcc56cd54" name="kemack@KEMACK 2016-11-08 19:35:01" runUser="NORTHAMERICA\kemack" xmlns="http://microsoft.com/schemas/VisualStudio/TeamTest/2010">
  <TestSettings name="Local" id="10d887a4-c2d1-4de1-a6de-dadd07806082">
    <Description>These are default test settings for a local test run.</Description>
    <Execution>
      <TestTypeSpecific />
      <AgentRule name="Execution Agents">
      </AgentRule>
    </Execution>
    <Deployment runDeploymentRoot="kemack_KEMACK 2016-11-08 19_35_01" />
    <Properties>
      <Property name="TestSettingsUIType" value="LoadTest" />
    </Properties>
  </TestSettings>
  <Times creation="2016-11-08T19:35:01.3770840-05:00" queuing="2016-11-08T19:35:02.5760869-05:00" start="2016-11-08T19:35:02.9155838-05:00" finish="2016-11-08T19:35:21.9217728-05:00" />
  <ResultSummary outcome="Completed">
    <Counters total="1" executed="1" passed="1" error="0" failed="0" timeout="0" aborted="0" inconclusive="0" passedButRunAborted="0" notRunnable="0" notExecuted="0" disconnected="0" warning="0" completed="0" inProgress="0" pending="0" />
  </ResultSummary>
  <TestDefinitions>
    <WebTest name="WebTest1" storage="c:\users\kemack\documents\visual studio 2015\projects\applicationinsightsdemo\applicationinsightsdemo.loadtest\webtest1.webtest" id="6a2b3924-22f4-4f0c-a024-12e8b4c58b8a" persistedWebTest="77u/PD94bWwgdmVyc2lvbj0iMS4wIiBlbmNvZGluZz0iVVRGLTgiIHN0YW5kYWxvbmU9InllcyI/Pg0KPFdlYlRlc3QgTmFtZT0iV2ViVGVzdDEiIElkPSI2YTJiMzkyNC0yMmY0LTRmMGMtYTAyNC0xMmU4YjRjNThiOGEiIE93bmVyPSIiIFByaW9yaXR5PSIyMTQ3NDgzNjQ3IiBFbmFibGVkPSJUcnVlIiBDc3NQcm9qZWN0U3RydWN0dXJlPSIiIENzc0l0ZXJhdGlvbj0iIiBUaW1lb3V0PSIwIiBXb3JrSXRlbUlkcz0iIiB4bWxucz0iaHR0cDovL21pY3Jvc29mdC5jb20vc2NoZW1hcy9WaXN1YWxTdHVkaW8vVGVhbVRlc3QvMjAxMCIgRGVzY3JpcHRpb249IiIgQ3JlZGVudGlhbFVzZXJOYW1lPSIiIENyZWRlbnRpYWxQYXNzd29yZD0iIiBQcmVBdXRoZW50aWNhdGU9IlRydWUiIFByb3h5PSJkZWZhdWx0IiBTdG9wT25FcnJvcj0iRmFsc2UiIFJlY29yZGVkUmVzdWx0RmlsZT0iV2ViVGVzdDEuMjIxMjFiZWQtYTU0OC00ZGM2LTk4ODgtZGZjMTcwNTA1N2Q0LnJlYy53ZWJ0ZXN0cmVzdWx0IiBSZXN1bHRzTG9jYWxlPSIiPg0KICA8SXRlbXM+DQogICAgPFJlcXVlc3QgTWV0aG9kPSJHRVQiIEd1aWQ9ImUwYTU2NTgzLTA3NTctNDg1Yy1hZDcyLTQ4MjcyOWMzODRmZiIgVmVyc2lvbj0iMS4xIiBVcmw9Imh0dHA6Ly9rbWFja2FpZC5henVyZXdlYnNpdGVzLm5ldC8iIFRoaW5rVGltZT0iMCIgVGltZW91dD0iMzAwIiBQYXJzZURlcGVuZGVudFJlcXVlc3RzPSJUcnVlIiBGb2xsb3dSZWRpcmVjdHM9IlRydWUiIFJlY29yZFJlc3VsdD0iVHJ1ZSIgQ2FjaGU9IkZhbHNlIiBSZXNwb25zZVRpbWVHb2FsPSIwIiBFbmNvZGluZz0idXRmLTgiIEV4cGVjdGVkSHR0cFN0YXR1c0NvZGU9IjAiIEV4cGVjdGVkUmVzcG9uc2VVcmw9IiIgUmVwb3J0aW5nTmFtZT0iIiBJZ25vcmVIdHRwU3RhdHVzQ29kZT0iRmFsc2UiIC8+DQogICAgPFJlcXVlc3QgTWV0aG9kPSJPUFRJT05TIiBHdWlkPSI2ZWM1MDYxZC0wY2FkLTRhZjMtYmU1Mi0xNzA1ZjgzYzNlYjUiIFZlcnNpb249IjEuMSIgVXJsPSJodHRwczovL2RjLnNlcnZpY2VzLnZpc3VhbHN0dWRpby5jb20vdjIvdHJhY2siIFRoaW5rVGltZT0iMCIgVGltZW91dD0iMzAwIiBQYXJzZURlcGVuZGVudFJlcXVlc3RzPSJUcnVlIiBGb2xsb3dSZWRpcmVjdHM9IlRydWUiIFJlY29yZFJlc3VsdD0iVHJ1ZSIgQ2FjaGU9IkZhbHNlIiBSZXNwb25zZVRpbWVHb2FsPSIwIiBFbmNvZGluZz0idXRmLTgiIEV4cGVjdGVkSHR0cFN0YXR1c0NvZGU9IjAiIEV4cGVjdGVkUmVzcG9uc2VVcmw9IiIgUmVwb3J0aW5nTmFtZT0iIiBJZ25vcmVIdHRwU3RhdHVzQ29kZT0iRmFsc2UiPg0KICAgICAgPFN0cmluZ0h0dHBCb2R5IENvbnRlbnRUeXBlPSIiIEluc2VydEJ5dGVPcmRlck1hcms9IkZhbHNlIj4NCiAgICAgIDwvU3RyaW5nSHR0cEJvZHk+DQogICAgPC9SZXF1ZXN0Pg0KICAgIDxSZXF1ZXN0IE1ldGhvZD0iUE9TVCIgR3VpZD0iMTM0YjY0MGEtY2QzYS00MDRhLWE5ZTgtMTJiNTc4NDllN2JlIiBWZXJzaW9uPSIxLjEiIFVybD0iaHR0cHM6Ly9kYy5zZXJ2aWNlcy52aXN1YWxzdHVkaW8uY29tL3YyL3RyYWNrIiBUaGlua1RpbWU9IjIiIFRpbWVvdXQ9IjMwMCIgUGFyc2VEZXBlbmRlbnRSZXF1ZXN0cz0iVHJ1ZSIgRm9sbG93UmVkaXJlY3RzPSJUcnVlIiBSZWNvcmRSZXN1bHQ9IlRydWUiIENhY2hlPSJGYWxzZSIgUmVzcG9uc2VUaW1lR29hbD0iMCIgRW5jb2Rpbmc9InV0Zi04IiBFeHBlY3RlZEh0dHBTdGF0dXNDb2RlPSIwIiBFeHBlY3RlZFJlc3BvbnNlVXJsPSIiIFJlcG9ydGluZ05hbWU9IiIgSWdub3JlSHR0cFN0YXR1c0NvZGU9IkZhbHNlIj4NCiAgICAgIDxIZWFkZXJzPg0KICAgICAgICA8SGVhZGVyIE5hbWU9IlJlZmVyZXIiIFZhbHVlPSJodHRwOi8va21hY2thaWQuYXp1cmV3ZWJzaXRlcy5uZXQvIiAvPg0KICAgICAgPC9IZWFkZXJzPg0KICAgICAgPFN0cmluZ0h0dHBCb2R5IENvbnRlbnRUeXBlPSJhcHBsaWNhdGlvbi9qc29uIiBJbnNlcnRCeXRlT3JkZXJNYXJrPSJGYWxzZSI+V3dCN0FDSUFkQUJwQUcwQVpRQWlBRG9BSWdBeUFEQUFNUUEyQUMwQU1RQXhBQzBBTUFBNUFGUUFNQUF3QURvQU13QTBBRG9BTVFBNEFDNEFNQUEwQURRQVdnQWlBQ3dBSWdCcEFFc0FaUUI1QUNJQU9nQWlBRGdBWWdBMEFEQUFaZ0EzQURJQU13QXRBR01BTWdBM0FHUUFMUUEwQURVQVpRQTNBQzBBWWdCaUFEWUFZZ0F0QUdFQU5RQTRBRE1BTlFBNEFEZ0FNQUEwQURZQU9RQTJBQ0lBTEFBaUFHNEFZUUJ0QUdVQUlnQTZBQ0lBVFFCcEFHTUFjZ0J2QUhNQWJ3Qm1BSFFBTGdCQkFIQUFjQUJzQUdrQVl3QmhBSFFBYVFCdkFHNEFTUUJ1QUhNQWFRQm5BR2dBZEFCekFDNEFPQUJpQURRQU1BQm1BRGNBTWdBekFHTUFNZ0EzQUdRQU5BQTFBR1VBTndCaUFHSUFOZ0JpQUdFQU5RQTRBRE1BTlFBNEFEZ0FNQUEwQURZQU9RQTJBQzRBVUFCaEFHY0FaUUIyQUdrQVpRQjNBQ0lBTEFBaUFIUUFZUUJuQUhNQUlnQTZBSHNBSWdCaEFHa0FMZ0J6QUdVQWN3QnpBR2tBYndCdUFDNEFhUUJrQUNJQU9nQWlBRTRBZEFCR0FIRUFLd0FpQUN3QUlnQmhBR2tBTGdCa0FHVUFkZ0JwQUdNQVpRQXVBR2tBWkFBaUFEb0FJZ0JpQUhJQWJ3QjNBSE1BWlFCeUFDSUFMQUFpQUdFQWFRQXVBR1FBWlFCMkFHa0FZd0JsQUM0QWRBQjVBSEFBWlFBaUFEb0FJZ0JDQUhJQWJ3QjNBSE1BWlFCeUFDSUFMQUFpQUdFQWFRQXVBR2tBYmdCMEFHVUFjZ0J1QUdFQWJBQXVBSE1BWkFCckFGWUFaUUJ5QUhNQWFRQnZBRzRBSWdBNkFDSUFhZ0JoQUhZQVlRQnpBR01BY2dCcEFIQUFkQUE2QURFQUxnQXdBQzRBTkFBaUFDd0FJZ0JoQUdrQUxnQjFBSE1BWlFCeUFDNEFhUUJrQUNJQU9nQWlBRW9BWmdCbUFDOEFOd0FpQUN3QUlnQmhBR2tBTGdCdkFIQUFaUUJ5QUdFQWRBQnBBRzhBYmdBdUFHa0FaQUFpQURvQUlnQkJBRWtBYkFCSUFFWUFJZ0FzQUNJQVlRQnBBQzRBYndCd0FHVUFjZ0JoQUhRQWFRQnZBRzRBTGdCdUFHRUFiUUJsQUNJQU9nQWlBQzhBSWdCOUFDd0FJZ0JrQUdFQWRBQmhBQ0lBT2dCN0FDSUFZZ0JoQUhNQVpRQlVBSGtBY0FCbEFDSUFPZ0FpQUZBQVlRQm5BR1VBZGdCcEFHVUFkd0JFQUdFQWRBQmhBQ0lBTEFBaUFHSUFZUUJ6QUdVQVJBQmhBSFFBWVFBaUFEb0Fld0FpQUhZQVpRQnlBQ0lBT2dBeUFDd0FJZ0J1QUdFQWJRQmxBQ0lBT2dBaUFFZ0Fid0J0QUdVQUlBQlFBR0VBWndCbEFDQUFMUUFnQUUwQWVRQWdBRUVBVXdCUUFDNEFUZ0JGQUZRQUlBQkJBSEFBY0FCc0FHa0FZd0JoQUhRQWFRQnZBRzRBSWdBc0FDSUFkUUJ5QUd3QUlnQTZBQ0lBYUFCMEFIUUFjQUE2QUM4QUx3QnJBRzBBWVFCakFHc0FZUUJwQUdRQUxnQmhBSG9BZFFCeUFHVUFkd0JsQUdJQWN3QnBBSFFBWlFCekFDNEFiZ0JsQUhRQUx3QWlBQ3dBSWdCa0FIVUFjZ0JoQUhRQWFRQnZBRzRBSWdBNkFDSUFNQUF3QURvQU1BQXdBRG9BTUFBd0FDNEFNd0E1QURJQUlnQjlBSDBBZlFBc0FIc0FJZ0IwQUdrQWJRQmxBQ0lBT2dBaUFESUFNQUF4QURZQUxRQXhBREVBTFFBd0FEa0FWQUF3QURBQU9nQXpBRFFBT2dBeEFEZ0FMZ0F3QURVQU1BQmFBQ0lBTEFBaUFHa0FTd0JsQUhrQUlnQTZBQ0lBT0FCaUFEUUFNQUJtQURjQU1nQXpBQzBBWXdBeUFEY0FaQUF0QURRQU5RQmxBRGNBTFFCaUFHSUFOZ0JpQUMwQVlRQTFBRGdBTXdBMUFEZ0FPQUF3QURRQU5nQTVBRFlBSWdBc0FDSUFiZ0JoQUcwQVpRQWlBRG9BSWdCTkFHa0FZd0J5QUc4QWN3QnZBR1lBZEFBdUFFRUFjQUJ3QUd3QWFRQmpBR0VBZEFCcEFHOEFiZ0JKQUc0QWN3QnBBR2NBYUFCMEFITUFMZ0E0QUdJQU5BQXdBR1lBTndBeUFETUFZd0F5QURjQVpBQTBBRFVBWlFBM0FHSUFZZ0EyQUdJQVlRQTFBRGdBTXdBMUFEZ0FPQUF3QURRQU5nQTVBRFlBTGdCUUFHRUFad0JsQUhZQWFRQmxBSGNBVUFCbEFISUFaZ0J2QUhJQWJRQmhBRzRBWXdCbEFDSUFMQUFpQUhRQVlRQm5BSE1BSWdBNkFIc0FJZ0JoQUdrQUxnQnpBR1VBY3dCekFHa0Fid0J1QUM0QWFRQmtBQ0lBT2dBaUFFNEFkQUJHQUhFQUt3QWlBQ3dBSWdCaEFHa0FMZ0JrQUdVQWRnQnBBR01BWlFBdUFHa0FaQUFpQURvQUlnQmlBSElBYndCM0FITUFaUUJ5QUNJQUxBQWlBR0VBYVFBdUFHUUFaUUIyQUdrQVl3QmxBQzRBZEFCNUFIQUFaUUFpQURvQUlnQkNBSElBYndCM0FITUFaUUJ5QUNJQUxBQWlBR0VBYVFBdUFHa0FiZ0IwQUdVQWNnQnVBR0VBYkFBdUFITUFaQUJyQUZZQVpRQnlBSE1BYVFCdkFHNEFJZ0E2QUNJQWFnQmhBSFlBWVFCekFHTUFjZ0JwQUhBQWRBQTZBREVBTGdBd0FDNEFOQUFpQUN3QUlnQmhBR2tBTGdCMUFITUFaUUJ5QUM0QWFRQmtBQ0lBT2dBaUFFb0FaZ0JtQUM4QU53QWlBQ3dBSWdCaEFHa0FMZ0J2QUhBQVpRQnlBR0VBZEFCcEFHOEFiZ0F1QUdrQVpBQWlBRG9BSWdCQkFFa0FiQUJJQUVZQUlnQXNBQ0lBWVFCcEFDNEFid0J3QUdVQWNnQmhBSFFBYVFCdkFHNEFMZ0J1QUdFQWJRQmxBQ0lBT2dBaUFDOEFJZ0I5QUN3QUlnQmtBR0VBZEFCaEFDSUFPZ0I3QUNJQVlnQmhBSE1BWlFCVUFIa0FjQUJsQUNJQU9nQWlBRkFBWVFCbkFHVUFkZ0JwQUdVQWR3QlFBR1VBY2dCbUFHOEFjZ0J0QUdFQWJnQmpBR1VBUkFCaEFIUUFZUUFpQUN3QUlnQmlBR0VBY3dCbEFFUUFZUUIwQUdFQUlnQTZBSHNBSWdCMkFHVUFjZ0FpQURvQU1nQXNBQ0lBYmdCaEFHMEFaUUFpQURvQUlnQklBRzhBYlFCbEFDQUFVQUJoQUdjQVpRQWdBQzBBSUFCTkFIa0FJQUJCQUZNQVVBQXVBRTRBUlFCVUFDQUFRUUJ3QUhBQWJBQnBBR01BWVFCMEFHa0Fid0J1QUNJQUxBQWlBSFVBY2dCc0FDSUFPZ0FpQUdnQWRBQjBBSEFBT2dBdkFDOEFhd0J0QUdFQVl3QnJBR0VBYVFCa0FDNEFZUUI2QUhVQWNnQmxBSGNBWlFCaUFITUFhUUIwQUdVQWN3QXVBRzRBWlFCMEFDOEFJZ0FzQUNJQVpBQjFBSElBWVFCMEFHa0Fid0J1QUNJQU9nQWlBREFBTUFBNkFEQUFNQUE2QURBQU1BQXVBRE1BT1FBeUFDSUFMQUFpQUhBQVpRQnlBR1lBVkFCdkFIUUFZUUJzQUNJQU9nQWlBREFBTUFBNkFEQUFNQUE2QURBQU1BQXVBRE1BT1FBeUFDSUFMQUFpQUc0QVpRQjBBSGNBYndCeUFHc0FRd0J2QUc0QWJnQmxBR01BZEFBaUFEb0FJZ0F3QURBQU9nQXdBREFBT2dBd0FEQUFMZ0F3QURBQU5RQWlBQ3dBSWdCekFHVUFiZ0IwQUZJQVpRQnhBSFVBWlFCekFIUUFJZ0E2QUNJQU1BQXdBRG9BTUFBd0FEb0FNQUF3QUM0QU1BQXhBREVBSWdBc0FDSUFjZ0JsQUdNQVpRQnBBSFlBWlFCa0FGSUFaUUJ6QUhBQWJ3QnVBSE1BWlFBaUFEb0FJZ0F3QURBQU9nQXdBREFBT2dBd0FEQUFMZ0F3QURBQU5BQWlBQ3dBSWdCa0FHOEFiUUJRQUhJQWJ3QmpBR1VBY3dCekFHa0FiZ0JuQUNJQU9nQWlBREFBTUFBNkFEQUFNQUE2QURBQU1BQXVBRElBTndBd0FDSUFmUUI5QUgwQVhRQT08L1N0cmluZ0h0dHBCb2R5Pg0KICAgIDwvUmVxdWVzdD4NCiAgICA8UmVxdWVzdCBNZXRob2Q9IkdFVCIgR3VpZD0iNDhlM2EzNGEtMWVhYi00NmE3LTk0OTktODQ2NWY2N2VmNGU4IiBWZXJzaW9uPSIxLjEiIFVybD0iaHR0cDovL2ttYWNrYWlkLmF6dXJld2Vic2l0ZXMubmV0LyIgVGhpbmtUaW1lPSIwIiBUaW1lb3V0PSIzMDAiIFBhcnNlRGVwZW5kZW50UmVxdWVzdHM9IlRydWUiIEZvbGxvd1JlZGlyZWN0cz0iVHJ1ZSIgUmVjb3JkUmVzdWx0PSJUcnVlIiBDYWNoZT0iRmFsc2UiIFJlc3BvbnNlVGltZUdvYWw9IjAiIEVuY29kaW5nPSJ1dGYtOCIgRXhwZWN0ZWRIdHRwU3RhdHVzQ29kZT0iMCIgRXhwZWN0ZWRSZXNwb25zZVVybD0iIiBSZXBvcnRpbmdOYW1lPSIiIElnbm9yZUh0dHBTdGF0dXNDb2RlPSJGYWxzZSI+DQogICAgICA8SGVhZGVycz4NCiAgICAgICAgPEhlYWRlciBOYW1lPSJSZWZlcmVyIiBWYWx1ZT0iaHR0cDovL2ttYWNrYWlkLmF6dXJld2Vic2l0ZXMubmV0LyIgLz4NCiAgICAgIDwvSGVhZGVycz4NCiAgICA8L1JlcXVlc3Q+DQogICAgPFJlcXVlc3QgTWV0aG9kPSJQT1NUIiBHdWlkPSJkZTQ2NWEzNi00ZGFjLTQ0ODQtYTA1My1jN2U3YjM2MTc2MDQiIFZlcnNpb249IjEuMSIgVXJsPSJodHRwczovL2RjLnNlcnZpY2VzLnZpc3VhbHN0dWRpby5jb20vdjIvdHJhY2siIFRoaW5rVGltZT0iMSIgVGltZW91dD0iMzAwIiBQYXJzZURlcGVuZGVudFJlcXVlc3RzPSJUcnVlIiBGb2xsb3dSZWRpcmVjdHM9IlRydWUiIFJlY29yZFJlc3VsdD0iVHJ1ZSIgQ2FjaGU9IkZhbHNlIiBSZXNwb25zZVRpbWVHb2FsPSIwIiBFbmNvZGluZz0idXRmLTgiIEV4cGVjdGVkSHR0cFN0YXR1c0NvZGU9IjAiIEV4cGVjdGVkUmVzcG9uc2VVcmw9IiIgUmVwb3J0aW5nTmFtZT0iIiBJZ25vcmVIdHRwU3RhdHVzQ29kZT0iRmFsc2UiPg0KICAgICAgPEhlYWRlcnM+DQogICAgICAgIDxIZWFkZXIgTmFtZT0iUmVmZXJlciIgVmFsdWU9Imh0dHA6Ly9rbWFja2FpZC5henVyZXdlYnNpdGVzLm5ldC8iIC8+DQogICAgICA8L0hlYWRlcnM+DQogICAgICA8U3RyaW5nSHR0cEJvZHkgQ29udGVudFR5cGU9ImFwcGxpY2F0aW9uL2pzb24iIEluc2VydEJ5dGVPcmRlck1hcms9IkZhbHNlIj5Xd0I3QUNJQWRBQnBBRzBBWlFBaUFEb0FJZ0F5QURBQU1RQTJBQzBBTVFBeEFDMEFNQUE1QUZRQU1BQXdBRG9BTXdBMEFEb0FNZ0F4QUM0QU1nQXpBRFFBV2dBaUFDd0FJZ0JwQUVzQVpRQjVBQ0lBT2dBaUFEZ0FZZ0EwQURBQVpnQTNBRElBTXdBdEFHTUFNZ0EzQUdRQUxRQTBBRFVBWlFBM0FDMEFZZ0JpQURZQVlnQXRBR0VBTlFBNEFETUFOUUE0QURnQU1BQTBBRFlBT1FBMkFDSUFMQUFpQUc0QVlRQnRBR1VBSWdBNkFDSUFUUUJwQUdNQWNnQnZBSE1BYndCbUFIUUFMZ0JCQUhBQWNBQnNBR2tBWXdCaEFIUUFhUUJ2QUc0QVNRQnVBSE1BYVFCbkFHZ0FkQUJ6QUM0QU9BQmlBRFFBTUFCbUFEY0FNZ0F6QUdNQU1nQTNBR1FBTkFBMUFHVUFOd0JpQUdJQU5nQmlBR0VBTlFBNEFETUFOUUE0QURnQU1BQTBBRFlBT1FBMkFDNEFVQUJoQUdjQVpRQjJBR2tBWlFCM0FDSUFMQUFpQUhRQVlRQm5BSE1BSWdBNkFIc0FJZ0JoQUdrQUxnQnpBR1VBY3dCekFHa0Fid0J1QUM0QWFRQmtBQ0lBT2dBaUFFNEFkQUJHQUhFQUt3QWlBQ3dBSWdCaEFHa0FMZ0JrQUdVQWRnQnBBR01BWlFBdUFHa0FaQUFpQURvQUlnQmlBSElBYndCM0FITUFaUUJ5QUNJQUxBQWlBR0VBYVFBdUFHUUFaUUIyQUdrQVl3QmxBQzRBZEFCNUFIQUFaUUFpQURvQUlnQkNBSElBYndCM0FITUFaUUJ5QUNJQUxBQWlBR0VBYVFBdUFHa0FiZ0IwQUdVQWNnQnVBR0VBYkFBdUFITUFaQUJyQUZZQVpRQnlBSE1BYVFCdkFHNEFJZ0E2QUNJQWFnQmhBSFlBWVFCekFHTUFjZ0JwQUhBQWRBQTZBREVBTGdBd0FDNEFOQUFpQUN3QUlnQmhBR2tBTGdCMUFITUFaUUJ5QUM0QWFRQmtBQ0lBT2dBaUFFb0FaZ0JtQUM4QU53QWlBQ3dBSWdCaEFHa0FMZ0J2QUhBQVpRQnlBR0VBZEFCcEFHOEFiZ0F1QUdrQVpBQWlBRG9BSWdCSUFEQUFjQUJPQUhFQUlnQXNBQ0lBWVFCcEFDNEFid0J3QUdVQWNnQmhBSFFBYVFCdkFHNEFMZ0J1QUdFQWJRQmxBQ0lBT2dBaUFDOEFJZ0I5QUN3QUlnQmtBR0VBZEFCaEFDSUFPZ0I3QUNJQVlnQmhBSE1BWlFCVUFIa0FjQUJsQUNJQU9nQWlBRkFBWVFCbkFHVUFkZ0JwQUdVQWR3QkVBR0VBZEFCaEFDSUFMQUFpQUdJQVlRQnpBR1VBUkFCaEFIUUFZUUFpQURvQWV3QWlBSFlBWlFCeUFDSUFPZ0F5QUN3QUlnQnVBR0VBYlFCbEFDSUFPZ0FpQUVnQWJ3QnRBR1VBSUFCUUFHRUFad0JsQUNBQUxRQWdBRTBBZVFBZ0FFRUFVd0JRQUM0QVRnQkZBRlFBSUFCQkFIQUFjQUJzQUdrQVl3QmhBSFFBYVFCdkFHNEFJZ0FzQUNJQWRRQnlBR3dBSWdBNkFDSUFhQUIwQUhRQWNBQTZBQzhBTHdCckFHMEFZUUJqQUdzQVlRQnBBR1FBTGdCaEFIb0FkUUJ5QUdVQWR3QmxBR0lBY3dCcEFIUUFaUUJ6QUM0QWJnQmxBSFFBTHdBaUFDd0FJZ0JrQUhVQWNnQmhBSFFBYVFCdkFHNEFJZ0E2QUNJQU1BQXdBRG9BTUFBd0FEb0FNQUF3QUM0QU1nQTVBRElBSWdCOUFIMEFmUUFzQUhzQUlnQjBBR2tBYlFCbEFDSUFPZ0FpQURJQU1BQXhBRFlBTFFBeEFERUFMUUF3QURrQVZBQXdBREFBT2dBekFEUUFPZ0F5QURFQUxnQXlBRE1BT1FCYUFDSUFMQUFpQUdrQVN3QmxBSGtBSWdBNkFDSUFPQUJpQURRQU1BQm1BRGNBTWdBekFDMEFZd0F5QURjQVpBQXRBRFFBTlFCbEFEY0FMUUJpQUdJQU5nQmlBQzBBWVFBMUFEZ0FNd0ExQURnQU9BQXdBRFFBTmdBNUFEWUFJZ0FzQUNJQWJnQmhBRzBBWlFBaUFEb0FJZ0JOQUdrQVl3QnlBRzhBY3dCdkFHWUFkQUF1QUVFQWNBQndBR3dBYVFCakFHRUFkQUJwQUc4QWJnQkpBRzRBY3dCcEFHY0FhQUIwQUhNQUxnQTRBR0lBTkFBd0FHWUFOd0F5QURNQVl3QXlBRGNBWkFBMEFEVUFaUUEzQUdJQVlnQTJBR0lBWVFBMUFEZ0FNd0ExQURnQU9BQXdBRFFBTmdBNUFEWUFMZ0JRQUdFQVp3QmxBSFlBYVFCbEFIY0FVQUJsQUhJQVpnQnZBSElBYlFCaEFHNEFZd0JsQUNJQUxBQWlBSFFBWVFCbkFITUFJZ0E2QUhzQUlnQmhBR2tBTGdCekFHVUFjd0J6QUdrQWJ3QnVBQzRBYVFCa0FDSUFPZ0FpQUU0QWRBQkdBSEVBS3dBaUFDd0FJZ0JoQUdrQUxnQmtBR1VBZGdCcEFHTUFaUUF1QUdrQVpBQWlBRG9BSWdCaUFISUFid0IzQUhNQVpRQnlBQ0lBTEFBaUFHRUFhUUF1QUdRQVpRQjJBR2tBWXdCbEFDNEFkQUI1QUhBQVpRQWlBRG9BSWdCQ0FISUFid0IzQUhNQVpRQnlBQ0lBTEFBaUFHRUFhUUF1QUdrQWJnQjBBR1VBY2dCdUFHRUFiQUF1QUhNQVpBQnJBRllBWlFCeUFITUFhUUJ2QUc0QUlnQTZBQ0lBYWdCaEFIWUFZUUJ6QUdNQWNnQnBBSEFBZEFBNkFERUFMZ0F3QUM0QU5BQWlBQ3dBSWdCaEFHa0FMZ0IxQUhNQVpRQnlBQzRBYVFCa0FDSUFPZ0FpQUVvQVpnQm1BQzhBTndBaUFDd0FJZ0JoQUdrQUxnQnZBSEFBWlFCeUFHRUFkQUJwQUc4QWJnQXVBR2tBWkFBaUFEb0FJZ0JJQURBQWNBQk9BSEVBSWdBc0FDSUFZUUJwQUM0QWJ3QndBR1VBY2dCaEFIUUFhUUJ2QUc0QUxnQnVBR0VBYlFCbEFDSUFPZ0FpQUM4QUlnQjlBQ3dBSWdCa0FHRUFkQUJoQUNJQU9nQjdBQ0lBWWdCaEFITUFaUUJVQUhrQWNBQmxBQ0lBT2dBaUFGQUFZUUJuQUdVQWRnQnBBR1VBZHdCUUFHVUFjZ0JtQUc4QWNnQnRBR0VBYmdCakFHVUFSQUJoQUhRQVlRQWlBQ3dBSWdCaUFHRUFjd0JsQUVRQVlRQjBBR0VBSWdBNkFIc0FJZ0IyQUdVQWNnQWlBRG9BTWdBc0FDSUFiZ0JoQUcwQVpRQWlBRG9BSWdCSUFHOEFiUUJsQUNBQVVBQmhBR2NBWlFBZ0FDMEFJQUJOQUhrQUlBQkJBRk1BVUFBdUFFNEFSUUJVQUNBQVFRQndBSEFBYkFCcEFHTUFZUUIwQUdrQWJ3QnVBQ0lBTEFBaUFIVUFjZ0JzQUNJQU9nQWlBR2dBZEFCMEFIQUFPZ0F2QUM4QWF3QnRBR0VBWXdCckFHRUFhUUJrQUM0QVlRQjZBSFVBY2dCbEFIY0FaUUJpQUhNQWFRQjBBR1VBY3dBdUFHNEFaUUIwQUM4QUlnQXNBQ0lBWkFCMUFISUFZUUIwQUdrQWJ3QnVBQ0lBT2dBaUFEQUFNQUE2QURBQU1BQTZBREFBTUFBdUFESUFPUUF5QUNJQUxBQWlBSEFBWlFCeUFHWUFWQUJ2QUhRQVlRQnNBQ0lBT2dBaUFEQUFNQUE2QURBQU1BQTZBREFBTUFBdUFESUFPUUF5QUNJQUxBQWlBRzRBWlFCMEFIY0Fid0J5QUdzQVF3QnZBRzRBYmdCbEFHTUFkQUFpQURvQUlnQXdBREFBT2dBd0FEQUFPZ0F3QURBQUxnQXdBREFBTWdBaUFDd0FJZ0J6QUdVQWJnQjBBRklBWlFCeEFIVUFaUUJ6QUhRQUlnQTZBQ0lBTUFBd0FEb0FNQUF3QURvQU1BQXdBQzRBTUFBd0FEVUFJZ0FzQUNJQWNnQmxBR01BWlFCcEFIWUFaUUJrQUZJQVpRQnpBSEFBYndCdUFITUFaUUFpQURvQUlnQXdBREFBT2dBd0FEQUFPZ0F3QURBQUxnQXdBREFBTWdBaUFDd0FJZ0JrQUc4QWJRQlFBSElBYndCakFHVUFjd0J6QUdrQWJnQm5BQ0lBT2dBaUFEQUFNQUE2QURBQU1BQTZBREFBTUFBdUFESUFNd0F4QUNJQWZRQjlBSDBBWFFBPTwvU3RyaW5nSHR0cEJvZHk+DQogICAgPC9SZXF1ZXN0Pg0KICAgIDxSZXF1ZXN0IE1ldGhvZD0iR0VUIiBHdWlkPSJkYjlkNjNlMy05MTYwLTQ5ZmYtYjQwNi02NGQ1YzY0NmEzMDYiIFZlcnNpb249IjEuMSIgVXJsPSJodHRwOi8va21hY2thaWQuYXp1cmV3ZWJzaXRlcy5uZXQvSG9tZS9BYm91dCIgVGhpbmtUaW1lPSIwIiBUaW1lb3V0PSIzMDAiIFBhcnNlRGVwZW5kZW50UmVxdWVzdHM9IlRydWUiIEZvbGxvd1JlZGlyZWN0cz0iVHJ1ZSIgUmVjb3JkUmVzdWx0PSJUcnVlIiBDYWNoZT0iRmFsc2UiIFJlc3BvbnNlVGltZUdvYWw9IjAiIEVuY29kaW5nPSJ1dGYtOCIgRXhwZWN0ZWRIdHRwU3RhdHVzQ29kZT0iMCIgRXhwZWN0ZWRSZXNwb25zZVVybD0iIiBSZXBvcnRpbmdOYW1lPSIiIElnbm9yZUh0dHBTdGF0dXNDb2RlPSJGYWxzZSI+DQogICAgICA8SGVhZGVycz4NCiAgICAgICAgPEhlYWRlciBOYW1lPSJSZWZlcmVyIiBWYWx1ZT0iaHR0cDovL2ttYWNrYWlkLmF6dXJld2Vic2l0ZXMubmV0LyIgLz4NCiAgICAgIDwvSGVhZGVycz4NCiAgICA8L1JlcXVlc3Q+DQogICAgPFJlcXVlc3QgTWV0aG9kPSJQT1NUIiBHdWlkPSJlMTIzNTYyYy1mMjI4LTQxNjgtYmU4Ni05OGQzOWU3ODExMWMiIFZlcnNpb249IjEuMSIgVXJsPSJodHRwczovL2RjLnNlcnZpY2VzLnZpc3VhbHN0dWRpby5jb20vdjIvdHJhY2siIFRoaW5rVGltZT0iMiIgVGltZW91dD0iMzAwIiBQYXJzZURlcGVuZGVudFJlcXVlc3RzPSJUcnVlIiBGb2xsb3dSZWRpcmVjdHM9IlRydWUiIFJlY29yZFJlc3VsdD0iVHJ1ZSIgQ2FjaGU9IkZhbHNlIiBSZXNwb25zZVRpbWVHb2FsPSIwIiBFbmNvZGluZz0idXRmLTgiIEV4cGVjdGVkSHR0cFN0YXR1c0NvZGU9IjAiIEV4cGVjdGVkUmVzcG9uc2VVcmw9IiIgUmVwb3J0aW5nTmFtZT0iIiBJZ25vcmVIdHRwU3RhdHVzQ29kZT0iRmFsc2UiPg0KICAgICAgPEhlYWRlcnM+DQogICAgICAgIDxIZWFkZXIgTmFtZT0iUmVmZXJlciIgVmFsdWU9Imh0dHA6Ly9rbWFja2FpZC5henVyZXdlYnNpdGVzLm5ldC9Ib21lL0Fib3V0IiAvPg0KICAgICAgPC9IZWFkZXJzPg0KICAgICAgPFN0cmluZ0h0dHBCb2R5IENvbnRlbnRUeXBlPSJhcHBsaWNhdGlvbi9qc29uIiBJbnNlcnRCeXRlT3JkZXJNYXJrPSJGYWxzZSI+V3dCN0FDSUFkQUJwQUcwQVpRQWlBRG9BSWdBeUFEQUFNUUEyQUMwQU1RQXhBQzBBTUFBNUFGUUFNQUF3QURvQU13QTBBRG9BTWdBeUFDNEFOd0ExQURrQVdnQWlBQ3dBSWdCcEFFc0FaUUI1QUNJQU9nQWlBRGdBWWdBMEFEQUFaZ0EzQURJQU13QXRBR01BTWdBM0FHUUFMUUEwQURVQVpRQTNBQzBBWWdCaUFEWUFZZ0F0QUdFQU5RQTRBRE1BTlFBNEFEZ0FNQUEwQURZQU9RQTJBQ0lBTEFBaUFHNEFZUUJ0QUdVQUlnQTZBQ0lBVFFCcEFHTUFjZ0J2QUhNQWJ3Qm1BSFFBTGdCQkFIQUFjQUJzQUdrQVl3QmhBSFFBYVFCdkFHNEFTUUJ1QUhNQWFRQm5BR2dBZEFCekFDNEFPQUJpQURRQU1BQm1BRGNBTWdBekFHTUFNZ0EzQUdRQU5BQTFBR1VBTndCaUFHSUFOZ0JpQUdFQU5RQTRBRE1BTlFBNEFEZ0FNQUEwQURZQU9RQTJBQzRBVUFCaEFHY0FaUUIyQUdrQVpRQjNBQ0lBTEFBaUFIUUFZUUJuQUhNQUlnQTZBSHNBSWdCaEFHa0FMZ0J6QUdVQWN3QnpBR2tBYndCdUFDNEFhUUJrQUNJQU9nQWlBRTRBZEFCR0FIRUFLd0FpQUN3QUlnQmhBR2tBTGdCa0FHVUFkZ0JwQUdNQVpRQXVBR2tBWkFBaUFEb0FJZ0JpQUhJQWJ3QjNBSE1BWlFCeUFDSUFMQUFpQUdFQWFRQXVBR1FBWlFCMkFHa0FZd0JsQUM0QWRBQjVBSEFBWlFBaUFEb0FJZ0JDQUhJQWJ3QjNBSE1BWlFCeUFDSUFMQUFpQUdFQWFRQXVBR2tBYmdCMEFHVUFjZ0J1QUdFQWJBQXVBSE1BWkFCckFGWUFaUUJ5QUhNQWFRQnZBRzRBSWdBNkFDSUFhZ0JoQUhZQVlRQnpBR01BY2dCcEFIQUFkQUE2QURFQUxnQXdBQzRBTkFBaUFDd0FJZ0JoQUdrQUxnQjFBSE1BWlFCeUFDNEFhUUJrQUNJQU9nQWlBRW9BWmdCbUFDOEFOd0FpQUN3QUlnQmhBR2tBTGdCdkFIQUFaUUJ5QUdFQWRBQnBBRzhBYmdBdUFHa0FaQUFpQURvQUlnQnVBRlVBYmdCUUFIWUFJZ0FzQUNJQVlRQnBBQzRBYndCd0FHVUFjZ0JoQUhRQWFRQnZBRzRBTGdCdUFHRUFiUUJsQUNJQU9nQWlBQzhBU0FCdkFHMEFaUUF2QUVFQVlnQnZBSFVBZEFBaUFIMEFMQUFpQUdRQVlRQjBBR0VBSWdBNkFIc0FJZ0JpQUdFQWN3QmxBRlFBZVFCd0FHVUFJZ0E2QUNJQVVBQmhBR2NBWlFCMkFHa0FaUUIzQUVRQVlRQjBBR0VBSWdBc0FDSUFZZ0JoQUhNQVpRQkVBR0VBZEFCaEFDSUFPZ0I3QUNJQWRnQmxBSElBSWdBNkFESUFMQUFpQUc0QVlRQnRBR1VBSWdBNkFDSUFRUUJpQUc4QWRRQjBBQ0FBTFFBZ0FFMEFlUUFnQUVFQVV3QlFBQzRBVGdCRkFGUUFJQUJCQUhBQWNBQnNBR2tBWXdCaEFIUUFhUUJ2QUc0QUlnQXNBQ0lBZFFCeUFHd0FJZ0E2QUNJQWFBQjBBSFFBY0FBNkFDOEFMd0JyQUcwQVlRQmpBR3NBWVFCcEFHUUFMZ0JoQUhvQWRRQnlBR1VBZHdCbEFHSUFjd0JwQUhRQVpRQnpBQzRBYmdCbEFIUUFMd0JJQUc4QWJRQmxBQzhBUVFCaUFHOEFkUUIwQUNJQUxBQWlBR1FBZFFCeUFHRUFkQUJwQUc4QWJnQWlBRG9BSWdBd0FEQUFPZ0F3QURBQU9nQXdBREFBTGdBMkFEZ0FNQUFpQUgwQWZRQjlBQ3dBZXdBaUFIUUFhUUJ0QUdVQUlnQTZBQ0lBTWdBd0FERUFOZ0F0QURFQU1RQXRBREFBT1FCVUFEQUFNQUE2QURNQU5BQTZBRElBTWdBdUFEY0FOZ0E0QUZvQUlnQXNBQ0lBYVFCTEFHVUFlUUFpQURvQUlnQTRBR0lBTkFBd0FHWUFOd0F5QURNQUxRQmpBRElBTndCa0FDMEFOQUExQUdVQU53QXRBR0lBWWdBMkFHSUFMUUJoQURVQU9BQXpBRFVBT0FBNEFEQUFOQUEyQURrQU5nQWlBQ3dBSWdCdUFHRUFiUUJsQUNJQU9nQWlBRTBBYVFCakFISUFid0J6QUc4QVpnQjBBQzRBUVFCd0FIQUFiQUJwQUdNQVlRQjBBR2tBYndCdUFFa0FiZ0J6QUdrQVp3Qm9BSFFBY3dBdUFEZ0FZZ0EwQURBQVpnQTNBRElBTXdCakFESUFOd0JrQURRQU5RQmxBRGNBWWdCaUFEWUFZZ0JoQURVQU9BQXpBRFVBT0FBNEFEQUFOQUEyQURrQU5nQXVBRkFBWVFCbkFHVUFkZ0JwQUdVQWR3QlFBR1VBY2dCbUFHOEFjZ0J0QUdFQWJnQmpBR1VBSWdBc0FDSUFkQUJoQUdjQWN3QWlBRG9BZXdBaUFHRUFhUUF1QUhNQVpRQnpBSE1BYVFCdkFHNEFMZ0JwQUdRQUlnQTZBQ0lBVGdCMEFFWUFjUUFyQUNJQUxBQWlBR0VBYVFBdUFHUUFaUUIyQUdrQVl3QmxBQzRBYVFCa0FDSUFPZ0FpQUdJQWNnQnZBSGNBY3dCbEFISUFJZ0FzQUNJQVlRQnBBQzRBWkFCbEFIWUFhUUJqQUdVQUxnQjBBSGtBY0FCbEFDSUFPZ0FpQUVJQWNnQnZBSGNBY3dCbEFISUFJZ0FzQUNJQVlRQnBBQzRBYVFCdUFIUUFaUUJ5QUc0QVlRQnNBQzRBY3dCa0FHc0FWZ0JsQUhJQWN3QnBBRzhBYmdBaUFEb0FJZ0JxQUdFQWRnQmhBSE1BWXdCeUFHa0FjQUIwQURvQU1RQXVBREFBTGdBMEFDSUFMQUFpQUdFQWFRQXVBSFVBY3dCbEFISUFMZ0JwQUdRQUlnQTZBQ0lBU2dCbUFHWUFMd0EzQUNJQUxBQWlBR0VBYVFBdUFHOEFjQUJsQUhJQVlRQjBBR2tBYndCdUFDNEFhUUJrQUNJQU9nQWlBRzRBVlFCdUFGQUFkZ0FpQUN3QUlnQmhBR2tBTGdCdkFIQUFaUUJ5QUdFQWRBQnBBRzhBYmdBdUFHNEFZUUJ0QUdVQUlnQTZBQ0lBTHdCSUFHOEFiUUJsQUM4QVFRQmlBRzhBZFFCMEFDSUFmUUFzQUNJQVpBQmhBSFFBWVFBaUFEb0Fld0FpQUdJQVlRQnpBR1VBVkFCNUFIQUFaUUFpQURvQUlnQlFBR0VBWndCbEFIWUFhUUJsQUhjQVVBQmxBSElBWmdCdkFISUFiUUJoQUc0QVl3QmxBRVFBWVFCMEFHRUFJZ0FzQUNJQVlnQmhBSE1BWlFCRUFHRUFkQUJoQUNJQU9nQjdBQ0lBZGdCbEFISUFJZ0E2QURJQUxBQWlBRzRBWVFCdEFHVUFJZ0E2QUNJQVFRQmlBRzhBZFFCMEFDQUFMUUFnQUUwQWVRQWdBRUVBVXdCUUFDNEFUZ0JGQUZRQUlBQkJBSEFBY0FCc0FHa0FZd0JoQUhRQWFRQnZBRzRBSWdBc0FDSUFkUUJ5QUd3QUlnQTZBQ0lBYUFCMEFIUUFjQUE2QUM4QUx3QnJBRzBBWVFCakFHc0FZUUJwQUdRQUxnQmhBSG9BZFFCeUFHVUFkd0JsQUdJQWN3QnBBSFFBWlFCekFDNEFiZ0JsQUhRQUx3QklBRzhBYlFCbEFDOEFRUUJpQUc4QWRRQjBBQ0lBTEFBaUFHUUFkUUJ5QUdFQWRBQnBBRzhBYmdBaUFEb0FJZ0F3QURBQU9nQXdBREFBT2dBd0FEQUFMZ0EyQURnQU1BQWlBQ3dBSWdCd0FHVUFjZ0JtQUZRQWJ3QjBBR0VBYkFBaUFEb0FJZ0F3QURBQU9nQXdBREFBT2dBd0FEQUFMZ0EyQURnQU1BQWlBQ3dBSWdCdUFHVUFkQUIzQUc4QWNnQnJBRU1BYndCdUFHNEFaUUJqQUhRQUlnQTZBQ0lBTUFBd0FEb0FNQUF3QURvQU1BQXdBQzRBTUFBd0FESUFJZ0FzQUNJQWN3QmxBRzRBZEFCU0FHVUFjUUIxQUdVQWN3QjBBQ0lBT2dBaUFEQUFNQUE2QURBQU1BQTZBREFBTUFBdUFEQUFNQUF6QUNJQUxBQWlBSElBWlFCakFHVUFhUUIyQUdVQVpBQlNBR1VBY3dCd0FHOEFiZ0J6QUdVQUlnQTZBQ0lBTUFBd0FEb0FNQUF3QURvQU1BQXdBQzRBTUFBd0FESUFJZ0FzQUNJQVpBQnZBRzBBVUFCeUFHOEFZd0JsQUhNQWN3QnBBRzRBWndBaUFEb0FJZ0F3QURBQU9nQXdBREFBT2dBd0FEQUFMZ0F5QURFQU13QWlBSDBBZlFCOUFGMEE8L1N0cmluZ0h0dHBCb2R5Pg0KICAgIDwvUmVxdWVzdD4NCiAgICA8UmVxdWVzdCBNZXRob2Q9IkdFVCIgR3VpZD0iMzg4MjcwNjAtYWU2Ny00MDVkLWJlYTMtMWE1ZTlhNTQ0OTNiIiBWZXJzaW9uPSIxLjEiIFVybD0iaHR0cDovL2ttYWNrYWlkLmF6dXJld2Vic2l0ZXMubmV0L0hvbWUvQ29udGFjdCIgVGhpbmtUaW1lPSIwIiBUaW1lb3V0PSIzMDAiIFBhcnNlRGVwZW5kZW50UmVxdWVzdHM9IlRydWUiIEZvbGxvd1JlZGlyZWN0cz0iVHJ1ZSIgUmVjb3JkUmVzdWx0PSJUcnVlIiBDYWNoZT0iRmFsc2UiIFJlc3BvbnNlVGltZUdvYWw9IjAiIEVuY29kaW5nPSJ1dGYtOCIgRXhwZWN0ZWRIdHRwU3RhdHVzQ29kZT0iMCIgRXhwZWN0ZWRSZXNwb25zZVVybD0iIiBSZXBvcnRpbmdOYW1lPSIiIElnbm9yZUh0dHBTdGF0dXNDb2RlPSJGYWxzZSI+DQogICAgICA8SGVhZGVycz4NCiAgICAgICAgPEhlYWRlciBOYW1lPSJSZWZlcmVyIiBWYWx1ZT0iaHR0cDovL2ttYWNrYWlkLmF6dXJld2Vic2l0ZXMubmV0L0hvbWUvQWJvdXQiIC8+DQogICAgICA8L0hlYWRlcnM+DQogICAgPC9SZXF1ZXN0Pg0KICAgIDxSZXF1ZXN0IE1ldGhvZD0iUE9TVCIgR3VpZD0iM2Y0NTMyZDQtYTc0Ny00NDVlLThmMTQtOGEzMmVjNmMxMDhlIiBWZXJzaW9uPSIxLjEiIFVybD0iaHR0cHM6Ly9kYy5zZXJ2aWNlcy52aXN1YWxzdHVkaW8uY29tL3YyL3RyYWNrIiBUaGlua1RpbWU9IjMiIFRpbWVvdXQ9IjMwMCIgUGFyc2VEZXBlbmRlbnRSZXF1ZXN0cz0iVHJ1ZSIgRm9sbG93UmVkaXJlY3RzPSJUcnVlIiBSZWNvcmRSZXN1bHQ9IlRydWUiIENhY2hlPSJGYWxzZSIgUmVzcG9uc2VUaW1lR29hbD0iMCIgRW5jb2Rpbmc9InV0Zi04IiBFeHBlY3RlZEh0dHBTdGF0dXNDb2RlPSIwIiBFeHBlY3RlZFJlc3BvbnNlVXJsPSIiIFJlcG9ydGluZ05hbWU9IiIgSWdub3JlSHR0cFN0YXR1c0NvZGU9IkZhbHNlIj4NCiAgICAgIDxIZWFkZXJzPg0KICAgICAgICA8SGVhZGVyIE5hbWU9IlJlZmVyZXIiIFZhbHVlPSJodHRwOi8va21hY2thaWQuYXp1cmV3ZWJzaXRlcy5uZXQvSG9tZS9Db250YWN0IiAvPg0KICAgICAgPC9IZWFkZXJzPg0KICAgICAgPFN0cmluZ0h0dHBCb2R5IENvbnRlbnRUeXBlPSJhcHBsaWNhdGlvbi9qc29uIiBJbnNlcnRCeXRlT3JkZXJNYXJrPSJGYWxzZSI+V3dCN0FDSUFkQUJwQUcwQVpRQWlBRG9BSWdBeUFEQUFNUUEyQUMwQU1RQXhBQzBBTUFBNUFGUUFNQUF3QURvQU13QTBBRG9BTWdBMUFDNEFNd0ExQURjQVdnQWlBQ3dBSWdCcEFFc0FaUUI1QUNJQU9nQWlBRGdBWWdBMEFEQUFaZ0EzQURJQU13QXRBR01BTWdBM0FHUUFMUUEwQURVQVpRQTNBQzBBWWdCaUFEWUFZZ0F0QUdFQU5RQTRBRE1BTlFBNEFEZ0FNQUEwQURZQU9RQTJBQ0lBTEFBaUFHNEFZUUJ0QUdVQUlnQTZBQ0lBVFFCcEFHTUFjZ0J2QUhNQWJ3Qm1BSFFBTGdCQkFIQUFjQUJzQUdrQVl3QmhBSFFBYVFCdkFHNEFTUUJ1QUhNQWFRQm5BR2dBZEFCekFDNEFPQUJpQURRQU1BQm1BRGNBTWdBekFHTUFNZ0EzQUdRQU5BQTFBR1VBTndCaUFHSUFOZ0JpQUdFQU5RQTRBRE1BTlFBNEFEZ0FNQUEwQURZQU9RQTJBQzRBVUFCaEFHY0FaUUIyQUdrQVpRQjNBQ0lBTEFBaUFIUUFZUUJuQUhNQUlnQTZBSHNBSWdCaEFHa0FMZ0J6QUdVQWN3QnpBR2tBYndCdUFDNEFhUUJrQUNJQU9nQWlBRTRBZEFCR0FIRUFLd0FpQUN3QUlnQmhBR2tBTGdCa0FHVUFkZ0JwQUdNQVpRQXVBR2tBWkFBaUFEb0FJZ0JpQUhJQWJ3QjNBSE1BWlFCeUFDSUFMQUFpQUdFQWFRQXVBR1FBWlFCMkFHa0FZd0JsQUM0QWRBQjVBSEFBWlFBaUFEb0FJZ0JDQUhJQWJ3QjNBSE1BWlFCeUFDSUFMQUFpQUdFQWFRQXVBR2tBYmdCMEFHVUFjZ0J1QUdFQWJBQXVBSE1BWkFCckFGWUFaUUJ5QUhNQWFRQnZBRzRBSWdBNkFDSUFhZ0JoQUhZQVlRQnpBR01BY2dCcEFIQUFkQUE2QURFQUxnQXdBQzRBTkFBaUFDd0FJZ0JoQUdrQUxnQjFBSE1BWlFCeUFDNEFhUUJrQUNJQU9nQWlBRW9BWmdCbUFDOEFOd0FpQUN3QUlnQmhBR2tBTGdCdkFIQUFaUUJ5QUdFQWRBQnBBRzhBYmdBdUFHa0FaQUFpQURvQUlnQkxBR1VBVFFCTEFFa0FJZ0FzQUNJQVlRQnBBQzRBYndCd0FHVUFjZ0JoQUhRQWFRQnZBRzRBTGdCdUFHRUFiUUJsQUNJQU9nQWlBQzhBU0FCdkFHMEFaUUF2QUVNQWJ3QnVBSFFBWVFCakFIUUFJZ0I5QUN3QUlnQmtBR0VBZEFCaEFDSUFPZ0I3QUNJQVlnQmhBSE1BWlFCVUFIa0FjQUJsQUNJQU9nQWlBRkFBWVFCbkFHVUFkZ0JwQUdVQWR3QkVBR0VBZEFCaEFDSUFMQUFpQUdJQVlRQnpBR1VBUkFCaEFIUUFZUUFpQURvQWV3QWlBSFlBWlFCeUFDSUFPZ0F5QUN3QUlnQnVBR0VBYlFCbEFDSUFPZ0FpQUVNQWJ3QnVBSFFBWVFCakFIUUFJQUF0QUNBQVRRQjVBQ0FBUVFCVEFGQUFMZ0JPQUVVQVZBQWdBRUVBY0FCd0FHd0FhUUJqQUdFQWRBQnBBRzhBYmdBaUFDd0FJZ0IxQUhJQWJBQWlBRG9BSWdCb0FIUUFkQUJ3QURvQUx3QXZBR3NBYlFCaEFHTUFhd0JoQUdrQVpBQXVBR0VBZWdCMUFISUFaUUIzQUdVQVlnQnpBR2tBZEFCbEFITUFMZ0J1QUdVQWRBQXZBRWdBYndCdEFHVUFMd0JEQUc4QWJnQjBBR0VBWXdCMEFDSUFMQUFpQUdRQWRRQnlBR0VBZEFCcEFHOEFiZ0FpQURvQUlnQXdBREFBT2dBd0FEQUFPZ0F3QURBQUxnQTJBRGtBT0FBaUFIMEFmUUI5QUN3QWV3QWlBSFFBYVFCdEFHVUFJZ0E2QUNJQU1nQXdBREVBTmdBdEFERUFNUUF0QURBQU9RQlVBREFBTUFBNkFETUFOQUE2QURJQU5RQXVBRE1BTmdBeUFGb0FJZ0FzQUNJQWFRQkxBR1VBZVFBaUFEb0FJZ0E0QUdJQU5BQXdBR1lBTndBeUFETUFMUUJqQURJQU53QmtBQzBBTkFBMUFHVUFOd0F0QUdJQVlnQTJBR0lBTFFCaEFEVUFPQUF6QURVQU9BQTRBREFBTkFBMkFEa0FOZ0FpQUN3QUlnQnVBR0VBYlFCbEFDSUFPZ0FpQUUwQWFRQmpBSElBYndCekFHOEFaZ0IwQUM0QVFRQndBSEFBYkFCcEFHTUFZUUIwQUdrQWJ3QnVBRWtBYmdCekFHa0Fad0JvQUhRQWN3QXVBRGdBWWdBMEFEQUFaZ0EzQURJQU13QmpBRElBTndCa0FEUUFOUUJsQURjQVlnQmlBRFlBWWdCaEFEVUFPQUF6QURVQU9BQTRBREFBTkFBMkFEa0FOZ0F1QUZBQVlRQm5BR1VBZGdCcEFHVUFkd0JRQUdVQWNnQm1BRzhBY2dCdEFHRUFiZ0JqQUdVQUlnQXNBQ0lBZEFCaEFHY0Fjd0FpQURvQWV3QWlBR0VBYVFBdUFITUFaUUJ6QUhNQWFRQnZBRzRBTGdCcEFHUUFJZ0E2QUNJQVRnQjBBRVlBY1FBckFDSUFMQUFpQUdFQWFRQXVBR1FBWlFCMkFHa0FZd0JsQUM0QWFRQmtBQ0lBT2dBaUFHSUFjZ0J2QUhjQWN3QmxBSElBSWdBc0FDSUFZUUJwQUM0QVpBQmxBSFlBYVFCakFHVUFMZ0IwQUhrQWNBQmxBQ0lBT2dBaUFFSUFjZ0J2QUhjQWN3QmxBSElBSWdBc0FDSUFZUUJwQUM0QWFRQnVBSFFBWlFCeUFHNEFZUUJzQUM0QWN3QmtBR3NBVmdCbEFISUFjd0JwQUc4QWJnQWlBRG9BSWdCcUFHRUFkZ0JoQUhNQVl3QnlBR2tBY0FCMEFEb0FNUUF1QURBQUxnQTBBQ0lBTEFBaUFHRUFhUUF1QUhVQWN3QmxBSElBTGdCcEFHUUFJZ0E2QUNJQVNnQm1BR1lBTHdBM0FDSUFMQUFpQUdFQWFRQXVBRzhBY0FCbEFISUFZUUIwQUdrQWJ3QnVBQzRBYVFCa0FDSUFPZ0FpQUVzQVpRQk5BRXNBU1FBaUFDd0FJZ0JoQUdrQUxnQnZBSEFBWlFCeUFHRUFkQUJwQUc4QWJnQXVBRzRBWVFCdEFHVUFJZ0E2QUNJQUx3QklBRzhBYlFCbEFDOEFRd0J2QUc0QWRBQmhBR01BZEFBaUFIMEFMQUFpQUdRQVlRQjBBR0VBSWdBNkFIc0FJZ0JpQUdFQWN3QmxBRlFBZVFCd0FHVUFJZ0E2QUNJQVVBQmhBR2NBWlFCMkFHa0FaUUIzQUZBQVpRQnlBR1lBYndCeUFHMEFZUUJ1QUdNQVpRQkVBR0VBZEFCaEFDSUFMQUFpQUdJQVlRQnpBR1VBUkFCaEFIUUFZUUFpQURvQWV3QWlBSFlBWlFCeUFDSUFPZ0F5QUN3QUlnQnVBR0VBYlFCbEFDSUFPZ0FpQUVNQWJ3QnVBSFFBWVFCakFIUUFJQUF0QUNBQVRRQjVBQ0FBUVFCVEFGQUFMZ0JPQUVVQVZBQWdBRUVBY0FCd0FHd0FhUUJqQUdFQWRBQnBBRzhBYmdBaUFDd0FJZ0IxQUhJQWJBQWlBRG9BSWdCb0FIUUFkQUJ3QURvQUx3QXZBR3NBYlFCaEFHTUFhd0JoQUdrQVpBQXVBR0VBZWdCMUFISUFaUUIzQUdVQVlnQnpBR2tBZEFCbEFITUFMZ0J1QUdVQWRBQXZBRWdBYndCdEFHVUFMd0JEQUc4QWJnQjBBR0VBWXdCMEFDSUFMQUFpQUdRQWRRQnlBR0VBZEFCcEFHOEFiZ0FpQURvQUlnQXdBREFBT2dBd0FEQUFPZ0F3QURBQUxnQTJBRGtBT0FBaUFDd0FJZ0J3QUdVQWNnQm1BRlFBYndCMEFHRUFiQUFpQURvQUlnQXdBREFBT2dBd0FEQUFPZ0F3QURBQUxnQTJBRGtBT0FBaUFDd0FJZ0J1QUdVQWRBQjNBRzhBY2dCckFFTUFid0J1QUc0QVpRQmpBSFFBSWdBNkFDSUFNQUF3QURvQU1BQXdBRG9BTUFBd0FDNEFNQUF3QURJQUlnQXNBQ0lBY3dCbEFHNEFkQUJTQUdVQWNRQjFBR1VBY3dCMEFDSUFPZ0FpQURBQU1BQTZBREFBTUFBNkFEQUFNQUF1QURBQU1BQTVBQ0lBTEFBaUFISUFaUUJqQUdVQWFRQjJBR1VBWkFCU0FHVUFjd0J3QUc4QWJnQnpBR1VBSWdBNkFDSUFNQUF3QURvQU1BQXdBRG9BTUFBd0FDNEFNQUF3QURVQUlnQXNBQ0lBWkFCdkFHMEFVQUJ5QUc4QVl3QmxBSE1BY3dCcEFHNEFad0FpQURvQUlnQXdBREFBT2dBd0FEQUFPZ0F3QURBQUxnQXlBRElBTVFBaUFIMEFmUUI5QUYwQTwvU3RyaW5nSHR0cEJvZHk+DQogICAgPC9SZXF1ZXN0Pg0KICAgIDxSZXF1ZXN0IE1ldGhvZD0iR0VUIiBHdWlkPSJmZDQ3OGZkZC1iOWMwLTQ5ZDQtYjkxYi1hNjkwMWViNDc3M2MiIFZlcnNpb249IjEuMSIgVXJsPSJodHRwOi8va21hY2thaWQuYXp1cmV3ZWJzaXRlcy5uZXQvU2VhcmNoIiBUaGlua1RpbWU9IjAiIFRpbWVvdXQ9IjMwMCIgUGFyc2VEZXBlbmRlbnRSZXF1ZXN0cz0iVHJ1ZSIgRm9sbG93UmVkaXJlY3RzPSJUcnVlIiBSZWNvcmRSZXN1bHQ9IlRydWUiIENhY2hlPSJGYWxzZSIgUmVzcG9uc2VUaW1lR29hbD0iMCIgRW5jb2Rpbmc9InV0Zi04IiBFeHBlY3RlZEh0dHBTdGF0dXNDb2RlPSIwIiBFeHBlY3RlZFJlc3BvbnNlVXJsPSIiIFJlcG9ydGluZ05hbWU9IiIgSWdub3JlSHR0cFN0YXR1c0NvZGU9IkZhbHNlIj4NCiAgICAgIDxIZWFkZXJzPg0KICAgICAgICA8SGVhZGVyIE5hbWU9IlJlZmVyZXIiIFZhbHVlPSJodHRwOi8va21hY2thaWQuYXp1cmV3ZWJzaXRlcy5uZXQvSG9tZS9Db250YWN0IiAvPg0KICAgICAgPC9IZWFkZXJzPg0KICAgIDwvUmVxdWVzdD4NCiAgICA8UmVxdWVzdCBNZXRob2Q9IlBPU1QiIEd1aWQ9ImI2ZTEyY2UwLTNjNjMtNDI0MC1hY2VkLWRhOTBlZWVlYmFmYyIgVmVyc2lvbj0iMS4xIiBVcmw9Imh0dHBzOi8vZGMuc2VydmljZXMudmlzdWFsc3R1ZGlvLmNvbS92Mi90cmFjayIgVGhpbmtUaW1lPSI1IiBUaW1lb3V0PSIzMDAiIFBhcnNlRGVwZW5kZW50UmVxdWVzdHM9IlRydWUiIEZvbGxvd1JlZGlyZWN0cz0iVHJ1ZSIgUmVjb3JkUmVzdWx0PSJUcnVlIiBDYWNoZT0iRmFsc2UiIFJlc3BvbnNlVGltZUdvYWw9IjAiIEVuY29kaW5nPSJ1dGYtOCIgRXhwZWN0ZWRIdHRwU3RhdHVzQ29kZT0iMCIgRXhwZWN0ZWRSZXNwb25zZVVybD0iIiBSZXBvcnRpbmdOYW1lPSIiIElnbm9yZUh0dHBTdGF0dXNDb2RlPSJGYWxzZSI+DQogICAgICA8SGVhZGVycz4NCiAgICAgICAgPEhlYWRlciBOYW1lPSJSZWZlcmVyIiBWYWx1ZT0iaHR0cDovL2ttYWNrYWlkLmF6dXJld2Vic2l0ZXMubmV0L1NlYXJjaCIgLz4NCiAgICAgIDwvSGVhZGVycz4NCiAgICAgIDxTdHJpbmdIdHRwQm9keSBDb250ZW50VHlwZT0iYXBwbGljYXRpb24vanNvbiIgSW5zZXJ0Qnl0ZU9yZGVyTWFyaz0iRmFsc2UiPld3QjdBQ0lBZEFCcEFHMEFaUUFpQURvQUlnQXlBREFBTVFBMkFDMEFNUUF4QUMwQU1BQTVBRlFBTUFBd0FEb0FNd0EwQURvQU13QXhBQzRBTXdBMUFERUFXZ0FpQUN3QUlnQnBBRXNBWlFCNUFDSUFPZ0FpQURnQVlnQTBBREFBWmdBM0FESUFNd0F0QUdNQU1nQTNBR1FBTFFBMEFEVUFaUUEzQUMwQVlnQmlBRFlBWWdBdEFHRUFOUUE0QURNQU5RQTRBRGdBTUFBMEFEWUFPUUEyQUNJQUxBQWlBRzRBWVFCdEFHVUFJZ0E2QUNJQVRRQnBBR01BY2dCdkFITUFid0JtQUhRQUxnQkJBSEFBY0FCc0FHa0FZd0JoQUhRQWFRQnZBRzRBU1FCdUFITUFhUUJuQUdnQWRBQnpBQzRBT0FCaUFEUUFNQUJtQURjQU1nQXpBR01BTWdBM0FHUUFOQUExQUdVQU53QmlBR0lBTmdCaUFHRUFOUUE0QURNQU5RQTRBRGdBTUFBMEFEWUFPUUEyQUM0QVVBQmhBR2NBWlFCMkFHa0FaUUIzQUNJQUxBQWlBSFFBWVFCbkFITUFJZ0E2QUhzQUlnQmhBR2tBTGdCekFHVUFjd0J6QUdrQWJ3QnVBQzRBYVFCa0FDSUFPZ0FpQUU0QWRBQkdBSEVBS3dBaUFDd0FJZ0JoQUdrQUxnQmtBR1VBZGdCcEFHTUFaUUF1QUdrQVpBQWlBRG9BSWdCaUFISUFid0IzQUhNQVpRQnlBQ0lBTEFBaUFHRUFhUUF1QUdRQVpRQjJBR2tBWXdCbEFDNEFkQUI1QUhBQVpRQWlBRG9BSWdCQ0FISUFid0IzQUhNQVpRQnlBQ0lBTEFBaUFHRUFhUUF1QUdrQWJnQjBBR1VBY2dCdUFHRUFiQUF1QUhNQVpBQnJBRllBWlFCeUFITUFhUUJ2QUc0QUlnQTZBQ0lBYWdCaEFIWUFZUUJ6QUdNQWNnQnBBSEFBZEFBNkFERUFMZ0F3QUM0QU5BQWlBQ3dBSWdCaEFHa0FMZ0IxQUhNQVpRQnlBQzRBYVFCa0FDSUFPZ0FpQUVvQVpnQm1BQzhBTndBaUFDd0FJZ0JoQUdrQUxnQnZBSEFBWlFCeUFHRUFkQUJwQUc4QWJnQXVBR2tBWkFBaUFEb0FJZ0JoQURNQU1RQXdBRmdBSWdBc0FDSUFZUUJwQUM0QWJ3QndBR1VBY2dCaEFIUUFhUUJ2QUc0QUxnQnVBR0VBYlFCbEFDSUFPZ0FpQUM4QVV3QmxBR0VBY2dCakFHZ0FJZ0I5QUN3QUlnQmtBR0VBZEFCaEFDSUFPZ0I3QUNJQVlnQmhBSE1BWlFCVUFIa0FjQUJsQUNJQU9nQWlBRkFBWVFCbkFHVUFkZ0JwQUdVQWR3QkVBR0VBZEFCaEFDSUFMQUFpQUdJQVlRQnpBR1VBUkFCaEFIUUFZUUFpQURvQWV3QWlBSFlBWlFCeUFDSUFPZ0F5QUN3QUlnQnVBR0VBYlFCbEFDSUFPZ0FpQUVrQWJnQmtBR1VBZUFBZ0FDMEFJQUJOQUhrQUlBQkJBRk1BVUFBdUFFNEFSUUJVQUNBQVFRQndBSEFBYkFCcEFHTUFZUUIwQUdrQWJ3QnVBQ0lBTEFBaUFIVUFjZ0JzQUNJQU9nQWlBR2dBZEFCMEFIQUFPZ0F2QUM4QWF3QnRBR0VBWXdCckFHRUFhUUJrQUM0QVlRQjZBSFVBY2dCbEFIY0FaUUJpQUhNQWFRQjBBR1VBY3dBdUFHNEFaUUIwQUM4QVV3QmxBR0VBY2dCakFHZ0FJZ0FzQUNJQVpBQjFBSElBWVFCMEFHa0Fid0J1QUNJQU9nQWlBREFBTUFBNkFEQUFNQUE2QURBQU1nQXVBRFFBTXdBM0FDSUFmUUI5QUgwQUxBQjdBQ0lBZEFCcEFHMEFaUUFpQURvQUlnQXlBREFBTVFBMkFDMEFNUUF4QUMwQU1BQTVBRlFBTUFBd0FEb0FNd0EwQURvQU13QXhBQzRBTXdBMUFEa0FXZ0FpQUN3QUlnQnBBRXNBWlFCNUFDSUFPZ0FpQURnQVlnQTBBREFBWmdBM0FESUFNd0F0QUdNQU1nQTNBR1FBTFFBMEFEVUFaUUEzQUMwQVlnQmlBRFlBWWdBdEFHRUFOUUE0QURNQU5RQTRBRGdBTUFBMEFEWUFPUUEyQUNJQUxBQWlBRzRBWVFCdEFHVUFJZ0E2QUNJQVRRQnBBR01BY2dCdkFITUFid0JtQUhRQUxnQkJBSEFBY0FCc0FHa0FZd0JoQUhRQWFRQnZBRzRBU1FCdUFITUFhUUJuQUdnQWRBQnpBQzRBT0FCaUFEUUFNQUJtQURjQU1nQXpBR01BTWdBM0FHUUFOQUExQUdVQU53QmlBR0lBTmdCaUFHRUFOUUE0QURNQU5RQTRBRGdBTUFBMEFEWUFPUUEyQUM0QVVBQmhBR2NBWlFCMkFHa0FaUUIzQUZBQVpRQnlBR1lBYndCeUFHMEFZUUJ1QUdNQVpRQWlBQ3dBSWdCMEFHRUFad0J6QUNJQU9nQjdBQ0lBWVFCcEFDNEFjd0JsQUhNQWN3QnBBRzhBYmdBdUFHa0FaQUFpQURvQUlnQk9BSFFBUmdCeEFDc0FJZ0FzQUNJQVlRQnBBQzRBWkFCbEFIWUFhUUJqQUdVQUxnQnBBR1FBSWdBNkFDSUFZZ0J5QUc4QWR3QnpBR1VBY2dBaUFDd0FJZ0JoQUdrQUxnQmtBR1VBZGdCcEFHTUFaUUF1QUhRQWVRQndBR1VBSWdBNkFDSUFRZ0J5QUc4QWR3QnpBR1VBY2dBaUFDd0FJZ0JoQUdrQUxnQnBBRzRBZEFCbEFISUFiZ0JoQUd3QUxnQnpBR1FBYXdCV0FHVUFjZ0J6QUdrQWJ3QnVBQ0lBT2dBaUFHb0FZUUIyQUdFQWN3QmpBSElBYVFCd0FIUUFPZ0F4QUM0QU1BQXVBRFFBSWdBc0FDSUFZUUJwQUM0QWRRQnpBR1VBY2dBdUFHa0FaQUFpQURvQUlnQktBR1lBWmdBdkFEY0FJZ0FzQUNJQVlRQnBBQzRBYndCd0FHVUFjZ0JoQUhRQWFRQnZBRzRBTGdCcEFHUUFJZ0E2QUNJQVlRQXpBREVBTUFCWUFDSUFMQUFpQUdFQWFRQXVBRzhBY0FCbEFISUFZUUIwQUdrQWJ3QnVBQzRBYmdCaEFHMEFaUUFpQURvQUlnQXZBRk1BWlFCaEFISUFZd0JvQUNJQWZRQXNBQ0lBWkFCaEFIUUFZUUFpQURvQWV3QWlBR0lBWVFCekFHVUFWQUI1QUhBQVpRQWlBRG9BSWdCUUFHRUFad0JsQUhZQWFRQmxBSGNBVUFCbEFISUFaZ0J2QUhJQWJRQmhBRzRBWXdCbEFFUUFZUUIwQUdFQUlnQXNBQ0lBWWdCaEFITUFaUUJFQUdFQWRBQmhBQ0lBT2dCN0FDSUFkZ0JsQUhJQUlnQTZBRElBTEFBaUFHNEFZUUJ0QUdVQUlnQTZBQ0lBU1FCdUFHUUFaUUI0QUNBQUxRQWdBRTBBZVFBZ0FFRUFVd0JRQUM0QVRnQkZBRlFBSUFCQkFIQUFjQUJzQUdrQVl3QmhBSFFBYVFCdkFHNEFJZ0FzQUNJQWRRQnlBR3dBSWdBNkFDSUFhQUIwQUhRQWNBQTZBQzhBTHdCckFHMEFZUUJqQUdzQVlRQnBBR1FBTGdCaEFIb0FkUUJ5QUdVQWR3QmxBR0lBY3dCcEFIUUFaUUJ6QUM0QWJnQmxBSFFBTHdCVEFHVUFZUUJ5QUdNQWFBQWlBQ3dBSWdCa0FIVUFjZ0JoQUhRQWFRQnZBRzRBSWdBNkFDSUFNQUF3QURvQU1BQXdBRG9BTUFBeUFDNEFOQUF6QURjQUlnQXNBQ0lBY0FCbEFISUFaZ0JVQUc4QWRBQmhBR3dBSWdBNkFDSUFNQUF3QURvQU1BQXdBRG9BTUFBeUFDNEFOQUF6QURjQUlnQXNBQ0lBYmdCbEFIUUFkd0J2QUhJQWF3QkRBRzhBYmdCdUFHVUFZd0IwQUNJQU9nQWlBREFBTUFBNkFEQUFNQUE2QURBQU1BQXVBREFBTUFBeEFDSUFMQUFpQUhNQVpRQnVBSFFBVWdCbEFIRUFkUUJsQUhNQWRBQWlBRG9BSWdBd0FEQUFPZ0F3QURBQU9nQXdBREFBTGdBd0FEQUFPUUFpQUN3QUlnQnlBR1VBWXdCbEFHa0FkZ0JsQUdRQVVnQmxBSE1BY0FCdkFHNEFjd0JsQUNJQU9nQWlBREFBTUFBNkFEQUFNQUE2QURBQU1BQXVBREFBTUFBMEFDSUFMQUFpQUdRQWJ3QnRBRkFBY2dCdkFHTUFaUUJ6QUhNQWFRQnVBR2NBSWdBNkFDSUFNQUF3QURvQU1BQXdBRG9BTUFBd0FDNEFNZ0F4QURjQUlnQjlBSDBBZlFCZEFBPT08L1N0cmluZ0h0dHBCb2R5Pg0KICAgIDwvUmVxdWVzdD4NCiAgICA8UmVxdWVzdCBNZXRob2Q9IlBPU1QiIEd1aWQ9ImIzZjEzNzA0LWI2NjUtNDFlNS05MDg5LWVmOGIxMGY1MmMyNyIgVmVyc2lvbj0iMS4xIiBVcmw9Imh0dHA6Ly9rbWFja2FpZC5henVyZXdlYnNpdGVzLm5ldC9TZWFyY2giIFRoaW5rVGltZT0iMCIgVGltZW91dD0iMzAwIiBQYXJzZURlcGVuZGVudFJlcXVlc3RzPSJUcnVlIiBGb2xsb3dSZWRpcmVjdHM9IlRydWUiIFJlY29yZFJlc3VsdD0iVHJ1ZSIgQ2FjaGU9IkZhbHNlIiBSZXNwb25zZVRpbWVHb2FsPSIwIiBFbmNvZGluZz0idXRmLTgiIEV4cGVjdGVkSHR0cFN0YXR1c0NvZGU9IjAiIEV4cGVjdGVkUmVzcG9uc2VVcmw9IiIgUmVwb3J0aW5nTmFtZT0iIiBJZ25vcmVIdHRwU3RhdHVzQ29kZT0iRmFsc2UiPg0KICAgICAgPEhlYWRlcnM+DQogICAgICAgIDxIZWFkZXIgTmFtZT0iUmVmZXJlciIgVmFsdWU9Imh0dHA6Ly9rbWFja2FpZC5henVyZXdlYnNpdGVzLm5ldC9TZWFyY2giIC8+DQogICAgICA8L0hlYWRlcnM+DQogICAgICA8Rm9ybVBvc3RIdHRwQm9keT4NCiAgICAgICAgPEZvcm1Qb3N0UGFyYW1ldGVyIE5hbWU9IlNlYXJjaFRleHQiIFZhbHVlPSJnb2xkIiBSZWNvcmRlZFZhbHVlPSJnb2xkIiBDb3JyZWxhdGlvbkJpbmRpbmc9IiIgVXJsRW5jb2RlPSJUcnVlIiAvPg0KICAgICAgPC9Gb3JtUG9zdEh0dHBCb2R5Pg0KICAgIDwvUmVxdWVzdD4NCiAgICA8UmVxdWVzdCBNZXRob2Q9IlBPU1QiIEd1aWQ9IjgyMmVmYWFjLTQ1NWEtNDllMi04NjAzLWJhZjMxMWNjNDczZSIgVmVyc2lvbj0iMS4xIiBVcmw9Imh0dHBzOi8vZGMuc2VydmljZXMudmlzdWFsc3R1ZGlvLmNvbS92Mi90cmFjayIgVGhpbmtUaW1lPSIzIiBUaW1lb3V0PSIzMDAiIFBhcnNlRGVwZW5kZW50UmVxdWVzdHM9IlRydWUiIEZvbGxvd1JlZGlyZWN0cz0iVHJ1ZSIgUmVjb3JkUmVzdWx0PSJUcnVlIiBDYWNoZT0iRmFsc2UiIFJlc3BvbnNlVGltZUdvYWw9IjAiIEVuY29kaW5nPSJ1dGYtOCIgRXhwZWN0ZWRIdHRwU3RhdHVzQ29kZT0iMCIgRXhwZWN0ZWRSZXNwb25zZVVybD0iIiBSZXBvcnRpbmdOYW1lPSIiIElnbm9yZUh0dHBTdGF0dXNDb2RlPSJGYWxzZSI+DQogICAgICA8SGVhZGVycz4NCiAgICAgICAgPEhlYWRlciBOYW1lPSJSZWZlcmVyIiBWYWx1ZT0iaHR0cDovL2ttYWNrYWlkLmF6dXJld2Vic2l0ZXMubmV0L1NlYXJjaCIgLz4NCiAgICAgIDwvSGVhZGVycz4NCiAgICAgIDxTdHJpbmdIdHRwQm9keSBDb250ZW50VHlwZT0iYXBwbGljYXRpb24vanNvbiIgSW5zZXJ0Qnl0ZU9yZGVyTWFyaz0iRmFsc2UiPld3QjdBQ0lBZEFCcEFHMEFaUUFpQURvQUlnQXlBREFBTVFBMkFDMEFNUUF4QUMwQU1BQTVBRlFBTUFBd0FEb0FNd0EwQURvQU13QTNBQzRBTWdBd0FEY0FXZ0FpQUN3QUlnQnBBRXNBWlFCNUFDSUFPZ0FpQURnQVlnQTBBREFBWmdBM0FESUFNd0F0QUdNQU1nQTNBR1FBTFFBMEFEVUFaUUEzQUMwQVlnQmlBRFlBWWdBdEFHRUFOUUE0QURNQU5RQTRBRGdBTUFBMEFEWUFPUUEyQUNJQUxBQWlBRzRBWVFCdEFHVUFJZ0E2QUNJQVRRQnBBR01BY2dCdkFITUFid0JtQUhRQUxnQkJBSEFBY0FCc0FHa0FZd0JoQUhRQWFRQnZBRzRBU1FCdUFITUFhUUJuQUdnQWRBQnpBQzRBT0FCaUFEUUFNQUJtQURjQU1nQXpBR01BTWdBM0FHUUFOQUExQUdVQU53QmlBR0lBTmdCaUFHRUFOUUE0QURNQU5RQTRBRGdBTUFBMEFEWUFPUUEyQUM0QVVBQmhBR2NBWlFCMkFHa0FaUUIzQUNJQUxBQWlBSFFBWVFCbkFITUFJZ0E2QUhzQUlnQmhBR2tBTGdCekFHVUFjd0J6QUdrQWJ3QnVBQzRBYVFCa0FDSUFPZ0FpQUU0QWRBQkdBSEVBS3dBaUFDd0FJZ0JoQUdrQUxnQmtBR1VBZGdCcEFHTUFaUUF1QUdrQVpBQWlBRG9BSWdCaUFISUFid0IzQUhNQVpRQnlBQ0lBTEFBaUFHRUFhUUF1QUdRQVpRQjJBR2tBWXdCbEFDNEFkQUI1QUhBQVpRQWlBRG9BSWdCQ0FISUFid0IzQUhNQVpRQnlBQ0lBTEFBaUFHRUFhUUF1QUdrQWJnQjBBR1VBY2dCdUFHRUFiQUF1QUhNQVpBQnJBRllBWlFCeUFITUFhUUJ2QUc0QUlnQTZBQ0lBYWdCaEFIWUFZUUJ6QUdNQWNnQnBBSEFBZEFBNkFERUFMZ0F3QUM0QU5BQWlBQ3dBSWdCaEFHa0FMZ0IxQUhNQVpRQnlBQzRBYVFCa0FDSUFPZ0FpQUVvQVpnQm1BQzhBTndBaUFDd0FJZ0JoQUdrQUxnQnZBSEFBWlFCeUFHRUFkQUJwQUc4QWJnQXVBR2tBWkFBaUFEb0FJZ0J5QURrQVZnQkJBSFlBSWdBc0FDSUFZUUJwQUM0QWJ3QndBR1VBY2dCaEFIUUFhUUJ2QUc0QUxnQnVBR0VBYlFCbEFDSUFPZ0FpQUM4QVV3QmxBR0VBY2dCakFHZ0FJZ0I5QUN3QUlnQmtBR0VBZEFCaEFDSUFPZ0I3QUNJQVlnQmhBSE1BWlFCVUFIa0FjQUJsQUNJQU9nQWlBRkFBWVFCbkFHVUFkZ0JwQUdVQWR3QkVBR0VBZEFCaEFDSUFMQUFpQUdJQVlRQnpBR1VBUkFCaEFIUUFZUUFpQURvQWV3QWlBSFlBWlFCeUFDSUFPZ0F5QUN3QUlnQnVBR0VBYlFCbEFDSUFPZ0FpQUVrQWJnQmtBR1VBZUFBZ0FDMEFJQUJOQUhrQUlBQkJBRk1BVUFBdUFFNEFSUUJVQUNBQVFRQndBSEFBYkFCcEFHTUFZUUIwQUdrQWJ3QnVBQ0lBTEFBaUFIVUFjZ0JzQUNJQU9nQWlBR2dBZEFCMEFIQUFPZ0F2QUM4QWF3QnRBR0VBWXdCckFHRUFhUUJrQUM0QVlRQjZBSFVBY2dCbEFIY0FaUUJpQUhNQWFRQjBBR1VBY3dBdUFHNEFaUUIwQUM4QVV3QmxBR0VBY2dCakFHZ0FJZ0FzQUNJQVpBQjFBSElBWVFCMEFHa0Fid0J1QUNJQU9nQWlBREFBTUFBNkFEQUFNQUE2QURBQU1BQXVBRE1BT1FBMUFDSUFmUUI5QUgwQUxBQjdBQ0lBZEFCcEFHMEFaUUFpQURvQUlnQXlBREFBTVFBMkFDMEFNUUF4QUMwQU1BQTVBRlFBTUFBd0FEb0FNd0EwQURvQU13QTNBQzRBTWdBeEFESUFXZ0FpQUN3QUlnQnBBRXNBWlFCNUFDSUFPZ0FpQURnQVlnQTBBREFBWmdBM0FESUFNd0F0QUdNQU1nQTNBR1FBTFFBMEFEVUFaUUEzQUMwQVlnQmlBRFlBWWdBdEFHRUFOUUE0QURNQU5RQTRBRGdBTUFBMEFEWUFPUUEyQUNJQUxBQWlBRzRBWVFCdEFHVUFJZ0E2QUNJQVRRQnBBR01BY2dCdkFITUFid0JtQUhRQUxnQkJBSEFBY0FCc0FHa0FZd0JoQUhRQWFRQnZBRzRBU1FCdUFITUFhUUJuQUdnQWRBQnpBQzRBT0FCaUFEUUFNQUJtQURjQU1nQXpBR01BTWdBM0FHUUFOQUExQUdVQU53QmlBR0lBTmdCaUFHRUFOUUE0QURNQU5RQTRBRGdBTUFBMEFEWUFPUUEyQUM0QVVBQmhBR2NBWlFCMkFHa0FaUUIzQUZBQVpRQnlBR1lBYndCeUFHMEFZUUJ1QUdNQVpRQWlBQ3dBSWdCMEFHRUFad0J6QUNJQU9nQjdBQ0lBWVFCcEFDNEFjd0JsQUhNQWN3QnBBRzhBYmdBdUFHa0FaQUFpQURvQUlnQk9BSFFBUmdCeEFDc0FJZ0FzQUNJQVlRQnBBQzRBWkFCbEFIWUFhUUJqQUdVQUxnQnBBR1FBSWdBNkFDSUFZZ0J5QUc4QWR3QnpBR1VBY2dBaUFDd0FJZ0JoQUdrQUxnQmtBR1VBZGdCcEFHTUFaUUF1QUhRQWVRQndBR1VBSWdBNkFDSUFRZ0J5QUc4QWR3QnpBR1VBY2dBaUFDd0FJZ0JoQUdrQUxnQnBBRzRBZEFCbEFISUFiZ0JoQUd3QUxnQnpBR1FBYXdCV0FHVUFjZ0J6QUdrQWJ3QnVBQ0lBT2dBaUFHb0FZUUIyQUdFQWN3QmpBSElBYVFCd0FIUUFPZ0F4QUM0QU1BQXVBRFFBSWdBc0FDSUFZUUJwQUM0QWRRQnpBR1VBY2dBdUFHa0FaQUFpQURvQUlnQktBR1lBWmdBdkFEY0FJZ0FzQUNJQVlRQnBBQzRBYndCd0FHVUFjZ0JoQUhRQWFRQnZBRzRBTGdCcEFHUUFJZ0E2QUNJQWNnQTVBRllBUVFCMkFDSUFMQUFpQUdFQWFRQXVBRzhBY0FCbEFISUFZUUIwQUdrQWJ3QnVBQzRBYmdCaEFHMEFaUUFpQURvQUlnQXZBRk1BWlFCaEFISUFZd0JvQUNJQWZRQXNBQ0lBWkFCaEFIUUFZUUFpQURvQWV3QWlBR0lBWVFCekFHVUFWQUI1QUhBQVpRQWlBRG9BSWdCUUFHRUFad0JsQUhZQWFRQmxBSGNBVUFCbEFISUFaZ0J2QUhJQWJRQmhBRzRBWXdCbEFFUUFZUUIwQUdFQUlnQXNBQ0lBWWdCaEFITUFaUUJFQUdFQWRBQmhBQ0lBT2dCN0FDSUFkZ0JsQUhJQUlnQTZBRElBTEFBaUFHNEFZUUJ0QUdVQUlnQTZBQ0lBU1FCdUFHUUFaUUI0QUNBQUxRQWdBRTBBZVFBZ0FFRUFVd0JRQUM0QVRnQkZBRlFBSUFCQkFIQUFjQUJzQUdrQVl3QmhBSFFBYVFCdkFHNEFJZ0FzQUNJQWRRQnlBR3dBSWdBNkFDSUFhQUIwQUhRQWNBQTZBQzhBTHdCckFHMEFZUUJqQUdzQVlRQnBBR1FBTGdCaEFIb0FkUUJ5QUdVQWR3QmxBR0lBY3dCcEFIUUFaUUJ6QUM0QWJnQmxBSFFBTHdCVEFHVUFZUUJ5QUdNQWFBQWlBQ3dBSWdCa0FIVUFjZ0JoQUhRQWFRQnZBRzRBSWdBNkFDSUFNQUF3QURvQU1BQXdBRG9BTUFBd0FDNEFNd0E1QURVQUlnQXNBQ0lBY0FCbEFISUFaZ0JVQUc4QWRBQmhBR3dBSWdBNkFDSUFNQUF3QURvQU1BQXdBRG9BTUFBd0FDNEFNd0E1QURVQUlnQXNBQ0lBYmdCbEFIUUFkd0J2QUhJQWF3QkRBRzhBYmdCdUFHVUFZd0IwQUNJQU9nQWlBREFBTUFBNkFEQUFNQUE2QURBQU1BQXVBREFBTUFBeEFDSUFMQUFpQUhNQVpRQnVBSFFBVWdCbEFIRUFkUUJsQUhNQWRBQWlBRG9BSWdBd0FEQUFPZ0F3QURBQU9nQXdBREFBTGdBeEFEVUFNUUFpQUN3QUlnQnlBR1VBWXdCbEFHa0FkZ0JsQUdRQVVnQmxBSE1BY0FCdkFHNEFjd0JsQUNJQU9nQWlBREFBTUFBNkFEQUFNQUE2QURBQU1BQXVBREFBTUFBNUFDSUFMQUFpQUdRQWJ3QnRBRkFBY2dCdkFHTUFaUUJ6QUhNQWFRQnVBR2NBSWdBNkFDSUFNQUF3QURvQU1BQXdBRG9BTUFBd0FDNEFNZ0F5QURZQUlnQjlBSDBBZlFCZEFBPT08L1N0cmluZ0h0dHBCb2R5Pg0KICAgIDwvUmVxdWVzdD4NCiAgICA8UmVxdWVzdCBNZXRob2Q9IkdFVCIgR3VpZD0iY2QxNzM4Y2QtODkyZi00ZjdhLWEzZTgtMDNkMDlkOGFkMzNiIiBWZXJzaW9uPSIxLjEiIFVybD0iaHR0cDovL2ttYWNrYWlkLmF6dXJld2Vic2l0ZXMubmV0L0FjY291bnREZXRhaWxzIiBUaGlua1RpbWU9IjAiIFRpbWVvdXQ9IjMwMCIgUGFyc2VEZXBlbmRlbnRSZXF1ZXN0cz0iVHJ1ZSIgRm9sbG93UmVkaXJlY3RzPSJUcnVlIiBSZWNvcmRSZXN1bHQ9IlRydWUiIENhY2hlPSJGYWxzZSIgUmVzcG9uc2VUaW1lR29hbD0iMCIgRW5jb2Rpbmc9InV0Zi04IiBFeHBlY3RlZEh0dHBTdGF0dXNDb2RlPSIwIiBFeHBlY3RlZFJlc3BvbnNlVXJsPSIiIFJlcG9ydGluZ05hbWU9IiIgSWdub3JlSHR0cFN0YXR1c0NvZGU9IkZhbHNlIj4NCiAgICAgIDxIZWFkZXJzPg0KICAgICAgICA8SGVhZGVyIE5hbWU9IlJlZmVyZXIiIFZhbHVlPSJodHRwOi8va21hY2thaWQuYXp1cmV3ZWJzaXRlcy5uZXQvU2VhcmNoIiAvPg0KICAgICAgPC9IZWFkZXJzPg0KICAgIDwvUmVxdWVzdD4NCiAgICA8UmVxdWVzdCBNZXRob2Q9IlBPU1QiIEd1aWQ9Ijc2ZWJjOWRkLTAwNTEtNGY4OS1iYjk5LWYzNmI1YTY1ZjY3YyIgVmVyc2lvbj0iMS4xIiBVcmw9Imh0dHBzOi8vZGMuc2VydmljZXMudmlzdWFsc3R1ZGlvLmNvbS92Mi90cmFjayIgVGhpbmtUaW1lPSIwIiBUaW1lb3V0PSIzMDAiIFBhcnNlRGVwZW5kZW50UmVxdWVzdHM9IlRydWUiIEZvbGxvd1JlZGlyZWN0cz0iVHJ1ZSIgUmVjb3JkUmVzdWx0PSJUcnVlIiBDYWNoZT0iRmFsc2UiIFJlc3BvbnNlVGltZUdvYWw9IjAiIEVuY29kaW5nPSJ1dGYtOCIgRXhwZWN0ZWRIdHRwU3RhdHVzQ29kZT0iMCIgRXhwZWN0ZWRSZXNwb25zZVVybD0iIiBSZXBvcnRpbmdOYW1lPSIiIElnbm9yZUh0dHBTdGF0dXNDb2RlPSJGYWxzZSI+DQogICAgICA8SGVhZGVycz4NCiAgICAgICAgPEhlYWRlciBOYW1lPSJSZWZlcmVyIiBWYWx1ZT0iaHR0cDovL2ttYWNrYWlkLmF6dXJld2Vic2l0ZXMubmV0L0FjY291bnREZXRhaWxzIiAvPg0KICAgICAgPC9IZWFkZXJzPg0KICAgICAgPFN0cmluZ0h0dHBCb2R5IENvbnRlbnRUeXBlPSJhcHBsaWNhdGlvbi9qc29uIiBJbnNlcnRCeXRlT3JkZXJNYXJrPSJGYWxzZSI+V3dCN0FDSUFkQUJwQUcwQVpRQWlBRG9BSWdBeUFEQUFNUUEyQUMwQU1RQXhBQzBBTUFBNUFGUUFNQUF3QURvQU13QTBBRG9BTlFBeUFDNEFPUUF5QURJQVdnQWlBQ3dBSWdCcEFFc0FaUUI1QUNJQU9nQWlBRGdBWWdBMEFEQUFaZ0EzQURJQU13QXRBR01BTWdBM0FHUUFMUUEwQURVQVpRQTNBQzBBWWdCaUFEWUFZZ0F0QUdFQU5RQTRBRE1BTlFBNEFEZ0FNQUEwQURZQU9RQTJBQ0lBTEFBaUFHNEFZUUJ0QUdVQUlnQTZBQ0lBVFFCcEFHTUFjZ0J2QUhNQWJ3Qm1BSFFBTGdCQkFIQUFjQUJzQUdrQVl3QmhBSFFBYVFCdkFHNEFTUUJ1QUhNQWFRQm5BR2dBZEFCekFDNEFPQUJpQURRQU1BQm1BRGNBTWdBekFHTUFNZ0EzQUdRQU5BQTFBR1VBTndCaUFHSUFOZ0JpQUdFQU5RQTRBRE1BTlFBNEFEZ0FNQUEwQURZQU9RQTJBQzRBVUFCaEFHY0FaUUIyQUdrQVpRQjNBQ0lBTEFBaUFIUUFZUUJuQUhNQUlnQTZBSHNBSWdCaEFHa0FMZ0J6QUdVQWN3QnpBR2tBYndCdUFDNEFhUUJrQUNJQU9nQWlBRTRBZEFCR0FIRUFLd0FpQUN3QUlnQmhBR2tBTGdCa0FHVUFkZ0JwQUdNQVpRQXVBR2tBWkFBaUFEb0FJZ0JpQUhJQWJ3QjNBSE1BWlFCeUFDSUFMQUFpQUdFQWFRQXVBR1FBWlFCMkFHa0FZd0JsQUM0QWRBQjVBSEFBWlFBaUFEb0FJZ0JDQUhJQWJ3QjNBSE1BWlFCeUFDSUFMQUFpQUdFQWFRQXVBR2tBYmdCMEFHVUFjZ0J1QUdFQWJBQXVBSE1BWkFCckFGWUFaUUJ5QUhNQWFRQnZBRzRBSWdBNkFDSUFhZ0JoQUhZQVlRQnpBR01BY2dCcEFIQUFkQUE2QURFQUxnQXdBQzRBTkFBaUFDd0FJZ0JoQUdrQUxnQjFBSE1BWlFCeUFDNEFhUUJrQUNJQU9nQWlBRW9BWmdCbUFDOEFOd0FpQUN3QUlnQmhBR2tBTGdCdkFIQUFaUUJ5QUdFQWRBQnBBRzhBYmdBdUFHa0FaQUFpQURvQUlnQlVBRlVBVVFCNEFIa0FJZ0FzQUNJQVlRQnBBQzRBYndCd0FHVUFjZ0JoQUhRQWFRQnZBRzRBTGdCdUFHRUFiUUJsQUNJQU9nQWlBQzhBUVFCakFHTUFid0IxQUc0QWRBQkVBR1VBZEFCaEFHa0FiQUJ6QUNJQWZRQXNBQ0lBWkFCaEFIUUFZUUFpQURvQWV3QWlBR0lBWVFCekFHVUFWQUI1QUhBQVpRQWlBRG9BSWdCUUFHRUFad0JsQUhZQWFRQmxBSGNBUkFCaEFIUUFZUUFpQUN3QUlnQmlBR0VBY3dCbEFFUUFZUUIwQUdFQUlnQTZBSHNBSWdCMkFHVUFjZ0FpQURvQU1nQXNBQ0lBYmdCaEFHMEFaUUFpQURvQUlnQkpBRzRBWkFCbEFIZ0FJQUF0QUNBQVRRQjVBQ0FBUVFCVEFGQUFMZ0JPQUVVQVZBQWdBRUVBY0FCd0FHd0FhUUJqQUdFQWRBQnBBRzhBYmdBaUFDd0FJZ0IxQUhJQWJBQWlBRG9BSWdCb0FIUUFkQUJ3QURvQUx3QXZBR3NBYlFCaEFHTUFhd0JoQUdrQVpBQXVBR0VBZWdCMUFISUFaUUIzQUdVQVlnQnpBR2tBZEFCbEFITUFMZ0J1QUdVQWRBQXZBRUVBWXdCakFHOEFkUUJ1QUhRQVJBQmxBSFFBWVFCcEFHd0Fjd0FpQUN3QUlnQmtBSFVBY2dCaEFIUUFhUUJ2QUc0QUlnQTZBQ0lBTUFBd0FEb0FNQUF3QURvQU1RQXlBQzRBTVFBMkFEZ0FJZ0I5QUgwQWZRQXNBSHNBSWdCMEFHa0FiUUJsQUNJQU9nQWlBRElBTUFBeEFEWUFMUUF4QURFQUxRQXdBRGtBVkFBd0FEQUFPZ0F6QURRQU9nQTFBRElBTGdBNUFESUFOd0JhQUNJQUxBQWlBR2tBU3dCbEFIa0FJZ0E2QUNJQU9BQmlBRFFBTUFCbUFEY0FNZ0F6QUMwQVl3QXlBRGNBWkFBdEFEUUFOUUJsQURjQUxRQmlBR0lBTmdCaUFDMEFZUUExQURnQU13QTFBRGdBT0FBd0FEUUFOZ0E1QURZQUlnQXNBQ0lBYmdCaEFHMEFaUUFpQURvQUlnQk5BR2tBWXdCeUFHOEFjd0J2QUdZQWRBQXVBRUVBY0FCd0FHd0FhUUJqQUdFQWRBQnBBRzhBYmdCSkFHNEFjd0JwQUdjQWFBQjBBSE1BTGdBNEFHSUFOQUF3QUdZQU53QXlBRE1BWXdBeUFEY0FaQUEwQURVQVpRQTNBR0lBWWdBMkFHSUFZUUExQURnQU13QTFBRGdBT0FBd0FEUUFOZ0E1QURZQUxnQlFBR0VBWndCbEFIWUFhUUJsQUhjQVVBQmxBSElBWmdCdkFISUFiUUJoQUc0QVl3QmxBQ0lBTEFBaUFIUUFZUUJuQUhNQUlnQTZBSHNBSWdCaEFHa0FMZ0J6QUdVQWN3QnpBR2tBYndCdUFDNEFhUUJrQUNJQU9nQWlBRTRBZEFCR0FIRUFLd0FpQUN3QUlnQmhBR2tBTGdCa0FHVUFkZ0JwQUdNQVpRQXVBR2tBWkFBaUFEb0FJZ0JpQUhJQWJ3QjNBSE1BWlFCeUFDSUFMQUFpQUdFQWFRQXVBR1FBWlFCMkFHa0FZd0JsQUM0QWRBQjVBSEFBWlFBaUFEb0FJZ0JDQUhJQWJ3QjNBSE1BWlFCeUFDSUFMQUFpQUdFQWFRQXVBR2tBYmdCMEFHVUFjZ0J1QUdFQWJBQXVBSE1BWkFCckFGWUFaUUJ5QUhNQWFRQnZBRzRBSWdBNkFDSUFhZ0JoQUhZQVlRQnpBR01BY2dCcEFIQUFkQUE2QURFQUxnQXdBQzRBTkFBaUFDd0FJZ0JoQUdrQUxnQjFBSE1BWlFCeUFDNEFhUUJrQUNJQU9nQWlBRW9BWmdCbUFDOEFOd0FpQUN3QUlnQmhBR2tBTGdCdkFIQUFaUUJ5QUdFQWRBQnBBRzhBYmdBdUFHa0FaQUFpQURvQUlnQlVBRlVBVVFCNEFIa0FJZ0FzQUNJQVlRQnBBQzRBYndCd0FHVUFjZ0JoQUhRQWFRQnZBRzRBTGdCdUFHRUFiUUJsQUNJQU9nQWlBQzhBUVFCakFHTUFid0IxQUc0QWRBQkVBR1VBZEFCaEFHa0FiQUJ6QUNJQWZRQXNBQ0lBWkFCaEFIUUFZUUFpQURvQWV3QWlBR0lBWVFCekFHVUFWQUI1QUhBQVpRQWlBRG9BSWdCUUFHRUFad0JsQUhZQWFRQmxBSGNBVUFCbEFISUFaZ0J2QUhJQWJRQmhBRzRBWXdCbEFFUUFZUUIwQUdFQUlnQXNBQ0lBWWdCaEFITUFaUUJFQUdFQWRBQmhBQ0lBT2dCN0FDSUFkZ0JsQUhJQUlnQTZBRElBTEFBaUFHNEFZUUJ0QUdVQUlnQTZBQ0lBU1FCdUFHUUFaUUI0QUNBQUxRQWdBRTBBZVFBZ0FFRUFVd0JRQUM0QVRnQkZBRlFBSUFCQkFIQUFjQUJzQUdrQVl3QmhBSFFBYVFCdkFHNEFJZ0FzQUNJQWRRQnlBR3dBSWdBNkFDSUFhQUIwQUhRQWNBQTZBQzhBTHdCckFHMEFZUUJqQUdzQVlRQnBBR1FBTGdCaEFIb0FkUUJ5QUdVQWR3QmxBR0lBY3dCcEFIUUFaUUJ6QUM0QWJnQmxBSFFBTHdCQkFHTUFZd0J2QUhVQWJnQjBBRVFBWlFCMEFHRUFhUUJzQUhNQUlnQXNBQ0lBWkFCMUFISUFZUUIwQUdrQWJ3QnVBQ0lBT2dBaUFEQUFNQUE2QURBQU1BQTZBREVBTWdBdUFERUFOZ0E0QUNJQUxBQWlBSEFBWlFCeUFHWUFWQUJ2QUhRQVlRQnNBQ0lBT2dBaUFEQUFNQUE2QURBQU1BQTZBREVBTWdBdUFERUFOZ0E0QUNJQUxBQWlBRzRBWlFCMEFIY0Fid0J5QUdzQVF3QnZBRzRBYmdCbEFHTUFkQUFpQURvQUlnQXdBREFBT2dBd0FEQUFPZ0F3QURBQUxnQXdBREFBTWdBaUFDd0FJZ0J6QUdVQWJnQjBBRklBWlFCeEFIVUFaUUJ6QUhRQUlnQTZBQ0lBTUFBd0FEb0FNQUF3QURvQU1BQXdBQzRBTUFBd0FEUUFJZ0FzQUNJQWNnQmxBR01BWlFCcEFIWUFaUUJrQUZJQVpRQnpBSEFBYndCdUFITUFaUUFpQURvQUlnQXdBREFBT2dBd0FEQUFPZ0F3QURBQUxnQXdBREFBTWdBaUFDd0FJZ0JrQUc4QWJRQlFBSElBYndCakFHVUFjd0J6QUdrQWJnQm5BQ0lBT2dBaUFEQUFNQUE2QURBQU1BQTZBREFBTUFBdUFESUFNQUF6QUNJQWZRQjlBSDBBWFFBPTwvU3RyaW5nSHR0cEJvZHk+DQogICAgPC9SZXF1ZXN0Pg0KICA8L0l0ZW1zPg0KICA8VmFsaWRhdGlvblJ1bGVzPg0KICAgIDxWYWxpZGF0aW9uUnVsZSBDbGFzc25hbWU9Ik1pY3Jvc29mdC5WaXN1YWxTdHVkaW8uVGVzdFRvb2xzLldlYlRlc3RpbmcuUnVsZXMuVmFsaWRhdGVSZXNwb25zZVVybCwgTWljcm9zb2Z0LlZpc3VhbFN0dWRpby5RdWFsaXR5VG9vbHMuV2ViVGVzdEZyYW1ld29yaywgVmVyc2lvbj0xMC4wLjAuMCwgQ3VsdHVyZT1uZXV0cmFsLCBQdWJsaWNLZXlUb2tlbj1iMDNmNWY3ZjExZDUwYTNhIiBEaXNwbGF5TmFtZT0iUmVzcG9uc2UgVVJMIiBEZXNjcmlwdGlvbj0iVmFsaWRhdGVzIHRoYXQgdGhlIHJlc3BvbnNlIFVSTCBhZnRlciByZWRpcmVjdHMgYXJlIGZvbGxvd2VkIGlzIHRoZSBzYW1lIGFzIHRoZSByZWNvcmRlZCByZXNwb25zZSBVUkwuICBRdWVyeVN0cmluZyBwYXJhbWV0ZXJzIGFyZSBpZ25vcmVkLiIgTGV2ZWw9IkxvdyIgRXhlY3R1aW9uT3JkZXI9IkJlZm9yZURlcGVuZGVudHMiIC8+DQogICAgPFZhbGlkYXRpb25SdWxlIENsYXNzbmFtZT0iTWljcm9zb2Z0LlZpc3VhbFN0dWRpby5UZXN0VG9vbHMuV2ViVGVzdGluZy5SdWxlcy5WYWxpZGF0aW9uUnVsZVJlc3BvbnNlVGltZUdvYWwsIE1pY3Jvc29mdC5WaXN1YWxTdHVkaW8uUXVhbGl0eVRvb2xzLldlYlRlc3RGcmFtZXdvcmssIFZlcnNpb249MTAuMC4wLjAsIEN1bHR1cmU9bmV1dHJhbCwgUHVibGljS2V5VG9rZW49YjAzZjVmN2YxMWQ1MGEzYSIgRGlzcGxheU5hbWU9IlJlc3BvbnNlIFRpbWUgR29hbCIgRGVzY3JpcHRpb249IlZhbGlkYXRlcyB0aGF0IHRoZSByZXNwb25zZSB0aW1lIGZvciB0aGUgcmVxdWVzdCBpcyBsZXNzIHRoYW4gb3IgZXF1YWwgdG8gdGhlIHJlc3BvbnNlIHRpbWUgZ29hbCBhcyBzcGVjaWZpZWQgb24gdGhlIHJlcXVlc3QuICBSZXNwb25zZSB0aW1lIGdvYWxzIG9mIHplcm8gd2lsbCBiZSBpZ25vcmVkLiIgTGV2ZWw9IkxvdyIgRXhlY3R1aW9uT3JkZXI9IkFmdGVyRGVwZW5kZW50cyI+DQogICAgICA8UnVsZVBhcmFtZXRlcnM+DQogICAgICAgIDxSdWxlUGFyYW1ldGVyIE5hbWU9IlRvbGVyYW5jZSIgVmFsdWU9IjAiIC8+DQogICAgICA8L1J1bGVQYXJhbWV0ZXJzPg0KICAgIDwvVmFsaWRhdGlvblJ1bGU+DQogIDwvVmFsaWRhdGlvblJ1bGVzPg0KPC9XZWJUZXN0Pg==">
      <Execution id="8a14ddae-a452-40a5-b713-59e2cc7a7d8b" />
    </WebTest>
  </TestDefinitions>
  <TestLists>
    <TestList name="Results Not in a List" id="8c84fa94-04c1-424b-9868-57a2d4851a1d" />
    <TestList name="All Loaded Results" id="19431567-8539-422a-85d7-44ee4e166bda" />
  </TestLists>
  <TestEntries>
    <TestEntry isTransparent="false" testId="6a2b3924-22f4-4f0c-a024-12e8b4c58b8a" executionId="8a14ddae-a452-40a5-b713-59e2cc7a7d8b" testListId="8c84fa94-04c1-424b-9868-57a2d4851a1d" />
  </TestEntries>
  <Results>
    <WebTestResult executionId="8a14ddae-a452-40a5-b713-59e2cc7a7d8b" testId="6a2b3924-22f4-4f0c-a024-12e8b4c58b8a" testName="WebTest1" computerName="KEMACK" duration="00:00:08.1465254" startTime="2016-11-08T19:35:03.0080856-05:00" endTime="2016-11-08T19:35:21.8392736-05:00" testType="4e7599fa-5ecb-43e9-a887-cd63cf72d207" outcome="Passed" testListId="8c84fa94-04c1-424b-9868-57a2d4851a1d" relativeResultsDirectory="8a14ddae-a452-40a5-b713-59e2cc7a7d8b">
      <ResultFiles>
        <ResultFile path="WebTest1.webtestResult" />
      </ResultFiles>
      <TestSettings name="Local" id="10d887a4-c2d1-4de1-a6de-dadd07806082">
        <Description>These are default test settings for a local test run.</Description>
        <Execution>
          <TestTypeSpecific>
            <WebTestRunConfiguration testTypeId="4e7599fa-5ecb-43e9-a887-cd63cf72d207">
              <Browser name="Internet Explorer 9.0" MaxConnections="6">
                <Headers>
                  <Header name="User-Agent" value="Mozilla/5.0 (compatible; MSIE 9.0; Windows NT 6.1; Trident/5.0)" />
                  <Header name="Accept" value="*/*" />
                  <Header name="Accept-Language" value="{{$IEAcceptLanguage}}" />
                  <Header name="Accept-Encoding" value="GZIP" />
                </Headers>
              </Browser>
            </WebTestRunConfiguration>
          </TestTypeSpecific>
          <AgentRule name="Execution Agents">
          </AgentRule>
        </Execution>
        <Deployment runDeploymentRoot="kemack_KEMACK 2016-11-08 19_35_01" />
        <Properties>
          <Property name="TestSettingsUIType" value="LoadTest" />
        </Properties>
      </TestSettings>
      <WebTestResultFilePath>kemack_KEMACK 2016-11-08 19_35_01\In\8a14ddae-a452-40a5-b713-59e2cc7a7d8b\WebTest1.webtestResult</WebTestResultFilePath>
    </WebTestResult>
  </Results>
</TestRun>